2022-12-06 18:45:02,608 INFO     操作人:张三 内部订单id:23896053   XL-男圆领复合-福袋   >>>>>>>>>>>   XL-男圆领复合-麻灰-青年虎黑_KB-CP
2022-12-06 18:45:02,609 INFO     操作人:张三 内部订单id:23896053   XL-男圆领复合-福袋   >>>>>>>>>>>   XL-男圆领复合-米色-JSWL方块人-CP
2022-12-06 18:45:08,071 INFO     操作人:张三 内部订单id:23894812   L-男圆领复合-白色-福袋   >>>>>>>>>>>   L-男圆领复合-白色-国风四宫格-CP
2022-12-06 18:45:08,072 INFO     操作人:张三 内部订单id:23894812   L-男圆领复合-黑色-福袋   >>>>>>>>>>>   L-男圆领复合-黑色-喜乐-CP
2022-12-06 18:45:13,743 INFO     操作人:张三 内部订单id:23894330   M-男圆领毛圈-福袋   >>>>>>>>>>>   M-男圆领毛圈-墨绿-披萨_KB-CP
2022-12-06 18:45:13,744 INFO     操作人:张三 内部订单id:23894330   M-男圆领毛圈-福袋   >>>>>>>>>>>   M-男圆领毛圈-黑色-柠檬水白-CP
2022-12-06 18:45:19,139 INFO     操作人:张三 内部订单id:23891745   XL-男圆领复合-福袋   >>>>>>>>>>>   XL-男圆领复合-米色-JSWL方块人-CP
2022-12-06 18:45:19,139 INFO     操作人:张三 内部订单id:23891745   XL-男圆领复合-福袋   >>>>>>>>>>>   XL-男圆领复合-红色-兔飞云霄-CP
2022-12-06 18:45:24,231 INFO     操作人:张三 内部订单id:23892847   3X-男圆领复合-福袋   >>>>>>>>>>>   3X-男圆领复合-麻灰-大穿越星河_Z-CP
2022-12-06 18:45:24,232 INFO     操作人:张三 内部订单id:23892847   3X-男圆领复合-福袋   >>>>>>>>>>>   3X-男圆领复合-烟粉-骑车侠-CP
2022-12-06 18:45:29,357 INFO     操作人:张三 内部订单id:23893809   2X-男圆领复合-福袋   >>>>>>>>>>>   2X-男圆领复合-姜黄-看鲸小宇大-CP
2022-12-06 18:47:09,997 INFO     操作人:张三 内部订单id:23894330   M-男橡筋米呢长裤-深灰-吊绳宇航员_前左上-CP   >>>>>>>>>>>   M-男橡筋米呢长裤-深灰-圆圈笑脸白_K-CP
2022-12-06 18:47:09,998 INFO     操作人:张三 内部订单id:23894330   M-男圆领毛圈-墨绿-披萨_KB-CP   >>>>>>>>>>>   M-男圆领毛圈-墨绿-减肥虎_K-CP
2022-12-06 18:47:15,641 INFO     操作人:张三 内部订单id:23891745   XL-男圆领复合-红色-兔飞云霄-CP   >>>>>>>>>>>   XL-男圆领复合-红色-笔刷风景-CP
2022-12-06 18:48:01,758 INFO     操作人:张三 内部订单id:23894812   L-男圆领复合-白色-国风四宫格-CP   >>>>>>>>>>>   L-男圆领复合-白色-海岛旅行-CP
2022-12-06 18:48:01,758 INFO     操作人:张三 内部订单id:23894812   L-男圆领复合-黑色-喜乐-CP   >>>>>>>>>>>   L-男圆领复合-黑色-看鲸小宇大-CP
2022-12-06 18:48:40,018 INFO     操作人:张三 内部订单id:23894812   L-男圆领复合-白色-海岛旅行-CP   >>>>>>>>>>>   L-男圆领复合-白色-太空超市-CP
2022-12-06 18:48:40,019 INFO     操作人:张三 内部订单id:23894812   L-男圆领复合-黑色-看鲸小宇大-CP   >>>>>>>>>>>   L-男圆领复合-黑色-复古繁华-CP
2022-12-06 18:49:01,895 INFO     操作人:张三 内部订单id:23894812   L-男圆领复合-白色-太空超市-CP   >>>>>>>>>>>   L-男圆领复合-白色-大穿越星河_Z_前正中-CP
2022-12-06 18:49:19,474 INFO     操作人:张三 内部订单id:23894812   L-男圆领复合-白色-大穿越星河_Z_前正中-CP   >>>>>>>>>>>   L-男圆领复合-白色-幸运之城-CP
2022-12-06 18:49:40,167 INFO     操作人:张三 内部订单id:23894812   L-男圆领复合-白色-幸运之城-CP   >>>>>>>>>>>   L-男圆领复合-白色-宇宙_ZB-CP
2022-12-06 18:52:09,075 INFO     操作人:张三 内部订单id:23897433   S-男连帽复合-福袋   >>>>>>>>>>>   S-男女中长圆领摇粒绒-福袋
2022-12-06 18:52:09,076 INFO     操作人:张三 内部订单id:23897433   S-男连帽毛圈-福袋   >>>>>>>>>>>   S-男女中长圆领摇粒绒-福袋
2022-12-06 18:52:19,078 INFO     操作人:张三 内部订单id:23897046   S-男连帽复合-福袋   >>>>>>>>>>>   S-男女中长圆领摇粒绒-福袋
2022-12-06 18:52:19,079 INFO     操作人:张三 内部订单id:23897046   S-男连帽毛圈-福袋   >>>>>>>>>>>   S-男女中长圆领摇粒绒-福袋
2022-12-06 18:52:35,109 INFO     操作人:张三 内部订单id:23894196   S-男圆领复合-福袋   >>>>>>>>>>>   S-男女中长圆领摇粒绒-福袋
2022-12-06 18:52:35,109 INFO     操作人:张三 内部订单id:23894196   S-男圆领毛圈-福袋   >>>>>>>>>>>   S-男女中长圆领摇粒绒-福袋
2022-12-06 18:52:46,410 INFO     操作人:张三 内部订单id:23894131   2X-男圆领复合-福袋   >>>>>>>>>>>   2X-男女中长圆领摇粒绒-福袋
2022-12-06 18:52:46,411 INFO     操作人:张三 内部订单id:23894131   2X-男圆领毛圈-福袋   >>>>>>>>>>>   2X-男女中长圆领摇粒绒-福袋
2022-12-06 18:54:55,823 INFO     操作人:张三 内部订单id:23898087   L-男圆领复合-福袋   >>>>>>>>>>>   L-男女中长圆领摇粒绒-福袋
2022-12-06 18:54:55,824 INFO     操作人:张三 内部订单id:23898087   L-男圆领毛圈-福袋   >>>>>>>>>>>   L-男女中长圆领摇粒绒-福袋
2022-12-06 18:55:01,007 INFO     操作人:张三 内部订单id:23897206   L-男圆领复合-福袋   >>>>>>>>>>>   L-男女中长圆领摇粒绒-福袋
2022-12-06 18:55:01,007 INFO     操作人:张三 内部订单id:23897206   L-男圆领毛圈-福袋   >>>>>>>>>>>   L-男女中长圆领摇粒绒-福袋
2022-12-06 18:55:05,702 INFO     操作人:张三 内部订单id:23895014   XL-男圆领复合-福袋   >>>>>>>>>>>   XL-男女中长圆领摇粒绒-福袋
2022-12-06 18:55:05,702 INFO     操作人:张三 内部订单id:23895014   XL-男圆领毛圈-福袋   >>>>>>>>>>>   XL-男女中长圆领摇粒绒-福袋
2022-12-06 18:55:11,321 INFO     操作人:张三 内部订单id:23895013   L-男圆领复合-福袋   >>>>>>>>>>>   L-男女中长圆领摇粒绒-福袋
2022-12-06 18:55:11,322 INFO     操作人:张三 内部订单id:23895013   L-男圆领毛圈-福袋   >>>>>>>>>>>   L-男女中长圆领摇粒绒-福袋
2022-12-06 18:55:16,219 INFO     操作人:张三 内部订单id:23894195   L-男圆领复合-福袋   >>>>>>>>>>>   L-男女中长圆领摇粒绒-福袋
2022-12-06 18:55:16,220 INFO     操作人:张三 内部订单id:23894195   L-男圆领毛圈-福袋   >>>>>>>>>>>   L-男女中长圆领摇粒绒-福袋
2022-12-06 18:55:21,057 INFO     操作人:张三 内部订单id:23893803   L-男圆领复合-福袋   >>>>>>>>>>>   L-男女中长圆领摇粒绒-福袋
2022-12-06 18:55:21,058 INFO     操作人:张三 内部订单id:23893803   L-男圆领毛圈-福袋   >>>>>>>>>>>   L-男女中长圆领摇粒绒-福袋
2022-12-06 18:55:25,666 INFO     操作人:张三 内部订单id:23892944   XL-男圆领复合-福袋   >>>>>>>>>>>   XL-男女中长圆领摇粒绒-福袋
2022-12-06 18:55:25,666 INFO     操作人:张三 内部订单id:23892944   XL-男圆领毛圈-福袋   >>>>>>>>>>>   XL-男女中长圆领摇粒绒-福袋
2022-12-06 18:55:50,483 INFO     操作人:张三 内部订单id:23898087   L-男女中长圆领摇粒绒-福袋   >>>>>>>>>>>   L-男女中长圆领摇粒绒-黑色-JWS花瓣字母_Z-CP
2022-12-06 18:55:50,483 INFO     操作人:张三 内部订单id:23898087   L-男女中长圆领摇粒绒-福袋   >>>>>>>>>>>   L-男女中长圆领摇粒绒-白色-星球灌篮_Z-CP
2022-12-06 18:55:55,553 INFO     操作人:张三 内部订单id:23897433   S-男女中长圆领摇粒绒-福袋   >>>>>>>>>>>   S-男女中长圆领摇粒绒-白色-JWS小蓝怪_K-CP
2022-12-06 18:55:55,553 INFO     操作人:张三 内部订单id:23897433   S-男女中长圆领摇粒绒-福袋   >>>>>>>>>>>   S-男女中长圆领摇粒绒-黑色-小狗集合-CP
2022-12-06 18:56:00,087 INFO     操作人:张三 内部订单id:23897206   L-男女中长圆领摇粒绒-福袋   >>>>>>>>>>>   L-男女中长圆领摇粒绒-白色-JWS涂鸦熊_K-CP
2022-12-06 18:56:00,088 INFO     操作人:张三 内部订单id:23897206   L-男女中长圆领摇粒绒-福袋   >>>>>>>>>>>   L-男女中长圆领摇粒绒-白色-一群黄鸭-CP
2022-12-06 18:56:05,528 INFO     操作人:张三 内部订单id:23897046   S-男女中长圆领摇粒绒-福袋   >>>>>>>>>>>   S-男女中长圆领摇粒绒-黑色-小赞虎_K-CP
2022-12-06 18:56:05,537 INFO     操作人:张三 内部订单id:23897046   S-男女中长圆领摇粒绒-福袋   >>>>>>>>>>>   S-男女中长圆领摇粒绒-白色-JWS涂鸦熊_K-CP
2022-12-06 18:56:10,871 INFO     操作人:张三 内部订单id:23895014   XL-男女中长圆领摇粒绒-福袋   >>>>>>>>>>>   XL-男女中长圆领摇粒绒-白色-棒球帽男_K-CP
2022-12-06 18:56:10,872 INFO     操作人:张三 内部订单id:23895014   XL-男女中长圆领摇粒绒-福袋   >>>>>>>>>>>   XL-男女中长圆领摇粒绒-白色-JWS蓝橙字母_K-CP
2022-12-06 18:56:15,737 INFO     操作人:张三 内部订单id:23895013   L-男女中长圆领摇粒绒-福袋   >>>>>>>>>>>   L-男女中长圆领摇粒绒-黑色-车旅-CP
2022-12-06 18:56:15,737 INFO     操作人:张三 内部订单id:23895013   L-男女中长圆领摇粒绒-福袋   >>>>>>>>>>>   L-男女中长圆领摇粒绒-黑色-nasa红白_K-CP
2022-12-06 18:56:20,560 INFO     操作人:张三 内部订单id:23894196   S-男女中长圆领摇粒绒-福袋   >>>>>>>>>>>   S-男女中长圆领摇粒绒-黑色-小胖虎-CP
2022-12-06 18:56:20,561 INFO     操作人:张三 内部订单id:23894196   S-男女中长圆领摇粒绒-福袋   >>>>>>>>>>>   S-男女中长圆领摇粒绒-黑色-眩晕艺术_Z-CP
2022-12-06 18:56:26,046 INFO     操作人:张三 内部订单id:23894195   L-男女中长圆领摇粒绒-福袋   >>>>>>>>>>>   L-男女中长圆领摇粒绒-白色-小蓝怪_K-CP
2022-12-06 18:56:26,047 INFO     操作人:张三 内部订单id:23894195   L-男女中长圆领摇粒绒-福袋   >>>>>>>>>>>   L-男女中长圆领摇粒绒-白色-JWS小蓝怪_K-CP
2022-12-06 18:56:30,605 INFO     操作人:张三 内部订单id:23894131   2X-男女中长圆领摇粒绒-福袋   >>>>>>>>>>>   2X-男女中长圆领摇粒绒-白色-战斗小宇蓝-CP
2022-12-06 18:56:30,606 INFO     操作人:张三 内部订单id:23894131   2X-男女中长圆领摇粒绒-福袋   >>>>>>>>>>>   2X-男女中长圆领摇粒绒-黑色-度假鸭-CP
2022-12-06 18:56:35,893 INFO     操作人:张三 内部订单id:23893803   L-男女中长圆领摇粒绒-福袋   >>>>>>>>>>>   L-男女中长圆领摇粒绒-黑色-像素游戏_Z-CP
2022-12-06 18:56:35,894 INFO     操作人:张三 内部订单id:23893803   L-男女中长圆领摇粒绒-福袋   >>>>>>>>>>>   L-男女中长圆领摇粒绒-黑色-乘风破浪白_K-CP
2022-12-06 18:56:41,182 INFO     操作人:张三 内部订单id:23892944   XL-男女中长圆领摇粒绒-福袋   >>>>>>>>>>>   XL-男女中长圆领摇粒绒-黑色-JWS彩色笔刷_K-CP
2022-12-06 18:56:41,183 INFO     操作人:张三 内部订单id:23892944   XL-男女中长圆领摇粒绒-福袋   >>>>>>>>>>>   XL-男女中长圆领摇粒绒-白色-JWS花瓣字母_Z-CP
