2022-12-11 09:03:44,229 INFO     操作人:张三 内部订单id:23960370   S-男女中长连帽复合-豆绿-福袋   >>>>>>>>>>>   S-男女中长连帽复合-豆绿-摊手老虎-CP
2022-12-11 09:03:49,546 INFO     操作人:张三 内部订单id:23960120   M-男女中长圆领复合-福袋   >>>>>>>>>>>   M-男女中长圆领复合-黑色-看飞机小伙伴-CP
2022-12-11 09:03:54,726 INFO     操作人:张三 内部订单id:23931812   L-男女中长圆领毛圈-米色-福袋   >>>>>>>>>>>   L-男女中长圆领毛圈-米色-水雾街景_ZB-CP
2022-12-11 09:04:00,633 INFO     操作人:张三 内部订单id:23931689   XL-男女复合开衫-米色-福袋   >>>>>>>>>>>   XL-男女复合开衫-米色-爱的便利贴_KB-CP
2022-12-11 09:04:00,634 INFO     操作人:张三 内部订单id:23931689   M-男女中长连帽复合-皮粉-福袋   >>>>>>>>>>>   M-男女中长连帽复合-皮粉-裸熊吐舌头-CP
2022-12-11 09:04:06,027 INFO     操作人:张三 内部订单id:23931687   XL-男女中长圆领复合-藏青-福袋   >>>>>>>>>>>   XL-男女中长圆领复合-藏青-错位视觉-CP
2022-12-11 09:04:12,015 INFO     操作人:张三 内部订单id:23931540   L-男女复合开衫-米色-福袋   >>>>>>>>>>>   L-男女复合开衫-米色-彩色小怪物_KB-CP
2022-12-11 09:04:17,270 INFO     操作人:张三 内部订单id:23931522   3X-男女中长圆领复合-香芋紫-福袋   >>>>>>>>>>>   3X-男女中长圆领复合-香芋紫-teddy_K-CP
2022-12-11 09:04:17,271 INFO     操作人:张三 内部订单id:23931522   3X-男女中长连帽复合-黑色-福袋   >>>>>>>>>>>   3X-男女中长连帽复合-黑色-心跳风暴-CP
2022-12-11 09:04:17,271 INFO     操作人:张三 内部订单id:23931522   3X-男女中长圆领复合-黑色-福袋   >>>>>>>>>>>   3X-男女中长圆领复合-黑色-寻找秘宝-CP
2022-12-11 09:04:24,209 INFO     操作人:张三 内部订单id:23931448   L-男女中长连帽复合-米色-福袋   >>>>>>>>>>>   L-男女中长连帽复合-米色-心跳小猫_KB-CP
2022-12-11 09:04:35,351 INFO     操作人:张三 内部订单id:23931220   XL-男女中长圆领复合-豆绿-福袋   >>>>>>>>>>>   XL-男女中长圆领复合-豆绿-跳跃绵羊-CP
2022-12-11 09:04:35,352 INFO     操作人:张三 内部订单id:23931220   2X-男女复合开衫-米色-福袋   >>>>>>>>>>>   2X-男女复合开衫-米色-早安太阳_K-CP
2022-12-11 09:04:35,352 INFO     操作人:张三 内部订单id:23931220   XL-男女中长圆领复合-深灰-福袋   >>>>>>>>>>>   XL-男女中长圆领复合-深灰-挥舞双手-CP
2022-12-11 09:04:45,999 INFO     操作人:张三 内部订单id:23931173   3X-男女中长圆领复合-黑色-福袋   >>>>>>>>>>>   3X-男女中长圆领复合-黑色-破茧重生-CP
2022-12-11 09:04:51,279 INFO     操作人:张三 内部订单id:23929345   L-男女中长连帽复合-福袋   >>>>>>>>>>>   L-男女中长连帽复合-酒红-享受阳光-CP
2022-12-11 09:04:56,932 INFO     操作人:张三 内部订单id:23929323   2X-男女中长连帽复合-福袋   >>>>>>>>>>>   2X-男女中长连帽复合-黑色-勋章-CP
2022-12-11 09:05:02,407 INFO     操作人:张三 内部订单id:23929269   2X-男女中长连帽复合-福袋   >>>>>>>>>>>   2X-男女中长连帽复合-藏青-烫金虎-CP
2022-12-11 09:05:08,699 INFO     操作人:张三 内部订单id:23929209   XL-男女中长连帽复合-福袋   >>>>>>>>>>>   XL-男女中长连帽复合-黑色-移动星粉白_KB-CP
2022-12-11 09:05:13,735 INFO     操作人:张三 内部订单id:23929170   M-男女中长连帽复合-福袋   >>>>>>>>>>>   M-男女中长连帽复合-米色-帽子家族妈_K-帽子家族妈_B_后正下-CP
2022-12-11 09:05:19,102 INFO     操作人:张三 内部订单id:23927634   L-男女中长连帽复合-福袋   >>>>>>>>>>>   L-男女中长连帽复合-湖蓝-练乳青_KB-CP
2022-12-11 09:05:24,810 INFO     操作人:张三 内部订单id:23927008   M-男女中长连帽复合-米色-福袋   >>>>>>>>>>>   M-男女中长连帽复合-米色-欢乐兔-CP
2022-12-11 09:05:29,936 INFO     操作人:张三 内部订单id:23920674   3X-男女中长圆领复合-米色-福袋   >>>>>>>>>>>   3X-男女中长圆领复合-米色-葡萄酒庄园-CP
2022-12-11 09:09:42,229 INFO     操作人:张三 内部订单id:23931689   M-男女中长连帽复合-皮粉-裸熊吐舌头-CP   >>>>>>>>>>>   M-男女中长连帽复合-皮粉-元气的一天-CP
2022-12-11 09:09:47,197 INFO     操作人:张三 内部订单id:23931522   3X-男女中长圆领复合-香芋紫-teddy_K-CP   >>>>>>>>>>>   3X-男女中长圆领复合-香芋紫-星迹_KB-CP
2022-12-11 09:09:51,820 INFO     操作人:张三 内部订单id:23931424   2X-男女复合开衫-酒红-福袋   >>>>>>>>>>>   2X-男女复合开衫-酒红-如此害羞_KB-CP
2022-12-11 09:09:51,820 INFO     操作人:张三 内部订单id:23931424   XL-男女中长圆领复合-皮粉-福袋   >>>>>>>>>>>   XL-男女中长圆领复合-皮粉-小鹿_KB-CP
2022-12-11 09:09:51,820 INFO     操作人:张三 内部订单id:23931424   XL-男女中长连帽复合-杏色-福袋   >>>>>>>>>>>   XL-男女中长连帽复合-杏色-满心欢喜黑-CP
2022-12-11 09:09:51,821 INFO     操作人:张三 内部订单id:23931424   L-女通抽绳米呢长裤-黑色-福袋   >>>>>>>>>>>   L-女通抽绳米呢长裤-黑色-羞怯熊_K-羞怯熊字_K_前右下-CP
2022-12-11 09:09:51,821 INFO     操作人:张三 内部订单id:23931424   XL-男女复合开衫-米色-福袋   >>>>>>>>>>>   XL-男女复合开衫-米色-登山_KB-CP
2022-12-11 09:09:51,821 INFO     操作人:张三 内部订单id:23931424   XL-男女中长圆领复合-米色-福袋   >>>>>>>>>>>   XL-男女中长圆领复合-米色-麻烦的冒险黑_KB-CP
2022-12-11 09:09:51,821 INFO     操作人:张三 内部订单id:23931424   L-女通抽绳米呢长裤-深灰-福袋   >>>>>>>>>>>   L-女通抽绳米呢长裤-深灰-teddy_K-CP
2022-12-11 09:09:51,822 INFO     操作人:张三 内部订单id:23931424   XL-男女中长连帽复合-酒红-福袋   >>>>>>>>>>>   XL-男女中长连帽复合-酒红-喷溅中国红-CP
2022-12-11 09:10:01,801 INFO     操作人:张三 内部订单id:23931216   3X-男女中长圆领复合-香芋紫-福袋   >>>>>>>>>>>   3X-男女中长圆领复合-香芋紫-晚安月亮_K-CP
2022-12-11 09:10:01,802 INFO     操作人:张三 内部订单id:23931216   2X-男女复合开衫-湖蓝-福袋   >>>>>>>>>>>   2X-男女复合开衫-湖蓝-午后小憩_KB-CP
2022-12-11 09:10:06,687 INFO     操作人:张三 内部订单id:23929209   XL-男女中长连帽复合-黑色-移动星粉白_KB-CP   >>>>>>>>>>>   XL-男女中长连帽复合-黑色-街头艺术家-CP
2022-12-11 09:10:11,422 INFO     操作人:张三 内部订单id:23927634   L-男女中长连帽复合-湖蓝-练乳青_KB-CP   >>>>>>>>>>>   L-男女中长连帽复合-湖蓝-老虎的力量-CP
2022-12-11 09:10:16,994 INFO     操作人:张三 内部订单id:23927008   M-男女中长连帽复合-米色-欢乐兔-CP   >>>>>>>>>>>   M-男女中长连帽复合-米色-心动手枪白-CP
2022-12-11 09:10:22,549 INFO     操作人:张三 内部订单id:23920674   3X-男女中长圆领复合-米色-葡萄酒庄园-CP   >>>>>>>>>>>   3X-男女中长圆领复合-米色-冒险故事-CP
2022-12-11 09:12:09,489 INFO     操作人:张三 内部订单id:23960370   S-男女中长连帽复合-豆绿-摊手老虎-CP   >>>>>>>>>>>   S-男女中长连帽复合-豆绿-复古故事书-CP
2022-12-11 09:12:14,606 INFO     操作人:张三 内部订单id:23960120   M-男女中长圆领复合-黑色-看飞机小伙伴-CP   >>>>>>>>>>>   M-男女中长圆领复合-黑色-海洋天堂正背_KB-CP
2022-12-11 09:12:19,799 INFO     操作人:张三 内部订单id:23931689   M-男女中长连帽复合-皮粉-元气的一天-CP   >>>>>>>>>>>   M-男女中长连帽复合-皮粉-裸熊吐舌头-CP
2022-12-11 09:12:25,025 INFO     操作人:张三 内部订单id:23931522   3X-男女中长圆领复合-香芋紫-星迹_KB-CP   >>>>>>>>>>>   3X-男女中长圆领复合-香芋紫-中国宝贝-CP
2022-12-11 09:12:29,770 INFO     操作人:张三 内部订单id:23931424   XL-男女中长圆领复合-皮粉-小鹿_KB-CP   >>>>>>>>>>>   XL-男女中长圆领复合-皮粉-酒瓶盖-CP
2022-12-11 09:12:29,771 INFO     操作人:张三 内部订单id:23931424   XL-男女中长连帽复合-酒红-喷溅中国红-CP   >>>>>>>>>>>   XL-男女中长连帽复合-酒红-环绕的爱白_KB-CP
2022-12-11 09:12:40,843 INFO     操作人:张三 内部订单id:23931216   3X-男女中长圆领复合-香芋紫-晚安月亮_K-CP   >>>>>>>>>>>   3X-男女中长圆领复合-香芋紫-吉-CP
2022-12-11 09:14:16,819 INFO     操作人:张三 内部订单id:23960370   S-男女中长连帽复合-豆绿-复古故事书-CP   >>>>>>>>>>>   S-男女中长连帽复合-豆绿-郁金香画卷粉_KB-CP
2022-12-11 09:14:22,223 INFO     操作人:张三 内部订单id:23931689   M-男女中长连帽复合-皮粉-裸熊吐舌头-CP   >>>>>>>>>>>   M-男女中长连帽复合-皮粉-元气的一天-CP
2022-12-11 09:14:27,129 INFO     操作人:张三 内部订单id:23931522   3X-男女中长圆领复合-香芋紫-中国宝贝-CP   >>>>>>>>>>>   3X-男女中长圆领复合-香芋紫-背包鸭-CP
2022-12-11 09:14:32,567 INFO     操作人:张三 内部订单id:23931424   XL-男女中长圆领复合-皮粉-酒瓶盖-CP   >>>>>>>>>>>   XL-男女中长圆领复合-皮粉-紫糖果兔-CP
2022-12-11 09:14:37,267 INFO     操作人:张三 内部订单id:23931220   XL-男女中长圆领复合-豆绿-跳跃绵羊-CP   >>>>>>>>>>>   XL-男女中长圆领复合-豆绿-紫霞_K-戏剧紫霞_B-CP
2022-12-11 09:15:44,089 INFO     操作人:张三 内部订单id:23960370   S-男女中长连帽复合-豆绿-郁金香画卷粉_KB-CP   >>>>>>>>>>>   S-男女中长连帽复合-豆绿-旋转白-CP
2022-12-11 09:15:49,438 INFO     操作人:张三 内部订单id:23931689   M-男女中长连帽复合-皮粉-元气的一天-CP   >>>>>>>>>>>   M-男女中长连帽复合-皮粉-裸熊吐舌头-CP
2022-12-11 09:15:54,837 INFO     操作人:张三 内部订单id:23931522   3X-男女中长圆领复合-香芋紫-背包鸭-CP   >>>>>>>>>>>   3X-男女中长圆领复合-香芋紫-晚安月亮_K-CP
2022-12-11 09:16:01,765 INFO     操作人:张三 内部订单id:23931424   XL-男女中长圆领复合-皮粉-紫糖果兔-CP   >>>>>>>>>>>   XL-男女中长圆领复合-皮粉-坠落月球_KB-CP
2022-12-11 09:16:07,031 INFO     操作人:张三 内部订单id:23931220   XL-男女中长圆领复合-豆绿-紫霞_K-戏剧紫霞_B-CP   >>>>>>>>>>>   XL-男女中长圆领复合-豆绿-旗袍女孩-CP
2022-12-11 09:17:10,281 INFO     操作人:张三 内部订单id:23960370   S-男女中长连帽复合-豆绿-旋转白-CP   >>>>>>>>>>>   S-男女中长连帽复合-豆绿-休眠富士山_K-CP
2022-12-11 09:17:15,964 INFO     操作人:张三 内部订单id:23931689   M-男女中长连帽复合-皮粉-裸熊吐舌头-CP   >>>>>>>>>>>   M-男女中长连帽复合-皮粉-裸熊吐舌头-CP
2022-12-11 09:17:21,863 INFO     操作人:张三 内部订单id:23931522   3X-男女中长圆领复合-香芋紫-晚安月亮_K-CP   >>>>>>>>>>>   3X-男女中长圆领复合-香芋紫-中国宝贝-CP
2022-12-11 09:17:27,253 INFO     操作人:张三 内部订单id:23931424   XL-男女中长圆领复合-皮粉-坠落月球_KB-CP   >>>>>>>>>>>   XL-男女中长圆领复合-皮粉-日出熊_ZB-CP
2022-12-11 09:17:32,213 INFO     操作人:张三 内部订单id:23931220   XL-男女中长圆领复合-豆绿-旗袍女孩-CP   >>>>>>>>>>>   XL-男女中长圆领复合-豆绿-桃子星球-CP
2022-12-11 09:17:37,113 INFO     操作人:张三 内部订单id:23931216   3X-男女中长圆领复合-香芋紫-吉-CP   >>>>>>>>>>>   3X-男女中长圆领复合-香芋紫-创意china中国_K-CP
2022-12-11 09:18:33,300 INFO     操作人:张三 内部订单id:23931689   M-男女中长连帽复合-皮粉-裸熊吐舌头-CP   >>>>>>>>>>>   M-男女中长连帽复合-皮粉-幸运岛-CP
2022-12-11 09:18:38,920 INFO     操作人:张三 内部订单id:23931522   3X-男女中长圆领复合-香芋紫-中国宝贝-CP   >>>>>>>>>>>   3X-男女中长圆领复合-香芋紫-戴帽鸭-CP
2022-12-11 09:18:44,014 INFO     操作人:张三 内部订单id:23931424   XL-男女中长圆领复合-皮粉-日出熊_ZB-CP   >>>>>>>>>>>   XL-男女中长圆领复合-皮粉-黄字小熊_KB-CP
2022-12-11 09:18:50,689 INFO     操作人:张三 内部订单id:23931220   XL-男女中长圆领复合-豆绿-桃子星球-CP   >>>>>>>>>>>   XL-男女中长圆领复合-豆绿-美少女战士-CP
2022-12-11 09:18:57,088 INFO     操作人:张三 内部订单id:23931216   3X-男女中长圆领复合-香芋紫-创意china中国_K-CP   >>>>>>>>>>>   3X-男女中长圆领复合-香芋紫-中国宝贝-CP
2022-12-11 09:24:16,133 INFO     操作人:张三 内部订单id:23960465   L-男圆领复合-福袋   >>>>>>>>>>>   L-男圆领复合-麻灰-蓝夜熊_KB-CP,L-男圆领复合-姜黄-行星小宇_K-CP
2022-12-11 09:24:21,556 INFO     操作人:张三 内部订单id:23960403   2X-男合体T-福袋   >>>>>>>>>>>   2X-男合体T-白色-国风四宫格-CP,2X-男合体T-黑色-虎王_ZB-CP
2022-12-11 09:24:33,581 INFO     操作人:张三 内部订单id:23959531   L-男合体T-福袋   >>>>>>>>>>>   L-男合体T-藏青-JSWL自然露营_ZB-CP,L-男合体T-黑色-全员恶人-CP,L-男合体T-黑色-矩形醒狮白_KB-CP
2022-12-11 09:24:40,514 INFO     操作人:张三 内部订单id:23959069   L-男连帽毛圈-福袋   >>>>>>>>>>>   L-男连帽毛圈-白色-假期史迪仔-CP,L-男连帽毛圈-红色-JSWL小熊印花_KB-CP
2022-12-11 09:24:46,035 INFO     操作人:张三 内部订单id:23958720   M-男圆领复合-福袋   >>>>>>>>>>>   M-男圆领复合-暖橘-四季穿搭-CP,M-男圆领复合-烟粉-喜乐-CP
2022-12-11 09:24:50,975 INFO     操作人:张三 内部订单id:23958290   L-男圆领复合-福袋   >>>>>>>>>>>   L-男圆领复合-黑色-四色醒狮-CP,L-男圆领复合-湖蓝-小狗漫画_KB-CP
2022-12-11 09:24:56,574 INFO     操作人:张三 内部订单id:23957146   L-男圆领毛圈-福袋   >>>>>>>>>>>   L-男圆领毛圈-墨绿-篆书中国绿-CP,L-男圆领毛圈-白色-渐变发-CP
2022-12-11 09:24:56,575 INFO     操作人:张三 内部订单id:23957146   L-男圆领毛圈-福袋   >>>>>>>>>>>   L-男圆领毛圈-深灰-美式冲浪_ZB-CP,L-男圆领毛圈-黑色-JSWL字母笑脸_KB-CP
2022-12-11 09:25:03,121 INFO     操作人:张三 内部订单id:23956368   4X-男圆领复合-福袋   >>>>>>>>>>>   4X-男圆领复合-黑色-China白-CP,4X-男圆领复合-白色-地球艺术-CP,4X-男圆领复合-红色-萌虎进宝-CP,4X-男圆领复合-白色-JSWL喜剧故事-CP
2022-12-11 09:25:03,121 INFO     操作人:张三 内部订单id:23956368   4X-男圆领毛圈-福袋   >>>>>>>>>>>   4X-男圆领毛圈-黑色-十字架组_KB-CP,4X-男圆领毛圈-黑色-蓝棕动物-CP,4X-男圆领毛圈-暖橘-JSWL四色小狮-CP,4X-男圆领毛圈-黑色-线条笑脸白_K-CP,4X-男圆领毛圈-米色-啊对对蓝-CP,4X-男圆领毛圈-黑色-彩带醒狮_KB-CP
2022-12-11 09:25:08,547 INFO     操作人:张三 内部订单id:23956030   2X-男圆领毛圈-福袋   >>>>>>>>>>>   2X-男圆领毛圈-黑色-宇航员SKR_前右下-CP,2X-男圆领毛圈-黑色-JSWL笑脸花-CP
2022-12-11 09:25:14,052 INFO     操作人:张三 内部订单id:23954499   XL-男圆领毛圈-福袋   >>>>>>>>>>>   XL-男圆领毛圈-黑色-舞狮白字_ZB-CP,XL-男圆领毛圈-白色-眩晕艺术_ZB-CP
2022-12-11 09:25:19,245 INFO     操作人:张三 内部订单id:23954322   L-男圆领复合-福袋   >>>>>>>>>>>   L-男圆领复合-深灰-仙境山-CP,L-男圆领复合-黑色-吊绳宇航员_前领口-CP
2022-12-11 09:25:24,466 INFO     操作人:张三 内部订单id:23951736   2X-男圆领复合-福袋   >>>>>>>>>>>   2X-男圆领复合-黑色-鲨鱼冲浪_ZB-CP
2022-12-11 09:25:30,565 INFO     操作人:张三 内部订单id:23951250   S-男圆领毛圈-福袋   >>>>>>>>>>>   S-男圆领毛圈-红色-分裂熊_KB-CP,S-男圆领毛圈-红色-舞狮虎-CP
2022-12-11 09:25:36,069 INFO     操作人:张三 内部订单id:23950901   XL-男连帽复合-福袋   >>>>>>>>>>>   XL-男连帽复合-黑色-欧洲旅行-CP
2022-12-11 09:25:36,070 INFO     操作人:张三 内部订单id:23950901   XL-男连帽毛圈-福袋   >>>>>>>>>>>   XL-男连帽毛圈-雾霾蓝-滑板宇航白_ZB-CP
2022-12-11 09:25:40,965 INFO     操作人:张三 内部订单id:23950222   XL-男连帽复合-福袋   >>>>>>>>>>>   XL-男连帽复合-姜黄-滑板宇航黑_ZB-CP
2022-12-11 09:25:40,965 INFO     操作人:张三 内部订单id:23950222   XL-男连帽毛圈-福袋   >>>>>>>>>>>   XL-男连帽毛圈-黑色-露营_KB-CP
2022-12-11 09:25:46,539 INFO     操作人:张三 内部订单id:23949520   3X-男圆领毛圈-福袋   >>>>>>>>>>>   3X-男圆领毛圈-黑色-国潮三格-CP,3X-男圆领毛圈-红色-JSWL飞跃兔-CP
2022-12-11 09:25:53,525 INFO     操作人:张三 内部订单id:23949459   2X-男圆领复合-福袋   >>>>>>>>>>>   2X-男圆领复合-姜黄-扬威猫黑_ZB-CP,2X-男圆领复合-黑色-美式巧克力-CP
2022-12-11 09:25:59,071 INFO     操作人:张三 内部订单id:23948061   3X-男圆领毛圈-福袋   >>>>>>>>>>>   3X-男圆领毛圈-湖蓝-自然风景-CP,3X-男圆领毛圈-深灰-国风四宫格-CP
2022-12-11 09:26:05,793 INFO     操作人:张三 内部订单id:23947822   XL-男圆领毛圈-福袋   >>>>>>>>>>>   XL-男圆领毛圈-暖橘-幸运之城-CP,XL-男圆领毛圈-白色-JSWL聪明鳄鱼_KB-CP
2022-12-11 09:26:12,045 INFO     操作人:张三 内部订单id:23947765   2X-男圆领毛圈-福袋   >>>>>>>>>>>   2X-男圆领毛圈-湖蓝-JWS小蓝怪_K-CP,2X-男圆领毛圈-白色-四色醒狮-CP
2022-12-11 09:26:17,478 INFO     操作人:张三 内部订单id:23947639   S-男圆领复合-福袋   >>>>>>>>>>>   S-男圆领复合-湖蓝-潮牌星绿_KB-CP,S-男圆领复合-红色-自然风景-CP
2022-12-11 09:26:23,640 INFO     操作人:张三 内部订单id:23946912   M-男圆领毛圈-福袋   >>>>>>>>>>>   M-男圆领毛圈-红色-面具狮少年-CP,M-男圆领毛圈-墨绿-欧洲旅行-CP
2022-12-11 09:26:30,141 INFO     操作人:张三 内部订单id:23946744   2X-男连帽复合-福袋   >>>>>>>>>>>   2X-男连帽复合-黑色-JSWL云兔金_K-CP
2022-12-11 09:26:30,142 INFO     操作人:张三 内部订单id:23946744   2X-男连帽毛圈-福袋   >>>>>>>>>>>   2X-男连帽毛圈-麻灰-小胖虎-CP
2022-12-11 09:26:35,410 INFO     操作人:张三 内部订单id:23943867   M-男圆领复合-福袋   >>>>>>>>>>>   M-男圆领复合-雾霾蓝-森林之王_前左上-CP
2022-12-11 09:26:35,411 INFO     操作人:张三 内部订单id:23943867   M-男圆领毛圈-福袋   >>>>>>>>>>>   M-男圆领毛圈-墨绿-鹿靠背-CP
2022-12-11 09:26:41,114 INFO     操作人:张三 内部订单id:23943194   4X-男连帽复合-福袋   >>>>>>>>>>>   4X-男连帽复合-黑色-JSWL菱格-CP
2022-12-11 09:26:41,114 INFO     操作人:张三 内部订单id:23943194   4X-男连帽毛圈-福袋   >>>>>>>>>>>   4X-男连帽毛圈-雾霾蓝-吊绳宇航员_前领口-CP
2022-12-11 09:26:46,910 INFO     操作人:张三 内部订单id:23942991   2X-男圆领毛圈-福袋   >>>>>>>>>>>   2X-男圆领毛圈-墨绿-露营_KB-CP,2X-男圆领毛圈-黑色-海洋熊_ZB-CP
2022-12-11 09:26:52,194 INFO     操作人:张三 内部订单id:23942764   M-男圆领复合-福袋   >>>>>>>>>>>   M-男圆领复合-黑色-好运醒狮-CP,M-男圆领复合-酒红-国风四宫格-CP
2022-12-11 09:26:57,581 INFO     操作人:张三 内部订单id:23941086   L-男圆领复合-福袋   >>>>>>>>>>>   L-男圆领复合-深灰-星空风景-CP,L-男圆领复合-雾霾蓝-双喜兔-CP
2022-12-11 09:27:03,041 INFO     操作人:张三 内部订单id:23938214   XL-男圆领复合-福袋   >>>>>>>>>>>   XL-男圆领复合-麻灰-欧洲旅行-CP
2022-12-11 09:27:03,042 INFO     操作人:张三 内部订单id:23938214   XL-男圆领毛圈-福袋   >>>>>>>>>>>   XL-男圆领毛圈-烟粉-披萨_KB-CP
2022-12-11 09:27:08,516 INFO     操作人:张三 内部订单id:23938213   L-男圆领复合-福袋   >>>>>>>>>>>   L-男圆领复合-墨绿-欧洲旅行-CP
2022-12-11 09:27:08,517 INFO     操作人:张三 内部订单id:23938213   L-男圆领毛圈-福袋   >>>>>>>>>>>   L-男圆领毛圈-湖蓝-小胖虎-CP
2022-12-11 09:27:14,636 INFO     操作人:张三 内部订单id:23938086   3X-男圆领复合-福袋   >>>>>>>>>>>   3X-男圆领复合-烟粉-国风四宫格-CP,3X-男圆领复合-白色-中国醒狮-CP
2022-12-11 09:27:20,490 INFO     操作人:张三 内部订单id:23937771   2X-男圆领复合-福袋   >>>>>>>>>>>   2X-男圆领复合-麻灰-JSWL四色小狮-CP,2X-男圆领复合-黑色-国潮三色-CP
2022-12-11 09:27:27,007 INFO     操作人:张三 内部订单id:23937275   M-男圆领复合-福袋   >>>>>>>>>>>   M-男圆领复合-红色-飞跃兔-CP
2022-12-11 09:27:27,007 INFO     操作人:张三 内部订单id:23937275   M-男圆领毛圈-福袋   >>>>>>>>>>>   M-男圆领毛圈-米色-绿色消息_KB-CP
2022-12-11 09:27:32,640 INFO     操作人:张三 内部订单id:23937168   L-男圆领毛圈-福袋   >>>>>>>>>>>   L-男圆领毛圈-米色-飞跃兔-CP
2022-12-11 09:27:38,774 INFO     操作人:张三 内部订单id:23936200   L-男圆领复合-福袋   >>>>>>>>>>>   L-男圆领复合-湖蓝-JSWL小羊-CP,L-男圆领复合-雾霾蓝-喜乐-CP
2022-12-11 09:27:45,247 INFO     操作人:张三 内部订单id:23935970   XL-男圆领毛圈-福袋   >>>>>>>>>>>   XL-男圆领毛圈-米色-比耶宇航员_前右下-CP,XL-男圆领毛圈-黑色-JWS小蓝怪_K-CP
2022-12-11 09:27:50,571 INFO     操作人:张三 内部订单id:23935783   L-男圆领复合-福袋   >>>>>>>>>>>   L-男圆领复合-湖蓝-小狗漫画_KB-CP,L-男圆领复合-黑色-大巨人-CP
2022-12-11 09:27:56,542 INFO     操作人:张三 内部订单id:23935636   M-男宽松T-福袋   >>>>>>>>>>>   M-男宽松T-黑色-狮来运转_K-CP
2022-12-11 09:28:01,917 INFO     操作人:张三 内部订单id:23934981   M-男圆领复合-福袋   >>>>>>>>>>>   M-男圆领复合-墨绿-双纸老虎_B_前正中-CP,M-男圆领复合-墨绿-比尔鸭-CP
2022-12-11 09:28:06,983 INFO     操作人:张三 内部订单id:23934196   L-男圆领复合-福袋   >>>>>>>>>>>   L-男圆领复合-雾霾蓝-NASA熊-CP
2022-12-11 09:28:06,983 INFO     操作人:张三 内部订单id:23934196   L-男圆领毛圈-福袋   >>>>>>>>>>>   L-男圆领毛圈-黑色-波士顿-CP
2022-12-11 09:28:12,352 INFO     操作人:张三 内部订单id:23933960   4X-男圆领复合-福袋   >>>>>>>>>>>   4X-男圆领复合-黑色-兔飞猛进-CP
2022-12-11 09:28:12,353 INFO     操作人:张三 内部订单id:23933960   4X-男圆领毛圈-福袋   >>>>>>>>>>>   4X-男圆领毛圈-白色-遨游熊_K_前左下-遨游熊_B-CP
2022-12-11 09:28:18,999 INFO     操作人:张三 内部订单id:23933090   L-男圆领毛圈-福袋   >>>>>>>>>>>   L-男圆领毛圈-米色-冰淇淋熊-CP,L-男圆领毛圈-黑色-可爱绵羊-CP
2022-12-11 09:28:24,213 INFO     操作人:张三 内部订单id:23930931   L-男圆领复合-福袋   >>>>>>>>>>>   L-男圆领复合-米色-泰森-CP,L-男圆领复合-米色-三小醒狮-CP
2022-12-11 09:28:29,460 INFO     操作人:张三 内部订单id:23930465   XL-男圆领毛圈-福袋   >>>>>>>>>>>   XL-男圆领毛圈-白色-JWS小恶魔_KB-CP,XL-男圆领毛圈-白色-升空小宇-CP
2022-12-11 09:28:35,143 INFO     操作人:张三 内部订单id:23929710   4X-男圆领复合-福袋   >>>>>>>>>>>   4X-男圆领复合-麻灰-四色醒狮-CP
2022-12-11 09:28:35,143 INFO     操作人:张三 内部订单id:23929710   4X-男圆领毛圈-福袋   >>>>>>>>>>>   4X-男圆领毛圈-红色-国风四宫格-CP
2022-12-11 09:28:40,254 INFO     操作人:张三 内部订单id:23929592   3X-男圆领复合-福袋   >>>>>>>>>>>   3X-男圆领复合-红色-有钱小虎_前左下-CP,3X-男圆领复合-白色-月球柠檬_后正中-CP
2022-12-11 09:28:46,624 INFO     操作人:张三 内部订单id:23929586   2X-男连帽复合-福袋   >>>>>>>>>>>   2X-男连帽复合-黑色-欧洲旅行-CP
2022-12-11 09:28:46,624 INFO     操作人:张三 内部订单id:23929586   2X-男连帽毛圈-福袋   >>>>>>>>>>>   2X-男连帽毛圈-米色-车旅-CP
2022-12-11 09:28:52,975 INFO     操作人:张三 内部订单id:23929009   XL-男圆领毛圈-福袋   >>>>>>>>>>>   XL-男圆领毛圈-湖蓝-篆书中国绿-CP,XL-男圆领毛圈-米色-JSWL有钱熊-CP
2022-12-11 09:28:58,138 INFO     操作人:张三 内部订单id:23928919   XL-男圆领复合-福袋   >>>>>>>>>>>   XL-男圆领复合-红色-暗黑兔-CP,XL-男圆领复合-黑色-自然风景-CP
2022-12-11 09:29:03,939 INFO     操作人:张三 内部订单id:23928882   2X-男圆领复合-福袋   >>>>>>>>>>>   2X-男圆领复合-黑色-好运醒狮-CP
2022-12-11 09:29:03,940 INFO     操作人:张三 内部订单id:23928882   2X-男圆领毛圈-福袋   >>>>>>>>>>>   2X-男圆领毛圈-雾霾蓝-史迪仔一天-CP
2022-12-11 09:29:09,458 INFO     操作人:张三 内部订单id:23928612   2X-男连帽复合-福袋   >>>>>>>>>>>   2X-男连帽复合-黑色-虎靠背-CP
2022-12-11 09:29:09,459 INFO     操作人:张三 内部订单id:23928612   2X-男连帽毛圈-福袋   >>>>>>>>>>>   2X-男连帽毛圈-白色-熊猫戏黑_ZB-CP
2022-12-11 09:29:14,943 INFO     操作人:张三 内部订单id:23928219   L-男圆领毛圈-福袋   >>>>>>>>>>>   L-男圆领毛圈-白色-假期史迪仔-CP,L-男圆领毛圈-雾霾蓝-VV白_KB-CP
2022-12-11 09:29:20,046 INFO     操作人:张三 内部订单id:23928089   3X-男连帽复合-福袋   >>>>>>>>>>>   3X-男连帽复合-白色-尝试黑-CP
2022-12-11 09:29:20,047 INFO     操作人:张三 内部订单id:23928089   3X-男连帽毛圈-福袋   >>>>>>>>>>>   3X-男连帽毛圈-黑色-富贵险白_KB-CP
2022-12-11 09:29:25,007 INFO     操作人:张三 内部订单id:23927220   XL-男连帽复合-福袋   >>>>>>>>>>>   XL-男连帽复合-白色-吊绳宇航员_前领口-CP
2022-12-11 09:29:25,007 INFO     操作人:张三 内部订单id:23927220   XL-男连帽毛圈-福袋   >>>>>>>>>>>   XL-男连帽毛圈-暖橘-海岛旅行-CP
2022-12-11 09:29:30,734 INFO     操作人:张三 内部订单id:23926455   L-男连帽复合-黑色-福袋   >>>>>>>>>>>   L-男连帽复合-黑色-大写字母白_KB-CP
2022-12-11 09:29:30,735 INFO     操作人:张三 内部订单id:23926455   L-男连帽复合-红色-福袋   >>>>>>>>>>>   L-男连帽复合-红色-舞狮虎-CP
2022-12-11 09:29:35,955 INFO     操作人:张三 内部订单id:23922327   3X-男圆领复合-福袋   >>>>>>>>>>>   3X-男圆领复合-麻灰-兔飞猛进-CP
2022-12-11 09:29:35,955 INFO     操作人:张三 内部订单id:23922327   3X-男圆领毛圈-福袋   >>>>>>>>>>>   3X-男圆领毛圈-白色-骑车侠-CP
2022-12-11 09:36:19,025 INFO     操作人:张三 内部订单id:23959531   L-男合体T-黑色-全员恶人-CP   >>>>>>>>>>>   L-男合体T-黑色-行星小宇_K-CP
2022-12-11 09:36:24,908 INFO     操作人:张三 内部订单id:23958290   L-男圆领复合-黑色-四色醒狮-CP   >>>>>>>>>>>   L-男圆领复合-黑色-乘风破浪宇航员_KB-CP
2022-12-11 09:36:30,137 INFO     操作人:张三 内部订单id:23956368   4X-男圆领复合-白色-JSWL喜剧故事-CP   >>>>>>>>>>>   4X-男圆领复合-白色-墨镜狗头黑-CP
2022-12-11 09:36:30,137 INFO     操作人:张三 内部订单id:23956368   4X-男圆领毛圈-黑色-蓝棕动物-CP   >>>>>>>>>>>   4X-男圆领毛圈-黑色-镂空熊白_KB-CP
2022-12-11 09:36:30,138 INFO     操作人:张三 内部订单id:23956368   4X-男圆领毛圈-黑色-彩带醒狮_KB-CP   >>>>>>>>>>>   4X-男圆领毛圈-黑色-蓝月球_KB-CP
2022-12-11 09:36:36,060 INFO     操作人:张三 内部订单id:23954322   L-男圆领复合-黑色-吊绳宇航员_前领口-CP   >>>>>>>>>>>   L-男圆领复合-黑色-乘风破浪宇航员_KB-CP
2022-12-11 09:36:41,586 INFO     操作人:张三 内部订单id:23951250   S-男圆领毛圈-红色-舞狮虎-CP   >>>>>>>>>>>   S-男圆领毛圈-红色-炫彩翅膀_KB-CP
2022-12-11 09:36:47,074 INFO     操作人:张三 内部订单id:23949520   3X-男圆领毛圈-黑色-国潮三格-CP   >>>>>>>>>>>   3X-男圆领毛圈-黑色-小蓝怪_K-CP
2022-12-11 09:36:47,075 INFO     操作人:张三 内部订单id:23949520   3X-男圆领毛圈-红色-JSWL飞跃兔-CP   >>>>>>>>>>>   3X-男圆领毛圈-红色-狮头-CP
2022-12-11 09:36:52,092 INFO     操作人:张三 内部订单id:23947765   2X-男圆领毛圈-白色-四色醒狮-CP   >>>>>>>>>>>   2X-男圆领毛圈-白色-啊对对蓝-CP
2022-12-11 09:36:57,363 INFO     操作人:张三 内部订单id:23942764   M-男圆领复合-酒红-国风四宫格-CP   >>>>>>>>>>>   M-男圆领复合-酒红-兔锦鲤-CP
2022-12-11 09:37:02,965 INFO     操作人:张三 内部订单id:23938214   XL-男圆领复合-麻灰-欧洲旅行-CP   >>>>>>>>>>>   XL-男圆领复合-麻灰-北极熊蓝-CP
2022-12-11 09:37:08,002 INFO     操作人:张三 内部订单id:23938213   L-男圆领复合-墨绿-欧洲旅行-CP   >>>>>>>>>>>   L-男圆领复合-墨绿-行星小宇_K-CP
2022-12-11 09:37:13,716 INFO     操作人:张三 内部订单id:23934981   M-男圆领复合-墨绿-双纸老虎_B_前正中-CP   >>>>>>>>>>>   M-男圆领复合-墨绿-平安喜乐白-CP
2022-12-11 09:37:13,716 INFO     操作人:张三 内部订单id:23934981   M-男圆领复合-墨绿-比尔鸭-CP   >>>>>>>>>>>   M-男圆领复合-墨绿-波浪m白-CP
2022-12-11 09:37:19,476 INFO     操作人:张三 内部订单id:23928919   XL-男圆领复合-黑色-自然风景-CP   >>>>>>>>>>>   XL-男圆领复合-黑色-摇滚家-CP
2022-12-11 09:37:24,943 INFO     操作人:张三 内部订单id:23928882   2X-男圆领复合-黑色-好运醒狮-CP   >>>>>>>>>>>   2X-男圆领复合-黑色-中国醒狮白-CP
2022-12-11 09:37:30,602 INFO     操作人:张三 内部订单id:23928612   2X-男连帽复合-黑色-虎靠背-CP   >>>>>>>>>>>   2X-男连帽复合-黑色-潮牌星白_KB-CP
2022-12-11 09:37:36,492 INFO     操作人:张三 内部订单id:23928089   3X-男连帽复合-白色-尝试黑-CP   >>>>>>>>>>>   3X-男连帽复合-白色-悟空新_ZB-CP
2022-12-11 09:37:43,058 INFO     操作人:张三 内部订单id:23926478   4X-男圆领复合-黑色-国潮三格-CP   >>>>>>>>>>>   4X-男圆领复合-黑色-撕破醒狮-CP
2022-12-11 09:37:48,609 INFO     操作人:张三 内部订单id:23923684   2X-男圆领复合-黑色-线条熊-CP   >>>>>>>>>>>   2X-男圆领复合-黑色-宇宙线条白-CP
2022-12-11 09:37:54,183 INFO     操作人:张三 内部订单id:23651168   3X-男圆领复合-雾霾蓝-有钱小虎_前左下-CP   >>>>>>>>>>>   3X-男圆领复合-雾霾蓝-有钱小虎_前左下-CP
2022-12-11 09:48:46,679 INFO     操作人:张三 内部订单id:23960257   3X-男复合长裤-福袋   >>>>>>>>>>>   3X-男复合长裤-黑色-人类_K-CP
2022-12-11 09:48:46,680 INFO     操作人:张三 内部订单id:23960257   3X-男圆领毛圈-福袋   >>>>>>>>>>>   3X-男圆领毛圈-红色-JSWL喜剧故事-CP
2022-12-11 09:48:46,680 INFO     操作人:张三 内部订单id:23960257   3X-男圆领毛圈-福袋   >>>>>>>>>>>   3X-男圆领毛圈-湖蓝-彩色笔刷_K-CP
2022-12-11 09:48:46,680 INFO     操作人:张三 内部订单id:23960257   3X-男圆领毛圈-福袋   >>>>>>>>>>>   3X-男圆领毛圈-麻灰-创意china中国_K-CP
2022-12-11 09:48:52,572 INFO     操作人:张三 内部订单id:23958290   L-男圆领复合-黑色-乘风破浪宇航员_KB-CP   >>>>>>>>>>>   L-男圆领复合-黑色-JSWL波动-CP
2022-12-11 09:49:04,646 INFO     操作人:张三 内部订单id:23955575   4X-男连帽复合-福袋   >>>>>>>>>>>   4X-男连帽复合-湖蓝-海岛旅行-CP
2022-12-11 09:49:04,647 INFO     操作人:张三 内部订单id:23955575   4X-男连帽复合-福袋   >>>>>>>>>>>   4X-男连帽复合-红色-漫画醒狮白-CP
2022-12-11 09:49:10,141 INFO     操作人:张三 内部订单id:23954322   L-男圆领复合-黑色-乘风破浪宇航员_KB-CP   >>>>>>>>>>>   L-男圆领复合-黑色-全员恶人-CP
2022-12-11 09:49:15,209 INFO     操作人:张三 内部订单id:23950726   L-男酷丝棉短裤-福袋   >>>>>>>>>>>   L-男酷丝棉短裤-卡其-分裂熊_K_前左下-CP
2022-12-11 09:49:20,389 INFO     操作人:张三 内部订单id:23949520   3X-男圆领毛圈-黑色-小蓝怪_K-CP   >>>>>>>>>>>   3X-男圆领毛圈-黑色-镭射熊_KB-CP
2022-12-11 09:49:26,159 INFO     操作人:张三 内部订单id:23944300   L-男复合长裤-福袋   >>>>>>>>>>>   L-男复合长裤-麻灰-鲨鱼字母_K-CP
2022-12-11 09:49:26,160 INFO     操作人:张三 内部订单id:23944300   XL-男连帽复合-福袋   >>>>>>>>>>>   XL-男连帽复合-黑色-选图男孩-CP
2022-12-11 09:49:26,160 INFO     操作人:张三 内部订单id:23944300   XL-男连帽复合-福袋   >>>>>>>>>>>   XL-男连帽复合-白色-山顶河流-CP
2022-12-11 09:49:31,942 INFO     操作人:张三 内部订单id:23942764   M-男圆领复合-酒红-兔锦鲤-CP   >>>>>>>>>>>   M-男圆领复合-酒红-撕破醒狮-CP
2022-12-11 09:49:36,971 INFO     操作人:张三 内部订单id:23934981   M-男圆领复合-墨绿-平安喜乐白-CP   >>>>>>>>>>>   M-男圆领复合-墨绿-国风四宫格-CP
2022-12-11 09:49:36,971 INFO     操作人:张三 内部订单id:23934981   M-男圆领复合-墨绿-波浪m白-CP   >>>>>>>>>>>   M-男圆领复合-墨绿-平安喜乐白-CP
2022-12-11 09:49:42,521 INFO     操作人:张三 内部订单id:23928612   2X-男连帽复合-黑色-潮牌星白_KB-CP   >>>>>>>>>>>   2X-男连帽复合-黑色-镂空熊白_K-镂空熊白_B_后右下-CP
2022-12-11 09:49:48,591 INFO     操作人:张三 内部订单id:23928089   3X-男连帽复合-白色-悟空新_ZB-CP   >>>>>>>>>>>   3X-男连帽复合-白色-滑板宇航黑_ZB-CP
2022-12-11 09:49:54,786 INFO     操作人:张三 内部订单id:23926478   4X-男圆领复合-黑色-撕破醒狮-CP   >>>>>>>>>>>   4X-男圆领复合-黑色-小金兔1_K-CP
2022-12-11 09:49:59,766 INFO     操作人:张三 内部订单id:23923684   2X-男圆领复合-黑色-宇宙线条白-CP   >>>>>>>>>>>   2X-男圆领复合-黑色-JSWL美味汉堡_ZB-CP
2022-12-11 09:50:04,656 INFO     操作人:张三 内部订单id:23651168   3X-男圆领复合-雾霾蓝-有钱小虎_前左下-CP   >>>>>>>>>>>   3X-男圆领复合-雾霾蓝-鹿靠背-CP
2022-12-11 09:56:15,933 INFO     操作人:张三 内部订单id:23960257   3X-男圆领毛圈-红色-JSWL喜剧故事-CP   >>>>>>>>>>>   3X-男圆领毛圈-红色-JSWL方块人-CP
2022-12-11 09:56:21,269 INFO     操作人:张三 内部订单id:23956659   3X-男圆领复合-福袋   >>>>>>>>>>>   3X-男圆领复合-黑色-国风狮_KB-CP
2022-12-11 09:56:21,270 INFO     操作人:张三 内部订单id:23956659   3X-男圆领复合-福袋   >>>>>>>>>>>   3X-男圆领复合-黑色-复古字母_K_前正中-CP
2022-12-11 09:56:21,270 INFO     操作人:张三 内部订单id:23956659   3X-男圆领复合-福袋   >>>>>>>>>>>   3X-男圆领复合-黑色-森林之王-CP
2022-12-11 09:56:26,002 INFO     操作人:张三 内部订单id:23954322   L-男圆领复合-黑色-全员恶人-CP   >>>>>>>>>>>   L-男圆领复合-黑色-统治者-CP
2022-12-11 09:56:40,412 INFO     操作人:张三 内部订单id:23934981   M-男圆领复合-墨绿-平安喜乐白-CP   >>>>>>>>>>>   M-男圆领复合-墨绿-波浪m白-CP
2022-12-11 09:58:36,131 INFO     操作人:张三 内部订单id:23935783   L-男圆领复合-湖蓝-小狗漫画_KB-CP   >>>>>>>>>>>   L-男圆领复合-湖蓝-看鲸小宇-CP
2022-12-11 09:58:41,595 INFO     操作人:张三 内部订单id:23934981   M-男圆领复合-墨绿-波浪m白-CP   >>>>>>>>>>>   M-男圆领复合-墨绿-欧洲旅行-CP
2022-12-11 10:01:59,625 INFO     操作人:张三 内部订单id:23961520   S-男复合长裤-黑色-鹤_K-CP   >>>>>>>>>>>   S-男复合长裤-黑色-狮头右半_K_前左中-狮头左半_K_前右中-CP
2022-12-11 10:01:59,626 INFO     操作人:张三 内部订单id:23961520   M-男复合长裤-黑色-吊绳宇航员_前左上-CP   >>>>>>>>>>>   M-男复合长裤-黑色-鹤_K_前右上-CP
2022-12-11 10:01:59,626 INFO     操作人:张三 内部订单id:23961520   L-男复合长裤-黑色-喷火小恐龙_前左上-CP   >>>>>>>>>>>   L-男复合长裤-黑色-狮头左半_K_前左下-狮头右半_K_前右下-CP
2022-12-11 10:01:59,626 INFO     操作人:张三 内部订单id:23961520   4X-男复合长裤-黑色-遨游熊_K_前左上-CP   >>>>>>>>>>>   4X-男复合长裤-黑色-遨游熊_K_前左上-CP
2022-12-11 10:03:00,582 INFO     操作人:张三 内部订单id:23961520   4X-男复合长裤-黑色-遨游熊_K_前左上-CP   >>>>>>>>>>>   4X-男复合长裤-黑色-悟空白_K_左上-CP
2022-12-11 10:04:20,775 INFO     操作人:张三 内部订单id:23961491   M-女中长连帽羊羔绒-皮粉-梦幻宇宙兔-CP   >>>>>>>>>>>   M-女中长连帽羊羔绒-皮粉-蓝滑板水手-CP
2022-12-11 10:04:20,776 INFO     操作人:张三 内部订单id:23961491   XL-女中长连帽羊羔绒-香芋紫-你好奥特曼_K-CP   >>>>>>>>>>>   XL-女中长连帽羊羔绒-香芋紫-蓝莓星球-CP
2022-12-11 10:04:49,922 INFO     操作人:张三 内部订单id:23961491   M-女中长连帽羊羔绒-皮粉-蓝滑板水手-CP   >>>>>>>>>>>   M-女中长连帽羊羔绒-皮粉-朋友熊-CP
2022-12-11 10:05:10,530 INFO     操作人:张三 内部订单id:23961491   M-女中长连帽羊羔绒-皮粉-朋友熊-CP   >>>>>>>>>>>   M-女中长连帽羊羔绒-皮粉-心跳性眩晕-CP
2022-12-11 10:05:29,422 INFO     操作人:张三 内部订单id:23961491   M-女中长连帽羊羔绒-皮粉-心跳性眩晕-CP   >>>>>>>>>>>   M-女中长连帽羊羔绒-皮粉-心跳性眩晕-CP
2022-12-11 10:12:19,085 INFO     操作人:张三 内部订单id:23961520   L-男复合长裤-福袋   >>>>>>>>>>>   L-男复合长裤-黑色-复古五星_K-CP
2022-12-11 10:12:19,085 INFO     操作人:张三 内部订单id:23961520   S-男复合长裤-黑色-福袋   >>>>>>>>>>>   S-男复合长裤-黑色-SPORTS_K_左上-CP
2022-12-11 10:12:19,086 INFO     操作人:张三 内部订单id:23961520   M-男复合长裤-黑色-福袋   >>>>>>>>>>>   M-男复合长裤-黑色-人类_K-CP
2022-12-11 10:18:00,681 INFO     操作人:张三 内部订单id:23961520   S-男复合长裤-黑色-福袋   >>>>>>>>>>>   S-男复合长裤-黑色-鹤_K-CP
2022-12-11 10:18:00,681 INFO     操作人:张三 内部订单id:23961520   M-男复合长裤-黑色-福袋   >>>>>>>>>>>   M-男复合长裤-黑色-吊绳宇航员_前左上-CP
2022-12-11 10:18:00,681 INFO     操作人:张三 内部订单id:23961520   L-男复合长裤-黑色-福袋   >>>>>>>>>>>   L-男复合长裤-黑色-恶搞笑脸1_K-CP
2022-12-11 10:22:21,326 INFO     操作人:张三 内部订单id:23961491   150-童羊羔绒长裤-黑色-福袋   >>>>>>>>>>>   150-童羊羔绒长裤-黑色-童独角兽快乐_K-CP
2022-12-11 10:22:21,326 INFO     操作人:张三 内部订单id:23961491   L-女中长连帽羊羔绒-红色-福袋   >>>>>>>>>>>   L-女中长连帽羊羔绒-红色-女中国醒狮白-CP
2022-12-11 10:24:49,028 INFO     操作人:张三 内部订单id:23950726   XL-男橡筋毛圈长裤-福袋   >>>>>>>>>>>   XL-男橡筋毛圈长裤-黑色-圆圈笑脸白_K_后左下-CP
2022-12-11 10:24:54,587 INFO     操作人:张三 内部订单id:23948560   XL-男橡筋毛圈长裤-福袋   >>>>>>>>>>>   XL-男橡筋毛圈长裤-麻灰-路飞告别黑_K-CP
2022-12-11 10:24:54,587 INFO     操作人:张三 内部订单id:23948560   XL-男橡筋毛圈长裤-福袋   >>>>>>>>>>>   XL-男橡筋毛圈长裤-黑色-勇往直前_K-CP
2022-12-11 13:29:23,761 INFO     操作人:张三 内部订单id:23965108   S-男女复合开衫-米色-福袋   >>>>>>>>>>>   S-男女复合开衫-米色-不要消失紫_KB-CP
2022-12-11 13:29:23,762 INFO     操作人:张三 内部订单id:23965108   S-男女复合开衫-藏青-福袋   >>>>>>>>>>>   S-男女复合开衫-藏青-沙漠仙人掌_KB-CP
2022-12-11 13:29:23,783 INFO     操作人:张三 内部订单id:23965108   S-男女复合开衫-酒红-福袋   >>>>>>>>>>>   S-男女复合开衫-酒红-融月粉_KB-CP
2022-12-11 13:29:29,464 INFO     操作人:张三 内部订单id:23965065   2X-男女中长连帽复合-酒红-福袋   >>>>>>>>>>>   2X-男女中长连帽复合-酒红-草莓熊熊_B_前正中-CP
2022-12-11 13:29:35,238 INFO     操作人:张三 内部订单id:23964858   2X-男女中长圆领复合-红色-福袋   >>>>>>>>>>>   2X-男女中长圆领复合-红色-猫与鼠_ZB-CP
2022-12-11 13:29:35,238 INFO     操作人:张三 内部订单id:23964858   2X-男女复合开衫-深棕-福袋   >>>>>>>>>>>   2X-男女复合开衫-深棕-奶茶干杯男_K-CP
2022-12-11 13:29:35,239 INFO     操作人:张三 内部订单id:23964858   3X-男女中长连帽复合-深灰-福袋   >>>>>>>>>>>   3X-男女中长连帽复合-深灰-巡航-CP
2022-12-11 13:29:40,020 INFO     操作人:张三 内部订单id:23964762   2X-男女复合开衫-湖蓝-福袋   >>>>>>>>>>>   2X-男女复合开衫-湖蓝-融月粉_KB-CP
2022-12-11 13:29:40,020 INFO     操作人:张三 内部订单id:23964762   L-男女中长连帽复合-湖蓝-福袋   >>>>>>>>>>>   L-男女中长连帽复合-湖蓝-贪睡熊猫_KB-CP
2022-12-11 13:29:40,020 INFO     操作人:张三 内部订单id:23964762   M-男女复合开衫-湖蓝-福袋   >>>>>>>>>>>   M-男女复合开衫-湖蓝-炸虾尾_KB-CP
2022-12-11 13:29:40,021 INFO     操作人:张三 内部订单id:23964762   M-男女复合开衫-黑色-福袋   >>>>>>>>>>>   M-男女复合开衫-黑色-相遇冬季_KB-CP
2022-12-11 13:29:40,021 INFO     操作人:张三 内部订单id:23964762   L-男女复合开衫-黑色-福袋   >>>>>>>>>>>   L-男女复合开衫-黑色-看星星_K-CP
2022-12-11 13:29:40,021 INFO     操作人:张三 内部订单id:23964762   M-男女中长连帽复合-米色-福袋   >>>>>>>>>>>   M-男女中长连帽复合-米色-抹茶移动星白_ZB-CP
2022-12-11 13:29:40,021 INFO     操作人:张三 内部订单id:23964762   2X-男女中长圆领复合-湖蓝-福袋   >>>>>>>>>>>   2X-男女中长圆领复合-湖蓝-旋涡符号_KB-CP
2022-12-11 13:29:40,021 INFO     操作人:张三 内部订单id:23964762   2X-男女复合开衫-黑色-福袋   >>>>>>>>>>>   2X-男女复合开衫-黑色-兔兔飞行员_K-CP
2022-12-11 13:29:40,022 INFO     操作人:张三 内部订单id:23964762   L-男女中长连帽复合-豆绿-福袋   >>>>>>>>>>>   L-男女中长连帽复合-豆绿-红心标_K-CP
2022-12-11 13:29:45,242 INFO     操作人:张三 内部订单id:23963932   XL-男女中长圆领复合-黑色-福袋   >>>>>>>>>>>   XL-男女中长圆领复合-黑色-lucky熊-CP
2022-12-11 13:29:49,851 INFO     操作人:张三 内部订单id:23963643   XL-男女中长圆领复合-深灰-福袋   >>>>>>>>>>>   XL-男女中长圆领复合-深灰-小巴士金-CP
2022-12-11 13:29:55,006 INFO     操作人:张三 内部订单id:23963573   2X-男女毛圈开衫-香芋紫-福袋   >>>>>>>>>>>   2X-男女毛圈开衫-香芋紫-休眠富士山_K-CP
2022-12-11 13:30:00,242 INFO     操作人:张三 内部订单id:23963544   L-男女中长圆领毛圈-皮粉-福袋   >>>>>>>>>>>   L-男女中长圆领毛圈-皮粉-软软熊_K-软软熊_B_后右下-CP
2022-12-11 13:30:04,969 INFO     操作人:张三 内部订单id:23963240   XL-男女中长圆领复合-米色-福袋   >>>>>>>>>>>   XL-男女中长圆领复合-米色-软软草莓熊-CP
2022-12-11 13:30:10,302 INFO     操作人:张三 内部订单id:23963190   M-男女中长圆领复合-深棕-福袋   >>>>>>>>>>>   M-男女中长圆领复合-深棕-太棒了-CP
2022-12-11 13:30:15,315 INFO     操作人:张三 内部订单id:23963177   L-男女中长圆领复合-深棕-福袋   >>>>>>>>>>>   L-男女中长圆领复合-深棕-爱你的心-CP
2022-12-11 13:30:19,935 INFO     操作人:张三 内部订单id:23963048   XL-男女中长圆领复合-米色-福袋   >>>>>>>>>>>   XL-男女中长圆领复合-米色-奶茶干杯男_K-CP
2022-12-11 13:30:19,936 INFO     操作人:张三 内部订单id:23963048   2X-男女复合开衫-黑色-福袋   >>>>>>>>>>>   2X-男女复合开衫-黑色-富士玛雅_K-CP
2022-12-11 13:30:24,998 INFO     操作人:张三 内部订单id:23962929   XL-男女复合开衫-酒红-福袋   >>>>>>>>>>>   XL-男女复合开衫-酒红-摩洛哥_K-CP
2022-12-11 13:30:24,999 INFO     操作人:张三 内部订单id:23962929   XL-男女中长圆领复合-米色-福袋   >>>>>>>>>>>   XL-男女中长圆领复合-米色-羞羞兔_K-CP
2022-12-11 13:30:24,999 INFO     操作人:张三 内部订单id:23962929   XL-男女中长连帽复合-米色-福袋   >>>>>>>>>>>   XL-男女中长连帽复合-米色-危险的旅行粉-CP
2022-12-11 13:30:24,999 INFO     操作人:张三 内部订单id:23962929   XL-男女中长圆领复合-杏色-福袋   >>>>>>>>>>>   XL-男女中长圆领复合-杏色-爱的层次-CP
2022-12-11 13:30:24,999 INFO     操作人:张三 内部订单id:23962929   XL-男女中长连帽复合-酒红-福袋   >>>>>>>>>>>   XL-男女中长连帽复合-酒红-软软草莓熊-CP
2022-12-11 13:30:25,000 INFO     操作人:张三 内部订单id:23962929   XL-男女复合开衫-米色-福袋   >>>>>>>>>>>   XL-男女复合开衫-米色-融月粉_KB-CP
2022-12-11 13:30:29,551 INFO     操作人:张三 内部订单id:23962898   XL-男女中长连帽复合-杏色-福袋   >>>>>>>>>>>   XL-男女中长连帽复合-杏色-得意之作_KB-CP
2022-12-11 13:30:35,478 INFO     操作人:张三 内部订单id:23962891   L-男女中长圆领复合-墨绿-福袋   >>>>>>>>>>>   L-男女中长圆领复合-墨绿-山顶_K-CP
2022-12-11 13:30:41,094 INFO     操作人:张三 内部订单id:23962830   XL-男女复合开衫-米色-福袋   >>>>>>>>>>>   XL-男女复合开衫-米色-危险的旅行灰_K-CP
2022-12-11 13:30:41,095 INFO     操作人:张三 内部订单id:23962830   L-男女中长连帽复合-藏青-福袋   >>>>>>>>>>>   L-男女中长连帽复合-藏青-吊绳宇航员-CP
2022-12-11 13:30:41,095 INFO     操作人:张三 内部订单id:23962830   L-男女中长圆领复合-米色-福袋   >>>>>>>>>>>   L-男女中长圆领复合-米色-波动的心黑-CP
2022-12-11 13:30:46,370 INFO     操作人:张三 内部订单id:23962564   L-男女复合开衫-藏青-福袋   >>>>>>>>>>>   L-男女复合开衫-藏青-果酱熊白_K-CP
2022-12-11 13:30:51,183 INFO     操作人:张三 内部订单id:23962351   S-男女中长连帽复合-湖蓝-福袋   >>>>>>>>>>>   S-男女中长连帽复合-湖蓝-收集邮票-CP
2022-12-11 13:30:57,232 INFO     操作人:张三 内部订单id:23962326   L-男女中长连帽复合-酒红-福袋   >>>>>>>>>>>   L-男女中长连帽复合-酒红-宇航兔-CP
2022-12-11 13:30:57,232 INFO     操作人:张三 内部订单id:23962326   2X-男女复合开衫-黑色-福袋   >>>>>>>>>>>   2X-男女复合开衫-黑色-小草莓熊熊_K-草莓熊熊_B-CP
2022-12-11 13:30:57,233 INFO     操作人:张三 内部订单id:23962326   2X-男女中长连帽复合-藏青-福袋   >>>>>>>>>>>   2X-男女中长连帽复合-藏青-果酱熊白_KB-CP
2022-12-11 13:31:03,175 INFO     操作人:张三 内部订单id:23962144   XL-男女中长连帽复合-酒红-福袋   >>>>>>>>>>>   XL-男女中长连帽复合-酒红-机器熊联盟_ZB-CP
2022-12-11 13:31:09,060 INFO     操作人:张三 内部订单id:23962116   XL-男女复合开衫-黑色-福袋   >>>>>>>>>>>   XL-男女复合开衫-黑色-涂鸦柿子_K-CP
2022-12-11 13:31:09,060 INFO     操作人:张三 内部订单id:23962116   S-男女中长圆领复合-米色-福袋   >>>>>>>>>>>   S-男女中长圆领复合-米色-teddy-CP
2022-12-11 13:31:09,061 INFO     操作人:张三 内部订单id:23962116   S-男女中长连帽复合-米色-福袋   >>>>>>>>>>>   S-男女中长连帽复合-米色-老虎排排坐-CP
2022-12-11 13:31:09,061 INFO     操作人:张三 内部订单id:23962116   S-男女中长圆领复合-墨绿-福袋   >>>>>>>>>>>   S-男女中长圆领复合-墨绿-面积黑-CP
2022-12-11 13:31:09,061 INFO     操作人:张三 内部订单id:23962116   S-男女中长连帽复合-酒红-福袋   >>>>>>>>>>>   S-男女中长连帽复合-酒红-海洋计划-CP
2022-12-11 13:31:13,833 INFO     操作人:张三 内部订单id:23961817   M-男女中长圆领复合-米色-福袋   >>>>>>>>>>>   M-男女中长圆领复合-米色-张嘴兔-CP
2022-12-11 13:31:13,833 INFO     操作人:张三 内部订单id:23961817   M-男女复合开衫-藏青-福袋   >>>>>>>>>>>   M-男女复合开衫-藏青-摩洛哥_K-CP
2022-12-11 13:31:13,833 INFO     操作人:张三 内部订单id:23961817   M-男女中长连帽复合-黑色-福袋   >>>>>>>>>>>   M-男女中长连帽复合-黑色-小草莓熊熊_K-草莓熊熊_B-CP
2022-12-11 13:31:18,625 INFO     操作人:张三 内部订单id:23961450   XL-男女中长圆领复合-白色-福袋   >>>>>>>>>>>   XL-男女中长圆领复合-白色-羊娃娃-CP
2022-12-11 13:31:23,887 INFO     操作人:张三 内部订单id:23961432   3X-男女中长连帽复合-藏青-福袋   >>>>>>>>>>>   3X-男女中长连帽复合-藏青-好柿发生_K-CP
2022-12-11 13:31:28,683 INFO     操作人:张三 内部订单id:23949729   XL-男女中长圆领复合-深灰-福袋   >>>>>>>>>>>   XL-男女中长圆领复合-深灰-粉色星球蓝_KB-CP
2022-12-11 13:34:11,646 INFO     操作人:张三 内部订单id:23966816   2X-男圆领复合-福袋   >>>>>>>>>>>   2X-男圆领复合-黑色-圆圈笑脸白_K-CP,2X-男圆领复合-黑色-JSWL美味汉堡_ZB-CP
2022-12-11 13:34:16,572 INFO     操作人:张三 内部订单id:23964999   L-男圆领复合-福袋   >>>>>>>>>>>   L-男圆领复合-白色-简约字母-CP,L-男圆领复合-墨绿-吊绳宇航员_前领口-CP
2022-12-11 13:34:22,684 INFO     操作人:张三 内部订单id:23964538   2X-男圆领复合-福袋   >>>>>>>>>>>   2X-男圆领复合-米色-JSWL一家熊-CP,2X-男圆领复合-米色-JSWL棋盘格-CP
2022-12-11 13:34:28,419 INFO     操作人:张三 内部订单id:23964530   3X-男圆领复合-福袋   >>>>>>>>>>>   3X-男圆领复合-黑色-JSWL棋盘熊-CP,3X-男圆领复合-黑色-简约字母-CP,3X-男圆领复合-白色-行星小宇_K-CP,3X-男圆领复合-黑色-复古字母_K_前正中-CP
2022-12-11 13:34:33,673 INFO     操作人:张三 内部订单id:23964181   2X-男圆领毛圈-福袋   >>>>>>>>>>>   2X-男圆领毛圈-墨绿-自信男孩白_ZB-CP,2X-男圆领毛圈-姜黄-骨头和狗上_前领口-骨头和狗下_前正下-CP
2022-12-11 13:34:38,888 INFO     操作人:张三 内部订单id:23963919   3X-男圆领毛圈-福袋   >>>>>>>>>>>   3X-男圆领毛圈-豆绿-简约字母-CP,3X-男圆领毛圈-黑色-墨镜狗头红-CP
2022-12-11 13:34:43,642 INFO     操作人:张三 内部订单id:23963326   2X-男圆领复合-福袋   >>>>>>>>>>>   2X-男圆领复合-酒红-国风四宫格-CP,2X-男圆领复合-墨绿-美式冲浪_ZB-CP
2022-12-11 13:34:48,808 INFO     操作人:张三 内部订单id:23963099   XL-男圆领复合-福袋   >>>>>>>>>>>   XL-男圆领复合-米色-撕破醒狮-CP,XL-男圆领复合-烟粉-镂空熊蓝_K-镂空熊蓝_B_后右下-CP
2022-12-11 13:34:54,284 INFO     操作人:张三 内部订单id:23949230   XL-男连帽复合-福袋   >>>>>>>>>>>   XL-男连帽复合-黑色-JSWL菱格-CP
2022-12-11 13:34:54,284 INFO     操作人:张三 内部订单id:23949230   XL-男连帽复合-福袋   >>>>>>>>>>>   XL-男连帽复合-黑色-夏威夷旅车-CP
2022-12-11 13:34:59,305 INFO     操作人:张三 内部订单id:23937418   L-男圆领复合-福袋   >>>>>>>>>>>   L-男圆领复合-黑色-愉快熊猫_K-CP
2022-12-11 13:34:59,306 INFO     操作人:张三 内部订单id:23937418   L-男连帽复合-福袋   >>>>>>>>>>>   L-男连帽复合-黑色-JSWL危险艺术-CP
2022-12-11 13:37:01,979 INFO     操作人:张三 内部订单id:23966816   2X-男圆领复合-黑色-JSWL美味汉堡_ZB-CP   >>>>>>>>>>>   2X-男圆领复合-黑色-墨镜狗头黑-CP
2022-12-11 13:37:07,521 INFO     操作人:张三 内部订单id:23964999   L-男圆领复合-白色-简约字母-CP   >>>>>>>>>>>   L-男圆领复合-白色-像素小人-CP
2022-12-11 13:37:13,259 INFO     操作人:张三 内部订单id:23963919   3X-男圆领毛圈-黑色-墨镜狗头红-CP   >>>>>>>>>>>   3X-男圆领毛圈-黑色-啤酒趴白_KB-CP
2022-12-11 13:37:18,203 INFO     操作人:张三 内部订单id:23963326   2X-男圆领复合-酒红-国风四宫格-CP   >>>>>>>>>>>   2X-男圆领复合-酒红-钱兔无量-CP
2022-12-11 13:38:12,299 INFO     操作人:张三 内部订单id:23966816   2X-男圆领复合-黑色-墨镜狗头黑-CP   >>>>>>>>>>>   2X-男圆领复合-黑色-复古动漫_KB-CP
2022-12-11 13:41:18,860 INFO     操作人:张三 内部订单id:23966412   XL-男女复合开衫-福袋   >>>>>>>>>>>   XL-男女复合开衫-湖蓝-渔夫帽女_K-CP
2022-12-11 13:41:24,745 INFO     操作人:张三 内部订单id:23956480   S-男女中长连帽毛圈-福袋   >>>>>>>>>>>   S-男女中长连帽毛圈-酒红-啊对对对白-CP
2022-12-11 13:41:24,745 INFO     操作人:张三 内部订单id:23956480   S-男女中长连帽毛圈-福袋   >>>>>>>>>>>   S-男女中长连帽毛圈-黑色-猫猫至尊教-CP
2022-12-11 13:41:29,370 INFO     操作人:张三 内部订单id:23954607   L-男女中长连帽复合-福袋   >>>>>>>>>>>   L-男女中长连帽复合-黑色-草莓熊熊_KB-CP
2022-12-11 13:41:29,371 INFO     操作人:张三 内部订单id:23954607   L-男女中长连帽复合-福袋   >>>>>>>>>>>   L-男女中长连帽复合-湖蓝-薄荷巧克力熊白_ZB-CP
2022-12-11 13:41:34,697 INFO     操作人:张三 内部订单id:23952696   3X-男女中长圆领复合-福袋   >>>>>>>>>>>   3X-男女中长圆领复合-红色-棒球帽女_K-CP
2022-12-11 13:41:40,280 INFO     操作人:张三 内部订单id:23938536   XL-男女中长圆领复合-福袋   >>>>>>>>>>>   XL-男女中长圆领复合-藏青-活力老虎-CP
2022-12-11 13:41:45,686 INFO     操作人:张三 内部订单id:23938248   3X-男女中长连帽毛圈-福袋   >>>>>>>>>>>   3X-男女中长连帽毛圈-藏青-草莓熊熊_KB-CP
2022-12-11 13:41:45,686 INFO     操作人:张三 内部订单id:23938248   3X-男女中长连帽毛圈-福袋   >>>>>>>>>>>   3X-男女中长连帽毛圈-白色-机器熊环绕-CP
2022-12-11 13:42:44,117 INFO     操作人:张三 内部订单id:23938248   3X-男女中长连帽毛圈-藏青-草莓熊熊_KB-CP   >>>>>>>>>>>   3X-男女中长连帽毛圈-藏青-草莓熊熊_KB-CP
2022-12-11 13:43:26,197 INFO     操作人:张三 内部订单id:23938248   3X-男女中长连帽毛圈-藏青-草莓熊熊_KB-CP   >>>>>>>>>>>   3X-男女中长连帽毛圈-藏青-天空鲸鱼紫_KB-CP
