2022-12-09 11:20:59,308 INFO     操作人:张三 内部订单id:23923089   随码-男女中长连帽复合-福袋   >>>>>>>>>>>   XL-男女中长连帽复合-福袋
2022-12-09 11:21:05,082 INFO     操作人:张三 内部订单id:23920674   3X-男女中长圆领复合-豆绿-福袋   >>>>>>>>>>>   3X-男女中长圆领复合-豆绿-休眠富士山_K-CP
2022-12-09 11:21:15,962 INFO     操作人:张三 内部订单id:23919790   随码-男女中长连帽复合-福袋   >>>>>>>>>>>   XL-男女中长连帽复合-福袋
2022-12-09 11:21:21,138 INFO     操作人:张三 内部订单id:23919610   随码-男女中长连帽毛圈-福袋   >>>>>>>>>>>   2X-男女中长连帽毛圈-福袋
2022-12-09 11:21:25,957 INFO     操作人:张三 内部订单id:23919477   随码-男女中长连帽复合-福袋   >>>>>>>>>>>   M-男女中长连帽复合-福袋
2022-12-09 11:21:30,766 INFO     操作人:张三 内部订单id:23918797   随码-男女中长连帽复合-福袋   >>>>>>>>>>>   L-男女中长连帽复合-福袋
2022-12-09 11:21:36,427 INFO     操作人:张三 内部订单id:23918308   XL-男女中长圆领毛圈-黑色-福袋   >>>>>>>>>>>   XL-男女中长圆领毛圈-黑色-倒流玫瑰-CP
2022-12-09 11:21:36,427 INFO     操作人:张三 内部订单id:23918308   XL-男女中长圆领毛圈-黑色-福袋   >>>>>>>>>>>   XL-男女中长圆领毛圈-黑色-小猪_K-CP
2022-12-09 11:21:46,670 INFO     操作人:张三 内部订单id:23917114   L-男女中长圆领复合-墨绿-福袋   >>>>>>>>>>>   L-男女中长圆领复合-墨绿-捕捉泡泡鱼米-CP
2022-12-09 11:25:57,274 INFO     操作人:张三 内部订单id:23923089   XL-男女中长连帽复合-福袋   >>>>>>>>>>>   XL-男女中长连帽复合-酒红-破茧重生-CP
2022-12-09 11:26:05,453 INFO     操作人:张三 内部订单id:23920674   3X-男女中长圆领复合-豆绿-休眠富士山_K-CP   >>>>>>>>>>>   3X-男女中长圆领复合-豆绿-绿圆崽崽-CP
2022-12-09 11:26:10,742 INFO     操作人:张三 内部订单id:23919835   2X-男女中长连帽复合-福袋   >>>>>>>>>>>   2X-男女中长连帽复合-杏色-抹茶移动星白_ZB-CP
2022-12-09 11:26:15,960 INFO     操作人:张三 内部订单id:23919790   XL-男女中长连帽复合-福袋   >>>>>>>>>>>   XL-男女中长连帽复合-米色-橘色小花束_K-CP
2022-12-09 11:26:21,073 INFO     操作人:张三 内部订单id:23919610   2X-男女中长连帽毛圈-福袋   >>>>>>>>>>>   2X-男女中长连帽毛圈-黑色-福虎_K-CP
2022-12-09 11:26:27,616 INFO     操作人:张三 内部订单id:23919477   M-男女中长连帽复合-福袋   >>>>>>>>>>>   M-男女中长连帽复合-白色-游泳鳄鱼-CP
2022-12-09 11:26:33,220 INFO     操作人:张三 内部订单id:23918797   L-男女中长连帽复合-福袋   >>>>>>>>>>>   L-男女中长连帽复合-白色-心跳旋风-CP
2022-12-09 11:26:39,453 INFO     操作人:张三 内部订单id:23918308   XL-男女中长圆领毛圈-黑色-小猪_K-CP   >>>>>>>>>>>   XL-男女中长圆领毛圈-黑色-招手左侧熊_K-招手左侧熊_Z_前右下-CP
2022-12-09 11:27:21,549 INFO     操作人:张三 内部订单id:23920674   3X-男女中长圆领复合-豆绿-绿圆崽崽-CP   >>>>>>>>>>>   3X-男女中长圆领复合-豆绿-休眠富士山_K-CP
2022-12-09 11:28:20,905 INFO     操作人:张三 内部订单id:23920674   3X-男女中长圆领复合-豆绿-休眠富士山_K-CP   >>>>>>>>>>>   3X-男女中长圆领复合-豆绿-早安太阳_K-CP
2022-12-09 11:28:40,708 INFO     操作人:张三 内部订单id:23920674   3X-男女中长圆领复合-豆绿-早安太阳_K-CP   >>>>>>>>>>>   3X-男女中长圆领复合-豆绿-中国青年_KB-CP
2022-12-09 11:29:10,848 INFO     操作人:张三 内部订单id:23920674   3X-男女中长圆领复合-豆绿-中国青年_KB-CP   >>>>>>>>>>>   3X-男女中长圆领复合-豆绿-绿圆崽崽-CP
2022-12-09 11:29:38,730 INFO     操作人:张三 内部订单id:23920674   3X-男女中长圆领复合-豆绿-绿圆崽崽-CP   >>>>>>>>>>>   3X-男女中长圆领复合-豆绿-薄雾熊_KB-CP
2022-12-09 11:30:03,399 INFO     操作人:张三 内部订单id:23920674   3X-男女中长圆领复合-豆绿-薄雾熊_KB-CP   >>>>>>>>>>>   3X-男女中长圆领复合-豆绿-像素熊-CP
2022-12-09 11:30:26,150 INFO     操作人:张三 内部订单id:23920674   3X-男女中长圆领复合-豆绿-像素熊-CP   >>>>>>>>>>>   3X-男女中长圆领复合-豆绿-奇奇偷瞄-CP
2022-12-09 11:31:27,435 INFO     操作人:张三 内部订单id:23920674   3X-男女中长圆领复合-豆绿-奇奇偷瞄-CP   >>>>>>>>>>>   3X-男女中长圆领复合-豆绿-唯一的爱-CP
2022-12-09 11:35:56,752 INFO     操作人:张三 内部订单id:23924233   XL-男圆领复合-福袋   >>>>>>>>>>>   XL-男圆领复合-墨绿-披头士-CP
2022-12-09 11:35:56,753 INFO     操作人:张三 内部订单id:23924233   XL-男圆领毛圈-福袋   >>>>>>>>>>>   XL-男圆领毛圈-米色-兔飞云霄-CP
2022-12-09 11:36:02,212 INFO     操作人:张三 内部订单id:23924137   2X-男圆领复合-福袋   >>>>>>>>>>>   2X-男圆领复合-黑色-幸运之城-CP
2022-12-09 11:36:02,212 INFO     操作人:张三 内部订单id:23924137   2X-男圆领毛圈-福袋   >>>>>>>>>>>   2X-男圆领毛圈-湖蓝-三块标牌_K-CP
2022-12-09 11:36:11,219 INFO     操作人:张三 内部订单id:23924043   2X-男连帽复合-福袋   >>>>>>>>>>>   2X-男连帽复合-黑色-JSWL菱格-CP
2022-12-09 11:36:11,220 INFO     操作人:张三 内部订单id:23924043   2X-男连帽毛圈-福袋   >>>>>>>>>>>   2X-男连帽毛圈-麻灰-美式飞机绿_KB-CP
2022-12-09 11:36:16,561 INFO     操作人:张三 内部订单id:23924042   XL-男圆领复合-福袋   >>>>>>>>>>>   XL-男圆领复合-麻灰-啊对对蓝-CP
2022-12-09 11:36:16,561 INFO     操作人:张三 内部订单id:23924042   XL-男圆领毛圈-福袋   >>>>>>>>>>>   XL-男圆领毛圈-白色-星球坠落白_KB-CP
2022-12-09 11:36:21,763 INFO     操作人:张三 内部订单id:23923987   M-男圆领复合-福袋   >>>>>>>>>>>   M-男圆领复合-黑色-舞狮白字_ZB-CP
2022-12-09 11:36:21,764 INFO     操作人:张三 内部订单id:23923987   M-男圆领毛圈-福袋   >>>>>>>>>>>   M-男圆领毛圈-深灰-彩色笔刷_K-CP
2022-12-09 11:36:26,475 INFO     操作人:张三 内部订单id:23923911   XL-男圆领复合-福袋   >>>>>>>>>>>   XL-男圆领复合-深灰-墨镜狗头黑-CP
2022-12-09 11:36:26,475 INFO     操作人:张三 内部订单id:23923911   XL-男圆领毛圈-福袋   >>>>>>>>>>>   XL-男圆领毛圈-墨绿-国潮三格-CP
2022-12-09 11:36:33,032 INFO     操作人:张三 内部订单id:23923910   M-男圆领复合-福袋   >>>>>>>>>>>   M-男圆领复合-米色-油画兔-CP
2022-12-09 11:36:33,033 INFO     操作人:张三 内部订单id:23923910   M-男圆领毛圈-福袋   >>>>>>>>>>>   M-男圆领毛圈-雾霾蓝-JWS-CP
2022-12-09 11:36:38,219 INFO     操作人:张三 内部订单id:23923778   L-男圆领复合-福袋   >>>>>>>>>>>   L-男圆领复合-湖蓝-JSWL四色小狮-CP,L-男圆领复合-雾霾蓝-炫彩玩偶_ZB-CP
2022-12-09 11:36:44,318 INFO     操作人:张三 内部订单id:23923714   3X-男圆领复合-福袋   >>>>>>>>>>>   3X-男圆领复合-烟粉-四色醒狮-CP
2022-12-09 11:36:44,318 INFO     操作人:张三 内部订单id:23923714   3X-男圆领毛圈-福袋   >>>>>>>>>>>   3X-男圆领毛圈-雾霾蓝-JSWL万事幸运-CP
2022-12-09 11:36:55,512 INFO     操作人:张三 内部订单id:23923584   XL-男连帽复合-福袋   >>>>>>>>>>>   XL-男连帽复合-白色-墨镜狗头黑-CP
2022-12-09 11:36:55,513 INFO     操作人:张三 内部订单id:23923584   XL-男连帽毛圈-福袋   >>>>>>>>>>>   XL-男连帽毛圈-姜黄-滑板宇航黑_ZB-CP
2022-12-09 11:37:01,500 INFO     操作人:张三 内部订单id:23923583   L-男圆领复合-福袋   >>>>>>>>>>>   L-男圆领复合-雾霾蓝-JSWL宝贝羊白-CP
2022-12-09 11:37:01,500 INFO     操作人:张三 内部订单id:23923583   L-男圆领毛圈-福袋   >>>>>>>>>>>   L-男圆领毛圈-米色-小虎头_K-CP
2022-12-09 11:37:06,916 INFO     操作人:张三 内部订单id:23923559   L-男连帽复合-福袋   >>>>>>>>>>>   L-男连帽复合-麻灰-创意china中国-CP
2022-12-09 11:37:06,916 INFO     操作人:张三 内部订单id:23923559   L-男连帽毛圈-福袋   >>>>>>>>>>>   L-男连帽毛圈-麻灰-自然风景-CP
2022-12-09 11:37:12,852 INFO     操作人:张三 内部订单id:23923320   L-男圆领复合-福袋   >>>>>>>>>>>   L-男圆领复合-黑色-全员恶人-CP
2022-12-09 11:37:12,852 INFO     操作人:张三 内部订单id:23923320   L-男圆领毛圈-福袋   >>>>>>>>>>>   L-男圆领毛圈-湖蓝-美式飞机绿_KB-CP
2022-12-09 11:37:18,701 INFO     操作人:张三 内部订单id:23923283   2X-男圆领复合-福袋   >>>>>>>>>>>   2X-男圆领复合-黑色-幸运之城-CP
2022-12-09 11:37:18,701 INFO     操作人:张三 内部订单id:23923283   2X-男圆领毛圈-福袋   >>>>>>>>>>>   2X-男圆领毛圈-雾霾蓝-车旅-CP
2022-12-09 11:37:24,043 INFO     操作人:张三 内部订单id:23923281   2X-男圆领复合-福袋   >>>>>>>>>>>   2X-男圆领复合-红色-双喜兔-CP
2022-12-09 11:37:24,044 INFO     操作人:张三 内部订单id:23923281   2X-男圆领毛圈-福袋   >>>>>>>>>>>   2X-男圆领毛圈-暖橘-看鲸小宇大-CP
2022-12-09 11:37:30,471 INFO     操作人:张三 内部订单id:23923156   XL-男圆领复合-福袋   >>>>>>>>>>>   XL-男圆领复合-墨绿-国潮三格-CP
2022-12-09 11:37:30,472 INFO     操作人:张三 内部订单id:23923156   XL-男圆领毛圈-福袋   >>>>>>>>>>>   XL-男圆领毛圈-黑色-露营_KB-CP
2022-12-09 11:37:37,180 INFO     操作人:张三 内部订单id:23923049   2X-男圆领复合-福袋   >>>>>>>>>>>   2X-男圆领复合-红色-笔刷风景-CP
2022-12-09 11:37:37,180 INFO     操作人:张三 内部订单id:23923049   2X-男圆领毛圈-福袋   >>>>>>>>>>>   2X-男圆领毛圈-姜黄-镂空熊白_K-镂空熊白_B_后右下-CP
2022-12-09 11:37:42,723 INFO     操作人:张三 内部订单id:23923048   M-男圆领复合-福袋   >>>>>>>>>>>   M-男圆领复合-湖蓝-玉兔招财-CP
2022-12-09 11:37:42,724 INFO     操作人:张三 内部订单id:23923048   M-男圆领毛圈-福袋   >>>>>>>>>>>   M-男圆领毛圈-红色-JSWL棋盘格-CP
2022-12-09 11:37:48,065 INFO     操作人:张三 内部订单id:23923004   XL-男圆领复合-福袋   >>>>>>>>>>>   XL-男圆领复合-黑色-柠檬水白-CP
2022-12-09 11:37:48,065 INFO     操作人:张三 内部订单id:23923004   XL-男圆领毛圈-福袋   >>>>>>>>>>>   XL-男圆领毛圈-姜黄-开运醒狮-CP
2022-12-09 11:37:53,919 INFO     操作人:张三 内部订单id:23923003   2X-男圆领复合-福袋   >>>>>>>>>>>   2X-男圆领复合-白色-和谐字母-CP
2022-12-09 11:37:53,919 INFO     操作人:张三 内部订单id:23923003   2X-男圆领毛圈-福袋   >>>>>>>>>>>   2X-男圆领毛圈-雾霾蓝-统治者-CP
2022-12-09 11:37:58,693 INFO     操作人:张三 内部订单id:23922924   L-男圆领复合-福袋   >>>>>>>>>>>   L-男圆领复合-深灰-涂鸦恶魔-CP
2022-12-09 11:37:58,694 INFO     操作人:张三 内部订单id:23922924   L-男圆领毛圈-福袋   >>>>>>>>>>>   L-男圆领毛圈-白色-骑车侠-CP
2022-12-09 11:38:04,546 INFO     操作人:张三 内部订单id:23922844   L-男圆领复合-福袋   >>>>>>>>>>>   L-男圆领复合-黑色-史迪仔生气-CP
2022-12-09 11:38:04,546 INFO     操作人:张三 内部订单id:23922844   L-男圆领毛圈-福袋   >>>>>>>>>>>   L-男圆领毛圈-黑色-中国金-CP
2022-12-09 11:38:09,910 INFO     操作人:张三 内部订单id:23922830   2X-男连帽复合-福袋   >>>>>>>>>>>   2X-男连帽复合-米色-JSWL篆书-CP
2022-12-09 11:38:09,910 INFO     操作人:张三 内部订单id:23922830   2X-男连帽毛圈-福袋   >>>>>>>>>>>   2X-男连帽毛圈-黑色-鹿靠背-CP
2022-12-09 11:38:15,961 INFO     操作人:张三 内部订单id:23922750   M-男圆领复合-福袋   >>>>>>>>>>>   M-男圆领复合-白色-四格神兽-CP
2022-12-09 11:38:15,961 INFO     操作人:张三 内部订单id:23922750   M-男圆领毛圈-福袋   >>>>>>>>>>>   M-男圆领毛圈-米色-地球艺术-CP
2022-12-09 11:38:20,983 INFO     操作人:张三 内部订单id:23922716   S-男圆领复合-福袋   >>>>>>>>>>>   S-男圆领复合-深灰-午后咖啡_ZB-CP
2022-12-09 11:38:20,983 INFO     操作人:张三 内部订单id:23922716   S-男圆领毛圈-福袋   >>>>>>>>>>>   S-男圆领毛圈-雾霾蓝-熊猫戏白_ZB-CP
2022-12-09 11:38:25,686 INFO     操作人:张三 内部订单id:23922642   XL-男圆领复合-福袋   >>>>>>>>>>>   XL-男圆领复合-深灰-复古m_KB-CP
2022-12-09 11:38:25,687 INFO     操作人:张三 内部订单id:23922642   XL-男圆领毛圈-福袋   >>>>>>>>>>>   XL-男圆领毛圈-红色-喜乐-CP
2022-12-09 11:38:31,977 INFO     操作人:张三 内部订单id:23922553   L-男圆领复合-福袋   >>>>>>>>>>>   L-男圆领复合-米色-像素游戏_Z-CP
2022-12-09 11:38:31,977 INFO     操作人:张三 内部订单id:23922553   L-男圆领毛圈-福袋   >>>>>>>>>>>   L-男圆领毛圈-黑色-人类_KB-CP
2022-12-09 11:38:37,233 INFO     操作人:张三 内部订单id:23922546   XL-男圆领复合-福袋   >>>>>>>>>>>   XL-男圆领复合-黑色-自然风景-CP
2022-12-09 11:38:37,233 INFO     操作人:张三 内部订单id:23922546   XL-男圆领毛圈-福袋   >>>>>>>>>>>   XL-男圆领毛圈-红色-兔飞猛进-CP
2022-12-09 11:38:43,888 INFO     操作人:张三 内部订单id:23922514   XL-男连帽复合-福袋   >>>>>>>>>>>   XL-男连帽复合-湖蓝-飞行小宇-CP
2022-12-09 11:38:43,889 INFO     操作人:张三 内部订单id:23922514   XL-男连帽毛圈-福袋   >>>>>>>>>>>   XL-男连帽毛圈-白色-十字架_ZB-CP
2022-12-09 11:38:48,970 INFO     操作人:张三 内部订单id:23922497   3X-男连帽复合-福袋   >>>>>>>>>>>   3X-男连帽复合-黑色-泼墨醒狮白-CP
2022-12-09 11:38:48,970 INFO     操作人:张三 内部订单id:23922497   3X-男连帽毛圈-福袋   >>>>>>>>>>>   3X-男连帽毛圈-姜黄-冰冻柠檬_ZB-CP
2022-12-09 11:38:54,609 INFO     操作人:张三 内部订单id:23922491   3X-男圆领复合-福袋   >>>>>>>>>>>   3X-男圆领复合-红色-清新豚_K-CP
2022-12-09 11:38:54,609 INFO     操作人:张三 内部订单id:23922491   3X-男圆领毛圈-福袋   >>>>>>>>>>>   3X-男圆领毛圈-姜黄-中国醒狮-CP
2022-12-09 11:38:59,773 INFO     操作人:张三 内部订单id:23922475   3X-男圆领复合-福袋   >>>>>>>>>>>   3X-男圆领复合-湖蓝-四色醒狮-CP
2022-12-09 11:38:59,774 INFO     操作人:张三 内部订单id:23922475   3X-男圆领毛圈-福袋   >>>>>>>>>>>   3X-男圆领毛圈-雾霾蓝-JSWL方块人-CP
2022-12-09 11:39:05,864 INFO     操作人:张三 内部订单id:23922454   M-男连帽复合-福袋   >>>>>>>>>>>   M-男连帽复合-黑色-舞狮虎-CP
2022-12-09 11:39:05,865 INFO     操作人:张三 内部订单id:23922454   M-男连帽毛圈-福袋   >>>>>>>>>>>   M-男连帽毛圈-白色-JSWL计划_KB-CP
2022-12-09 11:39:12,200 INFO     操作人:张三 内部订单id:23922429   4X-男连帽复合-福袋   >>>>>>>>>>>   4X-男连帽复合-红色-小金兔3_K-CP
2022-12-09 11:39:12,200 INFO     操作人:张三 内部订单id:23922429   4X-男连帽毛圈-福袋   >>>>>>>>>>>   4X-男连帽毛圈-黑色-欧洲旅行-CP
2022-12-09 11:39:18,996 INFO     操作人:张三 内部订单id:23922420   XL-男连帽复合-福袋   >>>>>>>>>>>   XL-男连帽复合-黑色-熊_KB-CP
2022-12-09 11:39:18,996 INFO     操作人:张三 内部订单id:23922420   XL-男连帽毛圈-福袋   >>>>>>>>>>>   XL-男连帽毛圈-黑色-JWS小蓝怪_K-CP
2022-12-09 11:39:25,037 INFO     操作人:张三 内部订单id:23922391   2X-男连帽复合-福袋   >>>>>>>>>>>   2X-男连帽复合-黑色-飞行小宇-CP
2022-12-09 11:39:25,038 INFO     操作人:张三 内部订单id:23922391   2X-男连帽毛圈-福袋   >>>>>>>>>>>   2X-男连帽毛圈-米色-JSWLCB_ZB-CP
2022-12-09 11:39:30,760 INFO     操作人:张三 内部订单id:23922381   XL-男圆领复合-福袋   >>>>>>>>>>>   XL-男圆领复合-深灰-简约字母-CP
2022-12-09 11:39:30,761 INFO     操作人:张三 内部订单id:23922381   XL-男圆领毛圈-福袋   >>>>>>>>>>>   XL-男圆领毛圈-米色-松柏仙鹤_K-CP
2022-12-09 11:39:36,216 INFO     操作人:张三 内部订单id:23922380   XL-男连帽复合-福袋   >>>>>>>>>>>   XL-男连帽复合-深灰-长安归故里白_KB-CP
2022-12-09 11:39:36,216 INFO     操作人:张三 内部订单id:23922380   XL-男连帽毛圈-福袋   >>>>>>>>>>>   XL-男连帽毛圈-暖橘-海岛旅行-CP
2022-12-09 11:39:42,824 INFO     操作人:张三 内部订单id:23922313   L-男圆领复合-福袋   >>>>>>>>>>>   L-男圆领复合-暖橘-小金虎-CP
2022-12-09 11:39:42,824 INFO     操作人:张三 内部订单id:23922313   L-男圆领毛圈-福袋   >>>>>>>>>>>   L-男圆领毛圈-墨绿-JSWL彩色-CP
2022-12-09 11:39:47,868 INFO     操作人:张三 内部订单id:23922244   4X-男连帽复合-福袋   >>>>>>>>>>>   4X-男连帽复合-雾霾蓝-JSWL喜剧故事-CP
2022-12-09 11:39:47,869 INFO     操作人:张三 内部订单id:23922244   4X-男连帽毛圈-福袋   >>>>>>>>>>>   4X-男连帽毛圈-深灰-星球灌篮_ZB-CP
2022-12-09 11:39:53,633 INFO     操作人:张三 内部订单id:23922196   XL-男圆领复合-福袋   >>>>>>>>>>>   XL-男圆领复合-黑色-JWS小蓝怪_K-CP
2022-12-09 11:39:53,634 INFO     操作人:张三 内部订单id:23922196   XL-男圆领毛圈-福袋   >>>>>>>>>>>   XL-男圆领毛圈-黑色-欧洲旅行-CP
2022-12-09 11:39:59,722 INFO     操作人:张三 内部订单id:23922145   XL-男连帽复合-福袋   >>>>>>>>>>>   XL-男连帽复合-麻灰-彩色涂鸦熊_ZB-CP
2022-12-09 11:39:59,723 INFO     操作人:张三 内部订单id:23922145   XL-男连帽毛圈-福袋   >>>>>>>>>>>   XL-男连帽毛圈-黑色-啊对对白-CP
2022-12-09 11:40:11,772 INFO     操作人:张三 内部订单id:23922065   L-男圆领复合-福袋   >>>>>>>>>>>   L-男圆领复合-红色-简约字母-CP
2022-12-09 11:40:11,773 INFO     操作人:张三 内部订单id:23922065   L-男圆领毛圈-福袋   >>>>>>>>>>>   L-男圆领毛圈-黑色-乘风破浪白_KB-CP
2022-12-09 11:40:17,592 INFO     操作人:张三 内部订单id:23922040   M-男圆领复合-福袋   >>>>>>>>>>>   M-男圆领复合-麻灰-JSWL侦探鸭-CP
2022-12-09 11:40:17,593 INFO     操作人:张三 内部订单id:23922040   M-男圆领毛圈-福袋   >>>>>>>>>>>   M-男圆领毛圈-红木-地球艺术-CP
2022-12-09 11:40:23,954 INFO     操作人:张三 内部订单id:23922003   2X-男连帽复合-福袋   >>>>>>>>>>>   2X-男连帽复合-黑色-JSWL篆书-CP
2022-12-09 11:40:23,955 INFO     操作人:张三 内部订单id:23922003   2X-男连帽毛圈-福袋   >>>>>>>>>>>   2X-男连帽毛圈-黑色-JSWLCB_ZB-CP
2022-12-09 11:40:29,638 INFO     操作人:张三 内部订单id:23921978   L-男连帽复合-福袋   >>>>>>>>>>>   L-男连帽复合-白色-JSWL菱格-CP
2022-12-09 11:40:29,638 INFO     操作人:张三 内部订单id:23921978   L-男连帽毛圈-福袋   >>>>>>>>>>>   L-男连帽毛圈-豆绿-吊绳史迪仔_前领口-CP
2022-12-09 11:40:35,387 INFO     操作人:张三 内部订单id:23921977   L-男圆领复合-福袋   >>>>>>>>>>>   L-男圆领复合-黑色-七彩小熊_KB-CP
2022-12-09 11:40:35,388 INFO     操作人:张三 内部订单id:23921977   L-男圆领毛圈-福袋   >>>>>>>>>>>   L-男圆领毛圈-黑色-JSWL环绕十字_ZB-CP
2022-12-09 11:40:41,948 INFO     操作人:张三 内部订单id:23921976   XL-男圆领毛圈-福袋   >>>>>>>>>>>   XL-男圆领毛圈-黑色-故里有长安白_KB-CP
2022-12-09 11:40:41,949 INFO     操作人:张三 内部订单id:23921976   S-男圆领复合-福袋   >>>>>>>>>>>   S-男圆领复合-雾霾蓝-大穿越星河_Z-CP
2022-12-09 11:40:46,815 INFO     操作人:张三 内部订单id:23921939   L-男连帽复合-福袋   >>>>>>>>>>>   L-男连帽复合-湖蓝-JSWL太空超市-CP
2022-12-09 11:40:46,815 INFO     操作人:张三 内部订单id:23921939   L-男连帽毛圈-福袋   >>>>>>>>>>>   L-男连帽毛圈-米色-车旅-CP
2022-12-09 11:40:52,050 INFO     操作人:张三 内部订单id:23921896   2X-男圆领复合-福袋   >>>>>>>>>>>   2X-男圆领复合-米色-穿越星河黄-CP
2022-12-09 11:40:52,050 INFO     操作人:张三 内部订单id:23921896   2X-男圆领毛圈-福袋   >>>>>>>>>>>   2X-男圆领毛圈-米色-国潮三格-CP
2022-12-09 11:40:57,848 INFO     操作人:张三 内部订单id:23921895   2X-男圆领复合-福袋   >>>>>>>>>>>   2X-男圆领复合-湖蓝-涂鸦恶魔-CP
2022-12-09 11:40:57,848 INFO     操作人:张三 内部订单id:23921895   2X-男圆领毛圈-福袋   >>>>>>>>>>>   2X-男圆领毛圈-麻灰-吊绳史迪仔_前领口-CP
2022-12-09 11:41:03,998 INFO     操作人:张三 内部订单id:23921894   XL-男连帽复合-福袋   >>>>>>>>>>>   XL-男连帽复合-米色-矩形醒狮蓝_KB-CP
2022-12-09 11:41:03,998 INFO     操作人:张三 内部订单id:23921894   XL-男连帽毛圈-福袋   >>>>>>>>>>>   XL-男连帽毛圈-雾霾蓝-JSWL潮牌R_KB-CP
2022-12-09 11:41:10,027 INFO     操作人:张三 内部订单id:23921836   2X-男圆领复合-福袋   >>>>>>>>>>>   2X-男圆领复合-深灰-鹿靠背-CP
2022-12-09 11:41:10,027 INFO     操作人:张三 内部订单id:23921836   2X-男圆领毛圈-福袋   >>>>>>>>>>>   2X-男圆领毛圈-红色-兔子侠_K-CP
2022-12-09 11:41:16,966 INFO     操作人:张三 内部订单id:23921835   XL-男连帽复合-福袋   >>>>>>>>>>>   XL-男连帽复合-黑色-海岛旅行-CP
2022-12-09 11:41:16,966 INFO     操作人:张三 内部订单id:23921835   XL-男连帽毛圈-福袋   >>>>>>>>>>>   XL-男连帽毛圈-白色-欧洲旅行-CP
2022-12-09 11:41:22,938 INFO     操作人:张三 内部订单id:23921834   L-男圆领复合-福袋   >>>>>>>>>>>   L-男圆领复合-麻灰-穿越星河黄-CP
2022-12-09 11:41:22,938 INFO     操作人:张三 内部订单id:23921834   L-男圆领毛圈-福袋   >>>>>>>>>>>   L-男圆领毛圈-黑色-JSWL三色涂鸦-CP
2022-12-09 11:41:29,696 INFO     操作人:张三 内部订单id:23921833   3X-男圆领复合-福袋   >>>>>>>>>>>   3X-男圆领复合-深灰-披萨_KB-CP
2022-12-09 11:41:29,696 INFO     操作人:张三 内部订单id:23921833   3X-男圆领毛圈-福袋   >>>>>>>>>>>   3X-男圆领毛圈-白色-故里有长安黑_KB-CP
2022-12-09 11:41:37,209 INFO     操作人:张三 内部订单id:23921832   L-男圆领复合-福袋   >>>>>>>>>>>   L-男圆领复合-米色-JSWL完美-CP
2022-12-09 11:41:37,209 INFO     操作人:张三 内部订单id:23921832   L-男圆领毛圈-福袋   >>>>>>>>>>>   L-男圆领毛圈-红色-车旅-CP
2022-12-09 11:41:44,022 INFO     操作人:张三 内部订单id:23921782   S-男圆领复合-福袋   >>>>>>>>>>>   S-男圆领复合-米色-快乐夜晚_ZB-CP
2022-12-09 11:41:44,022 INFO     操作人:张三 内部订单id:23921782   S-男圆领毛圈-福袋   >>>>>>>>>>>   S-男圆领毛圈-雾霾蓝-宇航员登月-CP
2022-12-09 11:41:49,023 INFO     操作人:张三 内部订单id:23921781   XL-男圆领复合-福袋   >>>>>>>>>>>   XL-男圆领复合-深灰-兔子侠_K-CP
2022-12-09 11:41:49,024 INFO     操作人:张三 内部订单id:23921781   XL-男圆领毛圈-福袋   >>>>>>>>>>>   XL-男圆领毛圈-黑色-干杯_K-CP
2022-12-09 11:41:56,049 INFO     操作人:张三 内部订单id:23921732   XL-男圆领复合-福袋   >>>>>>>>>>>   XL-男圆领复合-姜黄-披头士-CP
2022-12-09 11:41:56,050 INFO     操作人:张三 内部订单id:23921732   XL-男圆领毛圈-福袋   >>>>>>>>>>>   XL-男圆领毛圈-麻灰-四色醒狮-CP
2022-12-09 11:42:03,770 INFO     操作人:张三 内部订单id:23921690   2X-男连帽复合-福袋   >>>>>>>>>>>   2X-男连帽复合-米色-漫画醒狮蓝-CP
2022-12-09 11:42:03,770 INFO     操作人:张三 内部订单id:23921690   2X-男连帽毛圈-福袋   >>>>>>>>>>>   2X-男连帽毛圈-湖蓝-国风四宫格-CP
2022-12-09 11:42:10,080 INFO     操作人:张三 内部订单id:23921689   2X-男圆领复合-福袋   >>>>>>>>>>>   2X-男圆领复合-红色-中国寅虎白-CP
2022-12-09 11:42:10,081 INFO     操作人:张三 内部订单id:23921689   2X-男圆领毛圈-福袋   >>>>>>>>>>>   2X-男圆领毛圈-白色-四季穿搭-CP
2022-12-09 11:42:16,644 INFO     操作人:张三 内部订单id:23921622   L-男圆领复合-福袋   >>>>>>>>>>>   L-男圆领复合-深灰-喜乐-CP
2022-12-09 11:42:16,644 INFO     操作人:张三 内部订单id:23921622   L-男圆领毛圈-福袋   >>>>>>>>>>>   L-男圆领毛圈-麻灰-四格神兽-CP
2022-12-09 11:42:22,592 INFO     操作人:张三 内部订单id:23921621   2X-男圆领复合-福袋   >>>>>>>>>>>   2X-男圆领复合-黑色-篆书中国白-CP
2022-12-09 11:42:22,593 INFO     操作人:张三 内部订单id:23921621   2X-男圆领毛圈-福袋   >>>>>>>>>>>   2X-男圆领毛圈-麻灰-海岛旅行-CP
2022-12-09 11:42:28,285 INFO     操作人:张三 内部订单id:23921386   L-男连帽复合-福袋   >>>>>>>>>>>   L-男连帽复合-红色-JSWL白_K-CP
2022-12-09 11:42:28,285 INFO     操作人:张三 内部订单id:23921386   L-男连帽毛圈-福袋   >>>>>>>>>>>   L-男连帽毛圈-红木-小宇2白-CP
2022-12-09 11:42:34,562 INFO     操作人:张三 内部订单id:23921359   2X-男连帽复合-福袋   >>>>>>>>>>>   2X-男连帽复合-麻灰-JSWL菱格-CP
2022-12-09 11:42:34,562 INFO     操作人:张三 内部订单id:23921359   2X-男连帽毛圈-福袋   >>>>>>>>>>>   2X-男连帽毛圈-麻灰-鹿靠背-CP
2022-12-09 11:42:40,271 INFO     操作人:张三 内部订单id:23921272   3X-男圆领毛圈-福袋   >>>>>>>>>>>   3X-男圆领毛圈-米色-穿越星河_B_前正中-CP,3X-男圆领毛圈-暖橘-潮牌星白_K-CP
2022-12-09 11:42:45,292 INFO     操作人:张三 内部订单id:23921185   2X-男圆领复合-福袋   >>>>>>>>>>>   2X-男圆领复合-酒红-好运醒狮-CP
2022-12-09 11:42:45,346 INFO     操作人:张三 内部订单id:23921185   2X-男圆领毛圈-福袋   >>>>>>>>>>>   2X-男圆领毛圈-米色-小胖虎-CP
2022-12-09 11:42:50,082 INFO     操作人:张三 内部订单id:23921124   3X-男连帽复合-福袋   >>>>>>>>>>>   3X-男连帽复合-湖蓝-JSWL绿色村庄_K-CP
2022-12-09 11:42:50,083 INFO     操作人:张三 内部订单id:23921124   3X-男连帽毛圈-福袋   >>>>>>>>>>>   3X-男连帽毛圈-暖橘-海岛旅行-CP
2022-12-09 11:42:55,336 INFO     操作人:张三 内部订单id:23921123   L-男圆领复合-福袋   >>>>>>>>>>>   L-男圆领复合-深灰-大写字母白_KB-CP
2022-12-09 11:42:55,336 INFO     操作人:张三 内部订单id:23921123   L-男圆领毛圈-福袋   >>>>>>>>>>>   L-男圆领毛圈-白色-JSWL有钱熊-CP
2022-12-09 11:43:02,698 INFO     操作人:张三 内部订单id:23921122   M-男连帽复合-福袋   >>>>>>>>>>>   M-男连帽复合-黑色-鹿靠背-CP
2022-12-09 11:43:02,698 INFO     操作人:张三 内部订单id:23921122   M-男连帽毛圈-福袋   >>>>>>>>>>>   M-男连帽毛圈-白色-中国醒狮金-CP
2022-12-09 11:43:08,604 INFO     操作人:张三 内部订单id:23921078   L-男圆领复合-福袋   >>>>>>>>>>>   L-男圆领复合-墨绿-狮来运转_K-CP
2022-12-09 11:43:08,604 INFO     操作人:张三 内部订单id:23921078   L-男圆领毛圈-福袋   >>>>>>>>>>>   L-男圆领毛圈-麻灰-史迪仔趴着-CP
2022-12-09 11:43:13,971 INFO     操作人:张三 内部订单id:23921077   L-男圆领复合-福袋   >>>>>>>>>>>   L-男圆领复合-黑色-涂鸦粉熊-CP
2022-12-09 11:43:13,971 INFO     操作人:张三 内部订单id:23921077   L-男圆领毛圈-福袋   >>>>>>>>>>>   L-男圆领毛圈-黑色-JSWL聪明鳄鱼_KB-CP
2022-12-09 11:43:18,808 INFO     操作人:张三 内部订单id:23921027   S-男连帽复合-福袋   >>>>>>>>>>>   S-男连帽复合-麻灰-欧美复古-CP
2022-12-09 11:43:18,809 INFO     操作人:张三 内部订单id:23921027   S-男连帽毛圈-福袋   >>>>>>>>>>>   S-男连帽毛圈-黑色-超级赛亚人-CP
2022-12-09 11:43:24,098 INFO     操作人:张三 内部订单id:23921025   XL-男圆领复合-福袋   >>>>>>>>>>>   XL-男圆领复合-黑色-欧美人像-CP
2022-12-09 11:43:24,099 INFO     操作人:张三 内部订单id:23921025   XL-男圆领毛圈-福袋   >>>>>>>>>>>   XL-男圆领毛圈-红色-虎虎生威_ZB-CP
2022-12-09 11:43:30,227 INFO     操作人:张三 内部订单id:23920862   4X-男圆领复合-福袋   >>>>>>>>>>>   4X-男圆领复合-湖蓝-幸运之城-CP
2022-12-09 11:43:30,227 INFO     操作人:张三 内部订单id:23920862   4X-男圆领毛圈-福袋   >>>>>>>>>>>   4X-男圆领毛圈-墨绿-漫画醒狮白-CP
2022-12-09 11:43:34,933 INFO     操作人:张三 内部订单id:23920861   M-男连帽复合-福袋   >>>>>>>>>>>   M-男连帽复合-雾霾蓝-JSWL篆书-CP
2022-12-09 11:43:34,933 INFO     操作人:张三 内部订单id:23920861   M-男连帽毛圈-福袋   >>>>>>>>>>>   M-男连帽毛圈-雾霾蓝-车旅-CP
2022-12-09 11:43:40,189 INFO     操作人:张三 内部订单id:23920821   2X-男连帽复合-福袋   >>>>>>>>>>>   2X-男连帽复合-黑色-长安归故里白_KB-CP
2022-12-09 11:43:40,189 INFO     操作人:张三 内部订单id:23920821   2X-男连帽毛圈-福袋   >>>>>>>>>>>   2X-男连帽毛圈-黑色-线条风景-CP
2022-12-09 11:43:47,534 INFO     操作人:张三 内部订单id:23920770   M-男连帽复合-福袋   >>>>>>>>>>>   M-男连帽复合-黑色-JSWL孤山-CP
2022-12-09 11:43:47,535 INFO     操作人:张三 内部订单id:23920770   M-男连帽毛圈-福袋   >>>>>>>>>>>   M-男连帽毛圈-暖橘-JSWL绿色村庄_K-CP
2022-12-09 11:43:54,165 INFO     操作人:张三 内部订单id:23920769   S-男圆领复合-福袋   >>>>>>>>>>>   S-男圆领复合-黑色-X小熊彩-CP
2022-12-09 11:43:54,166 INFO     操作人:张三 内部订单id:23920769   S-男圆领毛圈-福袋   >>>>>>>>>>>   S-男圆领毛圈-雾霾蓝-披萨_KB-CP
2022-12-09 11:43:59,883 INFO     操作人:张三 内部订单id:23920626   L-男连帽复合-福袋   >>>>>>>>>>>   L-男连帽复合-米色-宇航员登月-CP
2022-12-09 11:43:59,883 INFO     操作人:张三 内部订单id:23920626   L-男连帽毛圈-福袋   >>>>>>>>>>>   L-男连帽毛圈-黑色-像素小人-CP
2022-12-09 11:44:04,798 INFO     操作人:张三 内部订单id:23920542   4X-男连帽复合-福袋   >>>>>>>>>>>   4X-男连帽复合-米色-车旅-CP
2022-12-09 11:44:04,798 INFO     操作人:张三 内部订单id:23920542   4X-男连帽毛圈-福袋   >>>>>>>>>>>   4X-男连帽毛圈-深灰-星球灌篮_ZB-CP
2022-12-09 11:44:10,596 INFO     操作人:张三 内部订单id:23920485   M-男连帽复合-福袋   >>>>>>>>>>>   M-男连帽复合-米色-渐变狮头-CP
2022-12-09 11:44:10,596 INFO     操作人:张三 内部订单id:23920485   M-男连帽毛圈-福袋   >>>>>>>>>>>   M-男连帽毛圈-麻灰-故里有长安黑_KB-CP
2022-12-09 11:44:15,667 INFO     操作人:张三 内部订单id:23920484   S-男圆领复合-福袋   >>>>>>>>>>>   S-男圆领复合-米色-骑车侠-CP
2022-12-09 11:44:15,668 INFO     操作人:张三 内部订单id:23920484   S-男圆领毛圈-福袋   >>>>>>>>>>>   S-男圆领毛圈-红色-狮来运转_K-CP
2022-12-09 11:44:21,267 INFO     操作人:张三 内部订单id:23920435   XL-男连帽复合-福袋   >>>>>>>>>>>   XL-男连帽复合-黑色-嘻哈三兄弟-CP
2022-12-09 11:44:21,268 INFO     操作人:张三 内部订单id:23920435   XL-男连帽毛圈-福袋   >>>>>>>>>>>   XL-男连帽毛圈-黑色-MT熊_ZB-CP
2022-12-09 11:44:25,992 INFO     操作人:张三 内部订单id:23920382   S-男连帽复合-福袋   >>>>>>>>>>>   S-男连帽复合-麻灰-小宇1黑-CP
2022-12-09 11:44:25,992 INFO     操作人:张三 内部订单id:23920382   S-男连帽毛圈-福袋   >>>>>>>>>>>   S-男连帽毛圈-白色-China黑-CP
2022-12-09 11:44:31,383 INFO     操作人:张三 内部订单id:23920335   XL-男连帽复合-福袋   >>>>>>>>>>>   XL-男连帽复合-雾霾蓝-JSWL菱格-CP
2022-12-09 11:44:31,384 INFO     操作人:张三 内部订单id:23920335   XL-男连帽毛圈-福袋   >>>>>>>>>>>   XL-男连帽毛圈-黑色-国潮三色-CP
2022-12-09 11:44:36,703 INFO     操作人:张三 内部订单id:23920277   L-男圆领复合-福袋   >>>>>>>>>>>   L-男圆领复合-麻灰-欧洲旅行-CP,L-男圆领复合-黑色-福禄兔-CP
2022-12-09 11:44:43,371 INFO     操作人:张三 内部订单id:23920160   4X-男连帽复合-福袋   >>>>>>>>>>>   4X-男连帽复合-白色-机器心_ZB-CP
2022-12-09 11:44:43,371 INFO     操作人:张三 内部订单id:23920160   4X-男连帽毛圈-福袋   >>>>>>>>>>>   4X-男连帽毛圈-白色-全员恶人-CP
2022-12-09 11:44:58,112 INFO     操作人:张三 内部订单id:23920159   S-男圆领复合-福袋   >>>>>>>>>>>   S-男圆领复合-深灰-乘风破浪宇航员_KB-CP
2022-12-09 11:44:58,112 INFO     操作人:张三 内部订单id:23920159   S-男圆领毛圈-福袋   >>>>>>>>>>>   S-男圆领毛圈-米色-英雄漫画黑-CP
2022-12-09 11:45:09,390 INFO     操作人:张三 内部订单id:23920029   2X-男连帽复合-福袋   >>>>>>>>>>>   2X-男连帽复合-红木-滑板宇航白_ZB-CP
2022-12-09 11:45:09,390 INFO     操作人:张三 内部订单id:23920029   2X-男连帽毛圈-福袋   >>>>>>>>>>>   2X-男连帽毛圈-米色-腾空小宇黑_KB-CP
2022-12-09 11:45:16,127 INFO     操作人:张三 内部订单id:23919990   M-男圆领复合-福袋   >>>>>>>>>>>   M-男圆领复合-酒红-穿越星河黄-CP
2022-12-09 11:45:16,127 INFO     操作人:张三 内部订单id:23919990   M-男圆领毛圈-福袋   >>>>>>>>>>>   M-男圆领毛圈-米色-吊绳宇航员-CP
2022-12-09 11:45:28,087 INFO     操作人:张三 内部订单id:23919910   XL-男圆领复合-福袋   >>>>>>>>>>>   XL-男圆领复合-黑色-青年虎白_KB-CP
2022-12-09 11:45:28,087 INFO     操作人:张三 内部订单id:23919910   XL-男圆领毛圈-福袋   >>>>>>>>>>>   XL-男圆领毛圈-湖蓝-JSWL棋盘熊-CP
2022-12-09 11:45:34,254 INFO     操作人:张三 内部订单id:23919854   2X-男圆领复合-福袋   >>>>>>>>>>>   2X-男圆领复合-墨绿-吊绳宇航员_前领口-CP
2022-12-09 11:45:34,254 INFO     操作人:张三 内部订单id:23919854   2X-男圆领毛圈-福袋   >>>>>>>>>>>   2X-男圆领毛圈-麻灰-小蓝怪_K-CP
2022-12-09 11:45:40,459 INFO     操作人:张三 内部订单id:23919853   L-男圆领复合-福袋   >>>>>>>>>>>   L-男圆领复合-雾霾蓝-比尔鸭-CP
2022-12-09 11:45:40,460 INFO     操作人:张三 内部订单id:23919853   L-男圆领毛圈-福袋   >>>>>>>>>>>   L-男圆领毛圈-红色-JSWL探索森林-CP
2022-12-09 11:45:46,124 INFO     操作人:张三 内部订单id:23919794   4X-男圆领复合-福袋   >>>>>>>>>>>   4X-男圆领复合-黑色-JSWL情侣花_K-CP
2022-12-09 11:45:46,124 INFO     操作人:张三 内部订单id:23919794   4X-男圆领毛圈-福袋   >>>>>>>>>>>   4X-男圆领毛圈-雾霾蓝-墨镜狗头黑-CP
2022-12-09 11:45:52,508 INFO     操作人:张三 内部订单id:23919793   M-男圆领复合-福袋   >>>>>>>>>>>   M-男圆领复合-黑色-国潮四宫格-CP
2022-12-09 11:45:52,509 INFO     操作人:张三 内部订单id:23919793   M-男圆领毛圈-福袋   >>>>>>>>>>>   M-男圆领毛圈-湖蓝-遨游熊_K_前左下-遨游熊_B-CP
2022-12-09 11:45:58,451 INFO     操作人:张三 内部订单id:23919742   S-男连帽复合-福袋   >>>>>>>>>>>   S-男连帽复合-黑色-穿越星河黄-CP
2022-12-09 11:45:58,451 INFO     操作人:张三 内部订单id:23919742   S-男连帽毛圈-福袋   >>>>>>>>>>>   S-男连帽毛圈-雾霾蓝-半遮面女-CP
2022-12-09 11:46:03,937 INFO     操作人:张三 内部订单id:23919619   3X-男连帽复合-福袋   >>>>>>>>>>>   3X-男连帽复合-黑色-星球坠落白_KB-CP
2022-12-09 11:46:03,937 INFO     操作人:张三 内部订单id:23919619   3X-男连帽毛圈-福袋   >>>>>>>>>>>   3X-男连帽毛圈-黑色-中国醒狮金-CP
2022-12-09 11:46:08,856 INFO     操作人:张三 内部订单id:23919430   4X-男圆领复合-福袋   >>>>>>>>>>>   4X-男圆领复合-白色-JSWL危险艺术-CP
2022-12-09 11:46:08,856 INFO     操作人:张三 内部订单id:23919430   4X-男圆领毛圈-福袋   >>>>>>>>>>>   4X-男圆领毛圈-米色-篆书中国绿-CP
2022-12-09 11:46:14,429 INFO     操作人:张三 内部订单id:23919429   M-男圆领复合-福袋   >>>>>>>>>>>   M-男圆领复合-白色-晴天娃红_K-CP
2022-12-09 11:46:14,429 INFO     操作人:张三 内部订单id:23919429   M-男圆领毛圈-福袋   >>>>>>>>>>>   M-男圆领毛圈-红色-财神牛_ZB-CP
2022-12-09 11:46:20,457 INFO     操作人:张三 内部订单id:23919295   XL-男圆领复合-福袋   >>>>>>>>>>>   XL-男圆领复合-红色-小虎叠叠_前右下-CP
2022-12-09 11:46:20,457 INFO     操作人:张三 内部订单id:23919295   XL-男圆领毛圈-福袋   >>>>>>>>>>>   XL-男圆领毛圈-黑色-海岛旅行-CP
2022-12-09 11:46:25,849 INFO     操作人:张三 内部订单id:23919294   L-男连帽复合-福袋   >>>>>>>>>>>   L-男连帽复合-湖蓝-JSWL菱格-CP
2022-12-09 11:46:25,850 INFO     操作人:张三 内部订单id:23919294   L-男连帽毛圈-福袋   >>>>>>>>>>>   L-男连帽毛圈-黑色-JSWL棋盘格-CP
2022-12-09 11:46:30,923 INFO     操作人:张三 内部订单id:23919227   XL-男圆领复合-福袋   >>>>>>>>>>>   XL-男圆领复合-黑色-青年虎白_KB-CP
2022-12-09 11:46:30,923 INFO     操作人:张三 内部订单id:23919227   XL-男圆领毛圈-福袋   >>>>>>>>>>>   XL-男圆领毛圈-雾霾蓝-柠檬水白-CP
2022-12-09 11:46:36,673 INFO     操作人:张三 内部订单id:23919166   XL-男连帽复合-福袋   >>>>>>>>>>>   XL-男连帽复合-米色-JSWL菱格-CP
2022-12-09 11:46:36,673 INFO     操作人:张三 内部订单id:23919166   XL-男连帽毛圈-福袋   >>>>>>>>>>>   XL-男连帽毛圈-黑色-青年虎白_KB-CP
2022-12-09 11:46:48,502 INFO     操作人:张三 内部订单id:23919083   3X-男连帽复合-福袋   >>>>>>>>>>>   3X-男连帽复合-湖蓝-JSWL菱格-CP
2022-12-09 11:46:48,503 INFO     操作人:张三 内部订单id:23919083   3X-男连帽毛圈-福袋   >>>>>>>>>>>   3X-男连帽毛圈-黑色-渐变狮头-CP
2022-12-09 11:46:55,524 INFO     操作人:张三 内部订单id:23918956   L-男连帽复合-福袋   >>>>>>>>>>>   L-男连帽复合-湖蓝-JSWL太空超市-CP
2022-12-09 11:46:55,524 INFO     操作人:张三 内部订单id:23918956   L-男连帽毛圈-福袋   >>>>>>>>>>>   L-男连帽毛圈-米色-升空小宇-CP
2022-12-09 11:47:01,137 INFO     操作人:张三 内部订单id:23918892   L-男圆领复合-福袋   >>>>>>>>>>>   L-男圆领复合-墨绿-中国醒狮金-CP
2022-12-09 11:47:01,138 INFO     操作人:张三 内部订单id:23918892   L-男圆领毛圈-福袋   >>>>>>>>>>>   L-男圆领毛圈-黑色-蓝月球_KB-CP
2022-12-09 11:47:06,740 INFO     操作人:张三 内部订单id:23918891   2X-男圆领复合-福袋   >>>>>>>>>>>   2X-男圆领复合-雾霾蓝-小金兔3_K-CP
2022-12-09 11:47:06,740 INFO     操作人:张三 内部订单id:23918891   2X-男圆领毛圈-福袋   >>>>>>>>>>>   2X-男圆领毛圈-黑色-JSWL方块人-CP
2022-12-09 11:47:13,016 INFO     操作人:张三 内部订单id:23918864   2X-男圆领复合-福袋   >>>>>>>>>>>   2X-男圆领复合-白色-国风四宫格-CP
2022-12-09 11:47:13,016 INFO     操作人:张三 内部订单id:23918864   2X-男圆领毛圈-福袋   >>>>>>>>>>>   2X-男圆领毛圈-黑色-JSWL方块人-CP
2022-12-09 11:47:25,584 INFO     操作人:张三 内部订单id:23918795   4X-男连帽复合-福袋   >>>>>>>>>>>   4X-男连帽复合-黑色-镂空熊白_K-镂空熊白_B_后右下-CP
2022-12-09 11:47:25,584 INFO     操作人:张三 内部订单id:23918795   4X-男连帽毛圈-福袋   >>>>>>>>>>>   4X-男连帽毛圈-白色-滑板橘字_ZB-CP
2022-12-09 11:47:31,117 INFO     操作人:张三 内部订单id:23918794   2X-男圆领复合-福袋   >>>>>>>>>>>   2X-男圆领复合-黑色-小萌兔-CP
2022-12-09 11:47:31,118 INFO     操作人:张三 内部订单id:23918794   2X-男圆领毛圈-福袋   >>>>>>>>>>>   2X-男圆领毛圈-麻灰-欧美人像-CP
2022-12-09 11:47:37,647 INFO     操作人:张三 内部订单id:23918752   2X-男圆领复合-福袋   >>>>>>>>>>>   2X-男圆领复合-深灰-揭秘-CP
2022-12-09 11:47:37,648 INFO     操作人:张三 内部订单id:23918752   2X-男圆领毛圈-福袋   >>>>>>>>>>>   2X-男圆领毛圈-麻灰-国风四宫格-CP
2022-12-09 11:47:42,668 INFO     操作人:张三 内部订单id:23918680   L-男圆领复合-福袋   >>>>>>>>>>>   L-男圆领复合-雾霾蓝-京剧脸谱白-CP
2022-12-09 11:47:42,668 INFO     操作人:张三 内部订单id:23918680   L-男圆领毛圈-福袋   >>>>>>>>>>>   L-男圆领毛圈-白色-星球坠落黑_KB-CP
2022-12-09 11:47:48,477 INFO     操作人:张三 内部订单id:23918598   L-男圆领复合-福袋   >>>>>>>>>>>   L-男圆领复合-雾霾蓝-揭秘-CP
2022-12-09 11:47:48,478 INFO     操作人:张三 内部订单id:23918598   L-男圆领毛圈-福袋   >>>>>>>>>>>   L-男圆领毛圈-米色-欧洲旅行-CP
2022-12-09 11:47:54,034 INFO     操作人:张三 内部订单id:23918559   L-男圆领复合-福袋   >>>>>>>>>>>   L-男圆领复合-湖蓝-飞跃兔-CP
2022-12-09 11:47:54,034 INFO     操作人:张三 内部订单id:23918559   L-男圆领毛圈-福袋   >>>>>>>>>>>   L-男圆领毛圈-墨绿-京剧脸谱白-CP
2022-12-09 11:48:00,061 INFO     操作人:张三 内部订单id:23918517   XL-男连帽复合-福袋   >>>>>>>>>>>   XL-男连帽复合-黑色-地球艺术-CP
2022-12-09 11:48:00,062 INFO     操作人:张三 内部订单id:23918517   XL-男连帽毛圈-福袋   >>>>>>>>>>>   XL-男连帽毛圈-黑色-线条笑脸白_K-CP
2022-12-09 11:48:06,792 INFO     操作人:张三 内部订单id:23918516   2X-男连帽复合-福袋   >>>>>>>>>>>   2X-男连帽复合-雾霾蓝-小金兔2_K-CP
2022-12-09 11:48:06,792 INFO     操作人:张三 内部订单id:23918516   2X-男连帽毛圈-福袋   >>>>>>>>>>>   2X-男连帽毛圈-姜黄-舞狮黑字_ZB-CP
2022-12-09 11:48:18,397 INFO     操作人:张三 内部订单id:23918375   2X-男圆领复合-福袋   >>>>>>>>>>>   2X-男圆领复合-姜黄-海洋秘密-CP
2022-12-09 11:48:18,397 INFO     操作人:张三 内部订单id:23918375   2X-男圆领毛圈-福袋   >>>>>>>>>>>   2X-男圆领毛圈-白色-黑人男孩-CP
2022-12-09 11:48:24,238 INFO     操作人:张三 内部订单id:23918374   XL-男圆领复合-福袋   >>>>>>>>>>>   XL-男圆领复合-红色-兔飞猛进-CP
2022-12-09 11:48:24,239 INFO     操作人:张三 内部订单id:23918374   XL-男圆领毛圈-福袋   >>>>>>>>>>>   XL-男圆领毛圈-湖蓝-披萨_KB-CP
2022-12-09 11:48:35,117 INFO     操作人:张三 内部订单id:23918097   S-男圆领复合-福袋   >>>>>>>>>>>   S-男圆领复合-白色-油漆叉_ZB-CP
2022-12-09 11:48:35,118 INFO     操作人:张三 内部订单id:23918097   S-男圆领毛圈-福袋   >>>>>>>>>>>   S-男圆领毛圈-黑色-吊绳宇航员-CP
2022-12-09 11:48:41,649 INFO     操作人:张三 内部订单id:23917891   XL-男圆领复合-福袋   >>>>>>>>>>>   XL-男圆领复合-米色-青年虎黑_KB-CP
2022-12-09 11:48:41,650 INFO     操作人:张三 内部订单id:23917891   XL-男圆领毛圈-福袋   >>>>>>>>>>>   XL-男圆领毛圈-白色-快乐夜晚_ZB-CP
2022-12-09 11:48:46,727 INFO     操作人:张三 内部订单id:23917890   XL-男圆领复合-福袋   >>>>>>>>>>>   XL-男圆领复合-黑色-鹿靠背-CP
2022-12-09 11:48:46,727 INFO     操作人:张三 内部订单id:23917890   XL-男圆领毛圈-福袋   >>>>>>>>>>>   XL-男圆领毛圈-白色-明知山虎-CP
2022-12-09 13:38:00,011 INFO     操作人:张三 内部订单id:23925021   XL-男圆领复合-福袋   >>>>>>>>>>>   XL-男圆领复合-白色-油漆叉_ZB-CP
2022-12-09 13:38:00,012 INFO     操作人:张三 内部订单id:23925021   XL-男圆领毛圈-福袋   >>>>>>>>>>>   XL-男圆领毛圈-白色-JSWL棋盘格-CP
2022-12-09 13:38:05,964 INFO     操作人:张三 内部订单id:23924897   M-男连帽复合-福袋   >>>>>>>>>>>   M-男连帽复合-麻灰-穿越星河_Z_前正中-穿越星河_B-CP
2022-12-09 13:38:05,964 INFO     操作人:张三 内部订单id:23924897   M-男连帽毛圈-福袋   >>>>>>>>>>>   M-男连帽毛圈-米色-油漆叉_ZB-CP
2022-12-09 13:38:11,558 INFO     操作人:张三 内部订单id:23924858   XL-男圆领复合-福袋   >>>>>>>>>>>   XL-男圆领复合-红色-笔刷风景-CP
2022-12-09 13:38:11,559 INFO     操作人:张三 内部订单id:23924858   XL-男圆领毛圈-福袋   >>>>>>>>>>>   XL-男圆领毛圈-姜黄-穿越星河_Z_前左下-穿越星河_B-CP
2022-12-09 13:38:16,260 INFO     操作人:张三 内部订单id:23924778   2X-男连帽复合-福袋   >>>>>>>>>>>   2X-男连帽复合-黑色-小宇1白-CP
2022-12-09 13:38:16,260 INFO     操作人:张三 内部订单id:23924778   2X-男连帽毛圈-福袋   >>>>>>>>>>>   2X-男连帽毛圈-红木-复古繁华-CP
2022-12-09 13:38:22,251 INFO     操作人:张三 内部订单id:23924704   2X-男圆领复合-福袋   >>>>>>>>>>>   2X-男圆领复合-黑色-中国醒狮-CP
2022-12-09 13:38:22,251 INFO     操作人:张三 内部订单id:23924704   2X-男圆领毛圈-福袋   >>>>>>>>>>>   2X-男圆领毛圈-黑色-松柏仙鹤_K-CP
2022-12-09 13:38:27,605 INFO     操作人:张三 内部订单id:23924703   L-男圆领复合-福袋   >>>>>>>>>>>   L-男圆领复合-白色-春日油画_ZB-CP
2022-12-09 13:38:27,605 INFO     操作人:张三 内部订单id:23924703   L-男圆领毛圈-福袋   >>>>>>>>>>>   L-男圆领毛圈-湖蓝-JSWL一家熊-CP
2022-12-09 13:38:32,497 INFO     操作人:张三 内部订单id:23924666   2X-男圆领复合-福袋   >>>>>>>>>>>   2X-男圆领复合-麻灰-JSWL篆书-CP
2022-12-09 13:38:32,497 INFO     操作人:张三 内部订单id:23924666   2X-男圆领毛圈-福袋   >>>>>>>>>>>   2X-男圆领毛圈-红色-仰头兔-CP
2022-12-09 13:38:43,870 INFO     操作人:张三 内部订单id:23924639   2X-男圆领复合-福袋   >>>>>>>>>>>   2X-男圆领复合-黑色-神秘森林白-CP
2022-12-09 13:38:43,870 INFO     操作人:张三 内部订单id:23924639   2X-男圆领毛圈-福袋   >>>>>>>>>>>   2X-男圆领毛圈-深灰-彩色笔刷_K-CP
2022-12-09 13:38:49,592 INFO     操作人:张三 内部订单id:23924596   2X-男圆领复合-福袋   >>>>>>>>>>>   2X-男圆领复合-麻灰-JSWL比耶兔-CP
2022-12-09 13:38:49,592 INFO     操作人:张三 内部订单id:23924596   2X-男圆领毛圈-福袋   >>>>>>>>>>>   2X-男圆领毛圈-姜黄-鹿先生复古-CP
2022-12-09 13:38:55,399 INFO     操作人:张三 内部订单id:23924482   L-男圆领毛圈-福袋   >>>>>>>>>>>   L-男圆领毛圈-米色-JSWLCB_ZB-CP,L-男圆领毛圈-深灰-国潮三格-CP
2022-12-09 13:39:00,945 INFO     操作人:张三 内部订单id:23924467   XL-男圆领复合-福袋   >>>>>>>>>>>   XL-男圆领复合-湖蓝-魔鬼笑脸_KB-CP
2022-12-09 13:39:00,946 INFO     操作人:张三 内部订单id:23924467   XL-男圆领毛圈-福袋   >>>>>>>>>>>   XL-男圆领毛圈-墨绿-JSWL保持微笑_KB-CP
2022-12-09 13:39:06,313 INFO     操作人:张三 内部订单id:23924358   3X-男圆领复合-福袋   >>>>>>>>>>>   3X-男圆领复合-雾霾蓝-玉兔招财-CP
2022-12-09 13:39:06,313 INFO     操作人:张三 内部订单id:23924358   3X-男圆领毛圈-福袋   >>>>>>>>>>>   3X-男圆领毛圈-雾霾蓝-撕开舞狮-CP
2022-12-09 13:39:12,153 INFO     操作人:张三 内部订单id:23924266   2X-男圆领复合-福袋   >>>>>>>>>>>   2X-男圆领复合-黑色-nasa宇航熊-CP
2022-12-09 13:39:12,153 INFO     操作人:张三 内部订单id:23924266   2X-男圆领毛圈-福袋   >>>>>>>>>>>   2X-男圆领毛圈-墨绿-幸运之城-CP
2022-12-09 13:39:18,645 INFO     操作人:张三 内部订单id:23924041   2X-男圆领复合-福袋   >>>>>>>>>>>   2X-男圆领复合-雾霾蓝-披萨_KB-CP
2022-12-09 13:39:18,646 INFO     操作人:张三 内部订单id:23924041   2X-男圆领毛圈-福袋   >>>>>>>>>>>   2X-男圆领毛圈-麻灰-国风四宫格-CP
2022-12-09 13:39:23,593 INFO     操作人:张三 内部订单id:23923647   M-男圆领复合-福袋   >>>>>>>>>>>   M-男圆领复合-雾霾蓝-海洋秘密-CP
2022-12-09 13:39:23,593 INFO     操作人:张三 内部订单id:23923647   M-男圆领毛圈-福袋   >>>>>>>>>>>   M-男圆领毛圈-红木-紫霞新_ZB-CP
2022-12-09 13:39:45,505 INFO     操作人:张三 内部订单id:23922066   S-男连帽复合-福袋   >>>>>>>>>>>   S-男连帽复合-黑色-十字架_ZB-CP
2022-12-09 13:39:45,505 INFO     操作人:张三 内部订单id:23922066   S-男连帽毛圈-福袋   >>>>>>>>>>>   S-男连帽毛圈-红色-京剧虎_KB-CP
2022-12-09 13:40:26,434 INFO     操作人:张三 内部订单id:23919949   S-男连帽复合-福袋   >>>>>>>>>>>   S-男连帽复合-烟粉-像素游戏_ZB-CP
2022-12-09 13:40:26,434 INFO     操作人:张三 内部订单id:23919949   S-男连帽毛圈-福袋   >>>>>>>>>>>   S-男连帽毛圈-米色-手写中国黑-CP
2022-12-09 13:40:37,017 INFO     操作人:张三 内部订单id:23918796   4X-男圆领复合-福袋   >>>>>>>>>>>   4X-男圆领复合-白色-和谐字母-CP
2022-12-09 13:40:37,017 INFO     操作人:张三 内部订单id:23918796   4X-男圆领毛圈-福袋   >>>>>>>>>>>   4X-男圆领毛圈-黑色-字母麻将_ZB-CP
2022-12-09 13:40:43,057 INFO     操作人:张三 内部订单id:23918479   M-男连帽复合-福袋   >>>>>>>>>>>   M-男连帽复合-黑色-灿烂笑脸_ZB-CP
2022-12-09 13:40:43,057 INFO     操作人:张三 内部订单id:23918479   M-男连帽毛圈-福袋   >>>>>>>>>>>   M-男连帽毛圈-深灰-星球灌篮_ZB-CP
2022-12-09 13:40:48,256 INFO     操作人:张三 内部订单id:23918185   M-男圆领复合-福袋   >>>>>>>>>>>   M-男圆领复合-白色-潮牌G灰_KB-CP
2022-12-09 13:40:48,256 INFO     操作人:张三 内部订单id:23918185   M-男圆领毛圈-福袋   >>>>>>>>>>>   M-男圆领毛圈-雾霾蓝-漫画醒狮白-CP
2022-12-09 13:51:39,943 INFO     操作人:张三 内部订单id:23925354   XL-男圆领复合-福袋   >>>>>>>>>>>   XL-男圆领复合-雾霾蓝-小金兔2_K-CP
2022-12-09 13:51:39,943 INFO     操作人:张三 内部订单id:23925354   XL-男圆领毛圈-福袋   >>>>>>>>>>>   XL-男圆领毛圈-雾霾蓝-JSWL三色涂鸦-CP
2022-12-09 13:51:45,114 INFO     操作人:张三 内部订单id:23925320   2X-男连帽复合-福袋   >>>>>>>>>>>   2X-男连帽复合-黑色-鹿靠背-CP
2022-12-09 13:51:45,114 INFO     操作人:张三 内部订单id:23925320   2X-男连帽毛圈-福袋   >>>>>>>>>>>   2X-男连帽毛圈-杏色-腾空小宇黑_KB-CP
2022-12-09 13:51:50,366 INFO     操作人:张三 内部订单id:23925282   2X-男圆领复合-福袋   >>>>>>>>>>>   2X-男圆领复合-麻灰-愉快熊猫_K-CP
2022-12-09 13:51:50,366 INFO     操作人:张三 内部订单id:23925282   2X-男圆领毛圈-福袋   >>>>>>>>>>>   2X-男圆领毛圈-黑色-羽毛笔白_K-CP
2022-12-09 13:51:55,543 INFO     操作人:张三 内部订单id:23925281   M-男连帽复合-福袋   >>>>>>>>>>>   M-男连帽复合-黑色-车旅-CP
2022-12-09 13:51:55,544 INFO     操作人:张三 内部订单id:23925281   M-男连帽毛圈-福袋   >>>>>>>>>>>   M-男连帽毛圈-麻灰-JSWL掩面熊_KB-CP
2022-12-09 13:52:01,267 INFO     操作人:张三 内部订单id:23924640   L-男圆领复合-福袋   >>>>>>>>>>>   L-男圆领复合-雾霾蓝-大太空日报_ZB-CP
2022-12-09 13:52:01,268 INFO     操作人:张三 内部订单id:23924640   L-男圆领毛圈-福袋   >>>>>>>>>>>   L-男圆领毛圈-黑色-比尔鸭-CP
2022-12-09 13:56:30,272 INFO     操作人:张三 内部订单id:23925386   XL-男圆领复合-福袋   >>>>>>>>>>>   XL-男圆领复合-雾霾蓝-NASA熊-CP
2022-12-09 13:56:30,272 INFO     操作人:张三 内部订单id:23925386   XL-男圆领毛圈-福袋   >>>>>>>>>>>   XL-男圆领毛圈-白色-撕开舞狮-CP
2022-12-09 13:56:37,311 INFO     操作人:张三 内部订单id:23923647   M-男圆领毛圈-红木-紫霞新_ZB-CP   >>>>>>>>>>>   M-男圆领毛圈-红木-紫霞新_ZB-CP
2022-12-09 13:56:43,440 INFO     操作人:张三 内部订单id:23923559   L-男连帽复合-麻灰-创意china中国-CP   >>>>>>>>>>>   L-男连帽复合-麻灰-创意china中国-CP
2022-12-09 13:56:49,704 INFO     操作人:张三 内部订单id:23922716   S-男圆领毛圈-雾霾蓝-熊猫戏白_ZB-CP   >>>>>>>>>>>   S-男圆领毛圈-雾霾蓝-JSWL夏日丘陵_KB-CP
2022-12-09 13:57:00,706 INFO     操作人:张三 内部订单id:23922066   S-男连帽毛圈-红色-京剧虎_KB-CP   >>>>>>>>>>>   S-男连帽毛圈-红色-中国寅虎白-CP
2022-12-09 13:57:06,915 INFO     操作人:张三 内部订单id:23921833   3X-男圆领复合-深灰-披萨_KB-CP   >>>>>>>>>>>   3X-男圆领复合-深灰-骑车侠-CP
2022-12-09 13:57:06,915 INFO     操作人:张三 内部订单id:23921833   3X-男圆领毛圈-白色-故里有长安黑_KB-CP   >>>>>>>>>>>   3X-男圆领毛圈-白色-京剧脸谱黑-CP
2022-12-09 13:57:12,021 INFO     操作人:张三 内部订单id:23921782   S-男圆领毛圈-雾霾蓝-宇航员登月-CP   >>>>>>>>>>>   S-男圆领毛圈-雾霾蓝-史迪仔生气-CP
2022-12-09 13:57:18,486 INFO     操作人:张三 内部订单id:23921027   S-男连帽复合-麻灰-欧美复古-CP   >>>>>>>>>>>   S-男连帽复合-麻灰-鹿靠背-CP
2022-12-09 13:57:18,487 INFO     操作人:张三 内部订单id:23921027   S-男连帽毛圈-黑色-超级赛亚人-CP   >>>>>>>>>>>   S-男连帽毛圈-黑色-JSWL阳光小山_KB-CP
2022-12-09 13:57:23,823 INFO     操作人:张三 内部订单id:23920769   S-男圆领复合-黑色-X小熊彩-CP   >>>>>>>>>>>   S-男圆领复合-黑色-比尔鸭-CP
2022-12-09 13:57:28,821 INFO     操作人:张三 内部订单id:23920484   S-男圆领毛圈-红色-狮来运转_K-CP   >>>>>>>>>>>   S-男圆领毛圈-红色-风之少年-CP
2022-12-09 13:57:34,678 INFO     操作人:张三 内部订单id:23920382   S-男连帽毛圈-白色-China黑-CP   >>>>>>>>>>>   S-男连帽毛圈-白色-醒狮黑_KB-CP
2022-12-09 13:57:39,971 INFO     操作人:张三 内部订单id:23920159   S-男圆领毛圈-米色-英雄漫画黑-CP   >>>>>>>>>>>   S-男圆领毛圈-米色-JSWL波动-CP
2022-12-09 13:57:50,618 INFO     操作人:张三 内部订单id:23919949   S-男连帽毛圈-米色-手写中国黑-CP   >>>>>>>>>>>   S-男连帽毛圈-米色-海岛旅行-CP
2022-12-09 13:57:57,296 INFO     操作人:张三 内部订单id:23919742   S-男连帽毛圈-雾霾蓝-半遮面女-CP   >>>>>>>>>>>   S-男连帽毛圈-雾霾蓝-JSWL菱格-CP
2022-12-09 13:59:16,617 INFO     操作人:张三 内部订单id:23923647   M-男圆领毛圈-红木-紫霞新_ZB-CP   >>>>>>>>>>>   M-男圆领毛圈-红木-镂空熊白_K-镂空熊白_B_后右下-CP
2022-12-09 13:59:22,075 INFO     操作人:张三 内部订单id:23923559   L-男连帽复合-麻灰-创意china中国-CP   >>>>>>>>>>>   L-男连帽复合-麻灰-中国猛虎-CP
2022-12-09 13:59:28,131 INFO     操作人:张三 内部订单id:23922454   M-男连帽复合-黑色-舞狮虎-CP   >>>>>>>>>>>   M-男连帽复合-黑色-圆圈笑脸白_K-CP
2022-12-09 13:59:33,891 INFO     操作人:张三 内部订单id:23922066   S-男连帽毛圈-红色-中国寅虎白-CP   >>>>>>>>>>>   S-男连帽毛圈-红色-鲨鱼冲浪_ZB-CP
2022-12-09 13:59:38,855 INFO     操作人:张三 内部订单id:23921833   3X-男圆领复合-深灰-骑车侠-CP   >>>>>>>>>>>   3X-男圆领复合-深灰-国潮三色-CP
2022-12-09 13:59:38,856 INFO     操作人:张三 内部订单id:23921833   3X-男圆领毛圈-白色-京剧脸谱黑-CP   >>>>>>>>>>>   3X-男圆领毛圈-白色-篆书中国绿-CP
2022-12-09 13:59:44,758 INFO     操作人:张三 内部订单id:23921782   S-男圆领毛圈-雾霾蓝-史迪仔生气-CP   >>>>>>>>>>>   S-男圆领毛圈-雾霾蓝-JSWL受伤熊-CP
2022-12-09 13:59:50,094 INFO     操作人:张三 内部订单id:23920484   S-男圆领毛圈-红色-风之少年-CP   >>>>>>>>>>>   S-男圆领毛圈-红色-有钱小虎_前左下-CP
2022-12-09 13:59:55,041 INFO     操作人:张三 内部订单id:23920382   S-男连帽毛圈-白色-醒狮黑_KB-CP   >>>>>>>>>>>   S-男连帽毛圈-白色-圆圈笑脸黑_K-CP
2022-12-09 14:01:02,421 INFO     操作人:张三 内部订单id:23923559   L-男连帽复合-麻灰-中国猛虎-CP   >>>>>>>>>>>   L-男连帽复合-麻灰-JSWL危险艺术-CP
2022-12-09 14:01:09,369 INFO     操作人:张三 内部订单id:23922066   S-男连帽毛圈-红色-鲨鱼冲浪_ZB-CP   >>>>>>>>>>>   S-男连帽毛圈-红色-小胖虎-CP
2022-12-09 14:01:14,661 INFO     操作人:张三 内部订单id:23921833   3X-男圆领复合-深灰-国潮三色-CP   >>>>>>>>>>>   3X-男圆领复合-深灰-露营_KB-CP
2022-12-09 14:01:14,661 INFO     操作人:张三 内部订单id:23921833   3X-男圆领毛圈-白色-篆书中国绿-CP   >>>>>>>>>>>   3X-男圆领毛圈-白色-露营_KB-CP
2022-12-09 14:01:20,073 INFO     操作人:张三 内部订单id:23920382   S-男连帽毛圈-白色-圆圈笑脸黑_K-CP   >>>>>>>>>>>   S-男连帽毛圈-白色-悟空背影_KB-CP
2022-12-09 14:05:41,050 INFO     操作人:张三 内部订单id:23921833   3X-男圆领复合-深灰-露营_KB-CP   >>>>>>>>>>>   3X-男圆领复合-深灰-小金兔1_K-CP
2022-12-09 14:05:41,050 INFO     操作人:张三 内部订单id:23921833   3X-男圆领毛圈-白色-露营_KB-CP   >>>>>>>>>>>   3X-男圆领毛圈-白色-四季穿搭-CP
2022-12-09 14:05:46,360 INFO     操作人:张三 内部订单id:23920382   S-男连帽毛圈-白色-悟空背影_KB-CP   >>>>>>>>>>>   S-男连帽毛圈-白色-狮来运转_K-CP
2022-12-09 14:06:50,749 INFO     操作人:张三 内部订单id:23920382   S-男连帽毛圈-白色-狮来运转_K-CP   >>>>>>>>>>>   S-男连帽毛圈-白色-看飞机小伙-CP
2022-12-09 14:07:10,284 INFO     操作人:张三 内部订单id:23920382   S-男连帽毛圈-白色-看飞机小伙-CP   >>>>>>>>>>>   S-男连帽毛圈-白色-舞狮少年_KB-CP
2022-12-09 14:07:32,699 INFO     操作人:张三 内部订单id:23920382   S-男连帽毛圈-白色-舞狮少年_KB-CP   >>>>>>>>>>>   S-男连帽毛圈-白色-国潮鹤虎黑-CP
2022-12-09 14:07:47,132 INFO     操作人:张三 内部订单id:23920382   S-男连帽毛圈-白色-国潮鹤虎黑-CP   >>>>>>>>>>>   S-男连帽毛圈-白色-科比扣篮黑-CP
2022-12-09 14:08:03,457 INFO     操作人:张三 内部订单id:23920382   S-男连帽毛圈-白色-科比扣篮黑-CP   >>>>>>>>>>>   S-男连帽毛圈-白色-纽约-CP
2022-12-09 14:08:53,497 INFO     操作人:张三 内部订单id:23920382   S-男连帽毛圈-白色-纽约-CP   >>>>>>>>>>>   S-男连帽毛圈-白色-鹤情侣女_K-CP
2022-12-09 14:11:36,755 INFO     操作人:张三 内部订单id:23924137   2X-男圆领复合-黑色-幸运之城-CP   >>>>>>>>>>>   2X-男圆领复合-黑色-JSWL情侣花-CP
2022-12-09 14:11:42,338 INFO     操作人:张三 内部订单id:23922244   4X-男连帽毛圈-深灰-星球灌篮_ZB-CP   >>>>>>>>>>>   4X-男连帽毛圈-深灰-舞狮黑字_ZB-CP
2022-12-09 14:11:47,652 INFO     操作人:张三 内部订单id:23921939   L-男连帽复合-湖蓝-JSWL太空超市-CP   >>>>>>>>>>>   L-男连帽复合-湖蓝-京剧虎_K-京剧虎_B_后正下-CP
2022-12-09 14:11:52,743 INFO     操作人:张三 内部订单id:23919910   XL-男圆领复合-黑色-青年虎白_KB-CP   >>>>>>>>>>>   XL-男圆领复合-黑色-线条星球-CP
2022-12-09 14:11:58,587 INFO     操作人:张三 内部订单id:23918891   2X-男圆领毛圈-黑色-JSWL方块人-CP   >>>>>>>>>>>   2X-男圆领毛圈-黑色-行星小宇_K-CP
2022-12-09 14:12:04,058 INFO     操作人:张三 内部订单id:23917425   L-男女中长圆领毛圈-香芋紫-福袋   >>>>>>>>>>>   L-男女中长圆领毛圈-香芋紫-日出山脉-CP
2022-12-09 14:12:09,366 INFO     操作人:张三 内部订单id:23916569   M-男女中长圆领毛圈-蜜桃橙-去星星上_ZB-CP   >>>>>>>>>>>   M-男女中长圆领毛圈-蜜桃橙-日式涂鸦2_KB-CP
2022-12-09 14:14:29,148 INFO     操作人:张三 内部订单id:23921939   L-男连帽复合-湖蓝-京剧虎_K-京剧虎_B_后正下-CP   >>>>>>>>>>>   L-男连帽复合-湖蓝-地球艺术-CP
2022-12-09 14:14:35,153 INFO     操作人:张三 内部订单id:23917425   L-男女中长圆领毛圈-香芋紫-日出山脉-CP   >>>>>>>>>>>   L-男女中长圆领毛圈-香芋紫-蓝罐-CP
2022-12-09 14:14:40,838 INFO     操作人:张三 内部订单id:23916569   M-男女中长圆领毛圈-蜜桃橙-日式涂鸦2_KB-CP   >>>>>>>>>>>   M-男女中长圆领毛圈-蜜桃橙-比心牛女-CP
2022-12-09 14:16:22,212 INFO     操作人:张三 内部订单id:23917425   L-男女中长圆领毛圈-香芋紫-蓝罐-CP   >>>>>>>>>>>   L-男女中长圆领毛圈-香芋紫-引力紫-CP
2022-12-09 14:16:27,441 INFO     操作人:张三 内部订单id:23916569   M-男女中长圆领毛圈-蜜桃橙-比心牛女-CP   >>>>>>>>>>>   M-男女中长圆领毛圈-蜜桃橙-比心牛女-CP
2022-12-09 16:52:48,858 INFO     操作人:张三 内部订单id:23926434   S-男女中长圆领复合-米色-福袋   >>>>>>>>>>>   S-男女中长圆领复合-米色-引力蓝-CP
2022-12-09 16:52:48,859 INFO     操作人:张三 内部订单id:23926434   S-男女中长圆领毛圈-米色-福袋   >>>>>>>>>>>   S-男女中长圆领毛圈-米色-华丽的-CP
2022-12-09 16:52:53,812 INFO     操作人:张三 内部订单id:23926049   XL-男女中长圆领复合-杏色-福袋   >>>>>>>>>>>   XL-男女中长圆领复合-杏色-藏匿心底-CP
2022-12-09 16:52:58,953 INFO     操作人:张三 内部订单id:23925854   2X-男女中长连帽毛圈-米色-福袋   >>>>>>>>>>>   2X-男女中长连帽毛圈-米色-月蚀粉_KB-CP
2022-12-09 16:53:04,167 INFO     操作人:张三 内部订单id:23925842   3X-男女中长连帽复合-杏色-福袋   >>>>>>>>>>>   3X-男女中长连帽复合-杏色-日出山脉-CP
2022-12-09 16:53:04,167 INFO     操作人:张三 内部订单id:23925842   2X-男女复合开衫-深棕-福袋   >>>>>>>>>>>   2X-男女复合开衫-深棕-奶茶干杯男_K-CP
2022-12-09 16:53:04,167 INFO     操作人:张三 内部订单id:23925842   3X-男女中长圆领复合-米色-福袋   >>>>>>>>>>>   3X-男女中长圆领复合-米色-海洋天堂-CP
2022-12-09 16:53:09,079 INFO     操作人:张三 内部订单id:23925839   2X-男女中长圆领复合-红色-福袋   >>>>>>>>>>>   2X-男女中长圆领复合-红色-复古登山-CP
2022-12-09 16:53:09,080 INFO     操作人:张三 内部订单id:23925839   XL-男女中长连帽复合-卡其-福袋   >>>>>>>>>>>   XL-男女中长连帽复合-卡其-几何棕_KB-CP
2022-12-09 16:53:09,080 INFO     操作人:张三 内部订单id:23925839   XL-男女中长圆领毛圈-姜黄-福袋   >>>>>>>>>>>   XL-男女中长圆领毛圈-姜黄-乱写乱画_KB-CP
2022-12-09 16:53:14,108 INFO     操作人:张三 内部订单id:23925752   随码-男女中长连帽复合-福袋   >>>>>>>>>>>   XL-男女中长连帽复合-福袋
2022-12-09 16:53:19,804 INFO     操作人:张三 内部订单id:23925641   S-男女中长连帽复合-红色-福袋   >>>>>>>>>>>   S-男女中长连帽复合-红色-探索_KB-CP
2022-12-09 16:53:25,796 INFO     操作人:张三 内部订单id:23925597   3X-男女中长圆领复合-白色-福袋   >>>>>>>>>>>   3X-男女中长圆领复合-白色-呼吸熊_ZB-CP
2022-12-09 16:53:25,796 INFO     操作人:张三 内部订单id:23925597   3X-男女中长连帽复合-米色-福袋   >>>>>>>>>>>   3X-男女中长连帽复合-米色-惊喜老虎_ZB-CP
2022-12-09 16:53:31,810 INFO     操作人:张三 内部订单id:23925568   M-男女中长连帽复合-米色-福袋   >>>>>>>>>>>   M-男女中长连帽复合-米色-joy-CP
2022-12-09 16:53:37,324 INFO     操作人:张三 内部订单id:23925562   M-男女中长连帽复合-红色-福袋   >>>>>>>>>>>   M-男女中长连帽复合-红色-休闲假期白-CP
2022-12-09 16:53:43,049 INFO     操作人:张三 内部订单id:23925524   2X-男女中长圆领复合-杏色-福袋   >>>>>>>>>>>   2X-男女中长圆领复合-杏色-爱心线白_K-CP
2022-12-09 16:53:48,487 INFO     操作人:张三 内部订单id:23925420   2X-男女复合开衫-米色-福袋   >>>>>>>>>>>   2X-男女复合开衫-米色-KS马术运动金-CP
2022-12-09 16:53:53,764 INFO     操作人:张三 内部订单id:23925404   S-男女复合开衫-酒红-福袋   >>>>>>>>>>>   S-男女复合开衫-酒红-小草莓熊熊_K-CP
2022-12-09 16:53:58,982 INFO     操作人:张三 内部订单id:23925293   2X-男女中长连帽复合-米色-福袋   >>>>>>>>>>>   2X-男女中长连帽复合-米色-活力老虎-CP
2022-12-09 16:54:04,259 INFO     操作人:张三 内部订单id:23925263   L-男女中长圆领复合-藏青-福袋   >>>>>>>>>>>   L-男女中长圆领复合-藏青-危险的旅行灰_K-CP
2022-12-09 16:54:20,358 INFO     操作人:张三 内部订单id:23910808   S-男女中长连帽复合-藏青-福袋   >>>>>>>>>>>   S-男女中长连帽复合-藏青-软软熊_KB-CP
2022-12-09 16:57:45,568 INFO     操作人:张三 内部订单id:23925839   XL-男女中长连帽复合-卡其-几何棕_KB-CP   >>>>>>>>>>>   XL-男女中长连帽复合-卡其-几何棕_KB-CP
2022-12-09 16:57:45,568 INFO     操作人:张三 内部订单id:23925839   XL-男女中长圆领毛圈-姜黄-乱写乱画_KB-CP   >>>>>>>>>>>   XL-男女中长圆领毛圈-姜黄-兔子_K-CP
2022-12-09 16:57:51,168 INFO     操作人:张三 内部订单id:23924699   随码-男女中长连帽毛圈-福袋   >>>>>>>>>>>   2X-男女中长连帽毛圈-福袋
2022-12-09 16:57:55,716 INFO     操作人:张三 内部订单id:23923360   随码-男女中长连帽复合-福袋   >>>>>>>>>>>   M-男女中长连帽复合-福袋
2022-12-09 16:58:29,104 INFO     操作人:张三 内部订单id:23925752   XL-男女中长连帽复合-福袋   >>>>>>>>>>>   XL-男女中长连帽复合-米色-登月计划_KB-CP
2022-12-09 16:58:34,321 INFO     操作人:张三 内部订单id:23924699   2X-男女中长连帽毛圈-福袋   >>>>>>>>>>>   2X-男女中长连帽毛圈-黑色-藏匿心底-CP
2022-12-09 16:58:39,023 INFO     操作人:张三 内部订单id:23923360   M-男女中长连帽复合-福袋   >>>>>>>>>>>   M-男女中长连帽复合-米色-荆棘玫瑰粉-CP
2022-12-09 16:59:16,763 INFO     操作人:张三 内部订单id:23925839   XL-男女中长连帽复合-卡其-几何棕_KB-CP   >>>>>>>>>>>   XL-男女中长连帽复合-卡其-几何棕_KB-CP
2022-12-09 16:59:16,763 INFO     操作人:张三 内部订单id:23925839   XL-男女中长圆领毛圈-姜黄-兔子_K-CP   >>>>>>>>>>>   XL-男女中长圆领毛圈-姜黄-方框爸-CP
2022-12-09 17:00:07,916 INFO     操作人:张三 内部订单id:23925839   XL-男女中长连帽复合-卡其-几何棕_KB-CP   >>>>>>>>>>>   XL-男女中长连帽复合-卡其-几何棕_KB-CP
2022-12-09 17:00:07,917 INFO     操作人:张三 内部订单id:23925839   XL-男女中长圆领毛圈-姜黄-方框爸-CP   >>>>>>>>>>>   XL-男女中长圆领毛圈-姜黄-闪电彩熊_KB-CP
2022-12-09 17:04:10,739 INFO     操作人:张三 内部订单id:23926478   4X-男圆领复合-福袋   >>>>>>>>>>>   4X-男圆领复合-黑色-国潮三格-CP
2022-12-09 17:04:10,739 INFO     操作人:张三 内部订单id:23926478   4X-男圆领毛圈-福袋   >>>>>>>>>>>   4X-男圆领毛圈-深灰-地图_KB-CP
2022-12-09 17:04:15,928 INFO     操作人:张三 内部订单id:23926408   3X-男圆领复合-福袋   >>>>>>>>>>>   3X-男圆领复合-墨绿-看鲸小宇大-CP
2022-12-09 17:04:15,928 INFO     操作人:张三 内部订单id:23926408   3X-男圆领毛圈-福袋   >>>>>>>>>>>   3X-男圆领毛圈-墨绿-撕破醒狮-CP
2022-12-09 17:04:26,015 INFO     操作人:张三 内部订单id:23926158   3X-男连帽复合-福袋   >>>>>>>>>>>   3X-男连帽复合-黑色-吊绳宇航员-CP
2022-12-09 17:04:26,015 INFO     操作人:张三 内部订单id:23926158   3X-男连帽毛圈-福袋   >>>>>>>>>>>   3X-男连帽毛圈-黑色-逍遥法外白_ZB-CP
2022-12-09 17:04:31,089 INFO     操作人:张三 内部订单id:23926096   4X-男圆领复合-福袋   >>>>>>>>>>>   4X-男圆领复合-麻灰-nasa宇航熊-CP,4X-男圆领复合-湖蓝-复古国风兔_ZB-CP
2022-12-09 17:04:36,154 INFO     操作人:张三 内部订单id:23925319   4X-男圆领复合-福袋   >>>>>>>>>>>   4X-男圆领复合-麻灰-宇航员SKR_前右下-CP
2022-12-09 17:04:36,154 INFO     操作人:张三 内部订单id:23925319   4X-男圆领毛圈-福袋   >>>>>>>>>>>   4X-男圆领毛圈-麻灰-线条熊-CP
2022-12-09 17:04:41,445 INFO     操作人:张三 内部订单id:23924517   3X-男圆领复合-福袋   >>>>>>>>>>>   3X-男圆领复合-姜黄-双纸老虎_KB-CP
2022-12-09 17:04:41,446 INFO     操作人:张三 内部订单id:23924517   3X-男圆领毛圈-福袋   >>>>>>>>>>>   3X-男圆领毛圈-米色-海洋熊_ZB-CP
2022-12-09 17:04:47,008 INFO     操作人:张三 内部订单id:23924320   M-男圆领复合-福袋   >>>>>>>>>>>   M-男圆领复合-暖橘-夏日阳光_KB-CP
2022-12-09 17:04:47,009 INFO     操作人:张三 内部订单id:23924320   M-男圆领毛圈-福袋   >>>>>>>>>>>   M-男圆领毛圈-深灰-国潮三色-CP
2022-12-09 17:04:51,706 INFO     操作人:张三 内部订单id:23924204   L-男圆领复合-福袋   >>>>>>>>>>>   L-男圆领复合-黑色-三块标牌_K-CP
2022-12-09 17:04:51,706 INFO     操作人:张三 内部订单id:23924204   L-男圆领毛圈-福袋   >>>>>>>>>>>   L-男圆领毛圈-米色-线条熊-CP
2022-12-09 17:04:57,024 INFO     操作人:张三 内部订单id:23924078   2X-男圆领复合-福袋   >>>>>>>>>>>   2X-男圆领复合-米色-吊绳宇航员_前领口-CP
2022-12-09 17:04:57,024 INFO     操作人:张三 内部订单id:23924078   2X-男圆领毛圈-福袋   >>>>>>>>>>>   2X-男圆领毛圈-墨绿-地图_KB-CP
2022-12-09 17:05:02,331 INFO     操作人:张三 内部订单id:23924077   4X-男圆领复合-福袋   >>>>>>>>>>>   4X-男圆领复合-米色-复古动漫_KB-CP
2022-12-09 17:05:02,715 INFO     操作人:张三 内部订单id:23924077   4X-男圆领毛圈-福袋   >>>>>>>>>>>   4X-男圆领毛圈-白色-虎靠背-CP
2022-12-09 17:05:07,877 INFO     操作人:张三 内部订单id:23923938   2X-男圆领复合-福袋   >>>>>>>>>>>   2X-男圆领复合-米色-骑车侠-CP
2022-12-09 17:05:07,877 INFO     操作人:张三 内部订单id:23923938   2X-男圆领毛圈-福袋   >>>>>>>>>>>   2X-男圆领毛圈-黑色-尝试白-CP
2022-12-09 17:05:13,279 INFO     操作人:张三 内部订单id:23923684   2X-男圆领复合-福袋   >>>>>>>>>>>   2X-男圆领复合-黑色-线条熊-CP
2022-12-09 17:05:13,280 INFO     操作人:张三 内部订单id:23923684   2X-男圆领毛圈-福袋   >>>>>>>>>>>   2X-男圆领毛圈-麻灰-脏辫虎-CP
2022-12-09 17:05:18,299 INFO     操作人:张三 内部订单id:23923500   4X-男圆领复合-福袋   >>>>>>>>>>>   4X-男圆领复合-黑色-中国醒狮金-CP
2022-12-09 17:05:18,299 INFO     操作人:张三 内部订单id:23923500   4X-男圆领毛圈-福袋   >>>>>>>>>>>   4X-男圆领毛圈-麻灰-墨镜狗头黑-CP
2022-12-09 17:05:23,512 INFO     操作人:张三 内部订单id:23920486   2X-男圆领复合-福袋   >>>>>>>>>>>   2X-男圆领复合-黑色-线条熊-CP
2022-12-09 17:05:23,512 INFO     操作人:张三 内部订单id:23920486   2X-男圆领毛圈-福袋   >>>>>>>>>>>   2X-男圆领毛圈-湖蓝-撕破醒狮-CP
2022-12-09 17:06:10,479 INFO     操作人:张三 内部订单id:23926330   S-男圆领复合-福袋   >>>>>>>>>>>   S-男圆领复合-豆绿-镂空熊蓝_K-镂空熊蓝_B_后右下-CP
2022-12-09 17:06:10,479 INFO     操作人:张三 内部订单id:23926330   S-男圆领毛圈-福袋   >>>>>>>>>>>   S-男圆领毛圈-白色-倒立兔_K-倒立兔黑_B_后左下-CP
2022-12-09 17:07:15,621 INFO     操作人:张三 内部订单id:23926330   S-男圆领毛圈-白色-倒立兔_K-倒立兔黑_B_后左下-CP   >>>>>>>>>>>   S-男圆领毛圈-白色-JSWL划船_KB-CP
2022-12-09 17:07:20,449 INFO     操作人:张三 内部订单id:23922381   XL-男圆领毛圈-米色-松柏仙鹤_K-CP   >>>>>>>>>>>   XL-男圆领毛圈-米色-仙境山-CP
