2022-12-17 14:57:53,293 INFO     操作人:张三 内部订单id:24054383   2X-男女中长圆领复合-黑色-福袋   >>>>>>>>>>>   2X-男女中长圆领复合-黑色-穿梭云层_ZB-CP
2022-12-17 14:57:53,294 INFO     操作人:张三 内部订单id:24054383   2X-男女中长圆领复合-黑色-福袋   >>>>>>>>>>>   2X-男女中长圆领复合-黑色-享受阳光-CP
2022-12-17 14:57:58,439 INFO     操作人:张三 内部订单id:24054295   XL-男女中长圆领复合-黑色-福袋   >>>>>>>>>>>   XL-男女中长圆领复合-黑色-欢乐屋-CP
2022-12-17 14:57:58,440 INFO     操作人:张三 内部订单id:24054295   XL-男女中长圆领复合-黑色-福袋   >>>>>>>>>>>   XL-男女中长圆领复合-黑色-简约草莓-CP
2022-12-17 14:58:03,659 INFO     操作人:张三 内部订单id:24052694   M-男女中长连帽复合-藏青-福袋   >>>>>>>>>>>   M-男女中长连帽复合-藏青-流沙-CP
2022-12-17 14:58:08,210 INFO     操作人:张三 内部订单id:24051147   XL-男女中长圆领复合-黑色-福袋   >>>>>>>>>>>   XL-男女中长圆领复合-黑色-休眠富士山_K-CP
2022-12-17 14:58:12,837 INFO     操作人:张三 内部订单id:24049707   S-男女中长圆领复合-黑色-福袋   >>>>>>>>>>>   S-男女中长圆领复合-黑色-星星公主-CP
2022-12-17 14:58:17,855 INFO     操作人:张三 内部订单id:24048720   L-男女中长连帽复合-福袋   >>>>>>>>>>>   L-男女中长连帽复合-红色-吊线老虎_前领口-CP,L-男女中长连帽复合-红色-紫色樱花_K-CP
2022-12-17 14:58:22,673 INFO     操作人:张三 内部订单id:24048611   L-男女中长连帽复合-黑色-福袋   >>>>>>>>>>>   L-男女中长连帽复合-黑色-草莓熊熊_KB-CP
2022-12-17 14:58:27,573 INFO     操作人:张三 内部订单id:24045957   L-男女中长连帽复合-湖蓝-福袋   >>>>>>>>>>>   L-男女中长连帽复合-湖蓝-唯一的爱-CP
2022-12-17 14:58:33,186 INFO     操作人:张三 内部订单id:24045320   XL-男女复合开衫-福袋   >>>>>>>>>>>   XL-男女复合开衫-藏青-口袋熊白_K-CP
2022-12-17 14:58:38,684 INFO     操作人:张三 内部订单id:24043462   M-男女中长圆领复合-红色-福袋   >>>>>>>>>>>   M-男女中长圆领复合-红色-时尚轮回-CP,M-男女中长圆领复合-红色-牛转钱坤-CP
2022-12-17 14:58:44,195 INFO     操作人:张三 内部订单id:24042817   XL-男女中长连帽复合-藏青-福袋   >>>>>>>>>>>   XL-男女中长连帽复合-藏青-声音波动-CP
2022-12-17 14:58:50,583 INFO     操作人:张三 内部订单id:24041941   M-男女中长连帽复合-杏色-福袋   >>>>>>>>>>>   M-男女中长连帽复合-杏色-星星公主-CP
2022-12-17 14:58:55,991 INFO     操作人:张三 内部订单id:24040651   S-男女中长圆领复合-米色-福袋   >>>>>>>>>>>   S-男女中长圆领复合-米色-软软熊粉_K-CP
2022-12-17 14:59:07,769 INFO     操作人:张三 内部订单id:24039341   XL-男女中长连帽复合-黑色-福袋   >>>>>>>>>>>   XL-男女中长连帽复合-黑色-户外采风-CP
2022-12-17 14:59:12,714 INFO     操作人:张三 内部订单id:24036431   3X-男女中长连帽复合-黑色-福袋   >>>>>>>>>>>   3X-男女中长连帽复合-黑色-黑白星_KB-CP
2022-12-17 14:59:12,714 INFO     操作人:张三 内部订单id:24036431   3X-男女中长连帽毛圈-米色-福袋   >>>>>>>>>>>   3X-男女中长连帽毛圈-米色-金色海岸-CP
2022-12-17 14:59:18,208 INFO     操作人:张三 内部订单id:24034635   L-男女中长圆领复合-白色-福袋   >>>>>>>>>>>   L-男女中长圆领复合-白色-满心欢喜黑-CP
2022-12-17 14:59:24,548 INFO     操作人:张三 内部订单id:24032225   L-男女中长圆领毛圈-白色-福袋   >>>>>>>>>>>   L-男女中长圆领毛圈-白色-CHINA_字母斜放-CP
2022-12-17 14:59:30,367 INFO     操作人:张三 内部订单id:23995041   S-男女中长圆领复合-杏色-福袋   >>>>>>>>>>>   S-男女中长圆领复合-杏色-沙漠篝火-CP
2022-12-17 15:00:06,772 INFO     操作人:张三 内部订单id:24055791   2X-男圆领复合-福袋   >>>>>>>>>>>   2X-男圆领复合-雾霾蓝-JSWL侦探鸭-CP,2X-男圆领复合-麻灰-JSWL四色小狮-CP
2022-12-17 15:00:13,092 INFO     操作人:张三 内部订单id:24052556   2X-男圆领毛圈-福袋   >>>>>>>>>>>   2X-男圆领毛圈-雾霾蓝-简约字母-CP,2X-男圆领毛圈-米色-黑人男孩-CP
2022-12-17 15:00:22,640 INFO     操作人:张三 内部订单id:24051881   L-男圆领复合-福袋   >>>>>>>>>>>   L-男圆领复合-米色-国潮三格-CP,L-男圆领复合-麻灰-复古繁华-CP
2022-12-17 15:00:27,773 INFO     操作人:张三 内部订单id:24049758   2X-男圆领复合-福袋   >>>>>>>>>>>   2X-男圆领复合-雾霾蓝-仰头旋转-CP
2022-12-17 15:00:33,806 INFO     操作人:张三 内部订单id:24045866   L-男圆领复合-福袋   >>>>>>>>>>>   L-男圆领复合-黑色-萌萌兔-CP,L-男圆领复合-湖蓝-比尔鸭-CP
2022-12-17 15:00:39,219 INFO     操作人:张三 内部订单id:24045351   M-男橡筋毛圈长裤-福袋   >>>>>>>>>>>   M-男橡筋毛圈长裤-黑色-圆圈笑脸白_K_后正下-CP
2022-12-17 15:00:39,219 INFO     操作人:张三 内部订单id:24045351   M-男橡筋毛圈长裤-福袋   >>>>>>>>>>>   M-男橡筋毛圈长裤-黑色-减肥虎_K-CP
2022-12-17 15:00:45,273 INFO     操作人:张三 内部订单id:24045314   2X-男圆领复合-福袋   >>>>>>>>>>>   2X-男圆领复合-雾霾蓝-JSWL侦探鸭-CP
2022-12-17 15:00:51,413 INFO     操作人:张三 内部订单id:24045280   L-男圆领复合-福袋   >>>>>>>>>>>   L-男圆领复合-墨绿-欧洲旅行-CP,L-男圆领复合-黑色-中国-CP
2022-12-17 15:00:51,414 INFO     操作人:张三 内部订单id:24045280   L-男圆领毛圈-福袋   >>>>>>>>>>>   L-男圆领毛圈-红色-潮牌兔-CP,L-男圆领毛圈-红色-玉兔猛进-CP
2022-12-17 15:00:56,731 INFO     操作人:张三 内部订单id:24044988   4X-男连帽羊羔绒-黑色-福袋   >>>>>>>>>>>   4X-男连帽羊羔绒-黑色-长安归故里白_KB-CP
2022-12-17 15:01:01,672 INFO     操作人:张三 内部订单id:24044243   XL-男酷丝棉短裤-黑色-福袋   >>>>>>>>>>>   XL-男酷丝棉短裤-黑色-遨游熊_K_前左下-CP
2022-12-17 15:01:01,672 INFO     操作人:张三 内部订单id:24044243   XL-男橡筋毛圈长裤-黑色-福袋   >>>>>>>>>>>   XL-男橡筋毛圈长裤-黑色-CHINESE_K_后左下-CP
2022-12-17 15:01:10,224 INFO     操作人:张三 内部订单id:24044175   S-男圆领复合-福袋   >>>>>>>>>>>   S-男圆领复合-雾霾蓝-笔刷风景-CP,S-男圆领复合-麻灰-太空日报蓝_ZB-CP
2022-12-17 15:01:16,337 INFO     操作人:张三 内部订单id:24041741   M-男圆领复合-福袋   >>>>>>>>>>>   M-男圆领复合-深灰-比尔鸭-CP,M-男圆领复合-麻灰-星空风景-CP
2022-12-17 15:01:22,349 INFO     操作人:张三 内部订单id:24041536   4X-男圆领复合-福袋   >>>>>>>>>>>   4X-男圆领复合-雾霾蓝-中国醒狮金-CP,4X-男圆领复合-墨绿-十字架_ZB-CP
2022-12-17 15:01:28,225 INFO     操作人:张三 内部订单id:24040672   3X-男毛圈长裤-黑色-福袋   >>>>>>>>>>>   3X-男毛圈长裤-黑色-IIKEA白_K_前右上-CP
2022-12-17 15:01:33,747 INFO     操作人:张三 内部订单id:24001799   XL-男复合长裤-黑色-福袋   >>>>>>>>>>>   XL-男复合长裤-黑色-狮头左半_K_前左中-狮头右半_K_前右中-CP
2022-12-17 15:01:38,620 INFO     操作人:张三 内部订单id:23992752   3X-男复合长裤-黑色-福袋   >>>>>>>>>>>   3X-男复合长裤-黑色-地球日_K_前右上-CP
2022-12-17 15:04:58,921 INFO     操作人:张三 内部订单id:24052556   2X-男圆领毛圈-雾霾蓝-简约字母-CP   >>>>>>>>>>>   2X-男圆领毛圈-雾霾蓝-潮牌星白_K-CP
2022-12-17 15:05:04,472 INFO     操作人:张三 内部订单id:24051881   L-男圆领复合-米色-国潮三格-CP   >>>>>>>>>>>   L-男圆领复合-米色-松柏仙鹤_K-CP
2022-12-17 15:05:09,279 INFO     操作人:张三 内部订单id:24049758   2X-男圆领复合-雾霾蓝-仰头旋转-CP   >>>>>>>>>>>   2X-男圆领复合-雾霾蓝-字母麻将_ZB-CP
2022-12-17 15:05:14,384 INFO     操作人:张三 内部订单id:24045866   L-男圆领复合-黑色-萌萌兔-CP   >>>>>>>>>>>   L-男圆领复合-黑色-天空风景-CP
2022-12-17 15:05:14,385 INFO     操作人:张三 内部订单id:24045866   L-男圆领复合-湖蓝-比尔鸭-CP   >>>>>>>>>>>   L-男圆领复合-湖蓝-玉兔招财-CP
2022-12-17 15:05:19,275 INFO     操作人:张三 内部订单id:24045280   L-男圆领复合-墨绿-欧洲旅行-CP   >>>>>>>>>>>   L-男圆领复合-墨绿-复古动漫_KB-CP
2022-12-17 15:05:24,036 INFO     操作人:张三 内部订单id:24044243   XL-男橡筋毛圈长裤-黑色-CHINESE_K_后左下-CP   >>>>>>>>>>>   XL-男橡筋毛圈长裤-黑色-喷火小恐龙_K-CP
2022-12-17 15:05:29,186 INFO     操作人:张三 内部订单id:24044175   S-男圆领复合-麻灰-太空日报蓝_ZB-CP   >>>>>>>>>>>   S-男圆领复合-麻灰-JSWL四色小狮-CP
2022-12-17 15:05:34,479 INFO     操作人:张三 内部订单id:24041741   M-男圆领复合-深灰-比尔鸭-CP   >>>>>>>>>>>   M-男圆领复合-深灰-穿越星河黄-CP
2022-12-17 15:05:34,479 INFO     操作人:张三 内部订单id:24041741   M-男圆领复合-麻灰-星空风景-CP   >>>>>>>>>>>   M-男圆领复合-麻灰-JSWL四色小狮-CP
2022-12-17 15:05:39,550 INFO     操作人:张三 内部订单id:24041536   4X-男圆领复合-墨绿-十字架_ZB-CP   >>>>>>>>>>>   4X-男圆领复合-墨绿-小金兔2_K-CP
2022-12-17 15:05:44,263 INFO     操作人:张三 内部订单id:24040672   3X-男毛圈长裤-黑色-IIKEA白_K_前右上-CP   >>>>>>>>>>>   3X-男毛圈长裤-黑色-shark_K_前右上-CP
2022-12-17 15:05:49,461 INFO     操作人:张三 内部订单id:24001799   XL-男复合长裤-黑色-狮头左半_K_前左中-狮头右半_K_前右中-CP   >>>>>>>>>>>   XL-男复合长裤-黑色-双鹤字母_K_前右上-CP
2022-12-17 15:05:54,391 INFO     操作人:张三 内部订单id:23992752   3X-男复合长裤-黑色-地球日_K_前右上-CP   >>>>>>>>>>>   3X-男复合长裤-黑色-人类_K-CP
2022-12-17 15:07:37,575 INFO     操作人:张三 内部订单id:24045866   L-男圆领复合-黑色-天空风景-CP   >>>>>>>>>>>   L-男圆领复合-黑色-看鲸小宇大-CP
2022-12-17 15:07:42,816 INFO     操作人:张三 内部订单id:24041741   M-男圆领复合-深灰-穿越星河黄-CP   >>>>>>>>>>>   M-男圆领复合-深灰-好运醒狮-CP
2022-12-17 15:07:48,662 INFO     操作人:张三 内部订单id:24040672   3X-男毛圈长裤-黑色-shark_K_前右上-CP   >>>>>>>>>>>   3X-男毛圈长裤-黑色-三块标牌_K_右上-CP
2022-12-17 15:07:57,979 INFO     操作人:张三 内部订单id:23992752   3X-男复合长裤-黑色-人类_K-CP   >>>>>>>>>>>   3X-男复合长裤-黑色-乘风破浪白_K-CP
2022-12-17 15:08:47,924 INFO     操作人:张三 内部订单id:24045866   L-男圆领复合-黑色-看鲸小宇大-CP   >>>>>>>>>>>   L-男圆领复合-黑色-美式巧克力-CP
2022-12-17 15:08:57,684 INFO     操作人:张三 内部订单id:24001799   XL-男复合长裤-黑色-双鹤字母_K_前右上-CP   >>>>>>>>>>>   XL-男复合长裤-黑色-字母侧条_K_左下-CP
2022-12-17 15:09:03,702 INFO     操作人:张三 内部订单id:23992752   3X-男复合长裤-黑色-乘风破浪白_K-CP   >>>>>>>>>>>   3X-男复合长裤-黑色-喷火小恐龙_K-CP
2022-12-17 15:09:46,661 INFO     操作人:张三 内部订单id:24040672   3X-男毛圈长裤-黑色-三块标牌_K_右上-CP   >>>>>>>>>>>   3X-男毛圈长裤-黑色-打雷_K-CP
2022-12-17 15:09:51,907 INFO     操作人:张三 内部订单id:24001799   XL-男复合长裤-黑色-字母侧条_K_左下-CP   >>>>>>>>>>>   XL-男复合长裤-黑色-行星小宇_K-CP
2022-12-17 15:09:56,441 INFO     操作人:张三 内部订单id:23992752   3X-男复合长裤-黑色-喷火小恐龙_K-CP   >>>>>>>>>>>   3X-男复合长裤-黑色-抓痕_K_前右上-CP
2022-12-17 15:50:23,934 INFO     操作人:张三 内部订单id:24040672   3X-男毛圈长裤-黑色-打雷_K-CP   >>>>>>>>>>>   3X-男毛圈长裤-黑色-美队盾_K-CP
2022-12-17 15:50:28,600 INFO     操作人:张三 内部订单id:24001799   XL-男复合长裤-黑色-行星小宇_K-CP   >>>>>>>>>>>   XL-男复合长裤-黑色-遨游熊_K_前左上-CP
2022-12-17 15:53:47,064 INFO     操作人:张三 内部订单id:24051147   XL-男女中长圆领复合-黑色-休眠富士山_K-CP   >>>>>>>>>>>   XL-男女中长圆领复合-黑色-日式涂鸦2_ZB-CP
2022-12-17 15:53:51,696 INFO     操作人:张三 内部订单id:24034635   L-男女中长圆领复合-白色-满心欢喜黑-CP   >>>>>>>>>>>   L-男女中长圆领复合-白色-地平线-CP
2022-12-17 15:55:24,387 INFO     操作人:张三 内部订单id:24043512   160-童连帽复合-皮粉-福袋   >>>>>>>>>>>   160-童连帽复合-皮粉-童组合四宫格-CP
2022-12-17 15:57:49,262 INFO     操作人:张三 内部订单id:24048611   L-男女中长连帽复合-黑色-草莓熊熊_KB-CP   >>>>>>>>>>>   L-男女中长连帽复合-黑色-山茶花画卷绿-CP
