2022-12-06 09:31:18,052 INFO     操作人:张三 内部订单id:23891462   2X-男圆领复合-福袋   >>>>>>>>>>>   2X-男圆领复合-湖蓝-鹿靠背-CP
2022-12-06 09:31:18,060 INFO     操作人:张三 内部订单id:23891462   2X-男圆领复合-福袋   >>>>>>>>>>>   2X-男圆领复合-黑色-柠檬水白-CP
2022-12-06 09:31:23,265 INFO     操作人:张三 内部订单id:23891309   S-男圆领毛圈-福袋   >>>>>>>>>>>   S-男圆领毛圈-黑色-泰森-CP
2022-12-06 09:31:23,265 INFO     操作人:张三 内部订单id:23891309   S-男圆领毛圈-福袋   >>>>>>>>>>>   S-男圆领毛圈-米色-JSWL潮牌R_KB-CP
2022-12-06 09:31:28,114 INFO     操作人:张三 内部订单id:23891169   L-男圆领复合-白色-福袋   >>>>>>>>>>>   L-男圆领复合-白色-遨游熊_K_前左下-遨游熊_B-CP
2022-12-06 09:31:28,115 INFO     操作人:张三 内部订单id:23891169   L-男圆领复合-黑色-福袋   >>>>>>>>>>>   L-男圆领复合-黑色-星球灌篮_ZB-CP
2022-12-06 09:31:34,146 INFO     操作人:张三 内部订单id:23891087   L-男圆领复合-白色-福袋   >>>>>>>>>>>   L-男圆领复合-白色-海洋秘密-CP
2022-12-06 09:31:34,146 INFO     操作人:张三 内部订单id:23891087   L-男圆领复合-黑色-福袋   >>>>>>>>>>>   L-男圆领复合-黑色-JSWL四色小狮-CP
2022-12-06 09:31:39,107 INFO     操作人:张三 内部订单id:23890794   XL-男圆领复合-福袋   >>>>>>>>>>>   XL-男圆领复合-白色-穿越星河_Z_前左下-穿越星河_B-CP
2022-12-06 09:31:39,108 INFO     操作人:张三 内部订单id:23890794   XL-男圆领复合-福袋   >>>>>>>>>>>   XL-男圆领复合-黑色-小鬼当家-CP
2022-12-06 09:31:44,737 INFO     操作人:张三 内部订单id:23890208   L-男圆领毛圈-福袋   >>>>>>>>>>>   L-男圆领毛圈-白色-国风四宫格-CP
2022-12-06 09:31:50,493 INFO     操作人:张三 内部订单id:23890129   XL-男圆领复合-福袋   >>>>>>>>>>>   XL-男圆领复合-白色-星球坠落黑_KB-CP
2022-12-06 09:31:50,494 INFO     操作人:张三 内部订单id:23890129   XL-男圆领复合-福袋   >>>>>>>>>>>   XL-男圆领复合-墨绿-线条笑脸白_K-CP
2022-12-06 09:31:55,680 INFO     操作人:张三 内部订单id:23890075   L-男圆领复合-白色-福袋   >>>>>>>>>>>   L-男圆领复合-白色-月球柠檬_后正中-CP
2022-12-06 09:31:55,680 INFO     操作人:张三 内部订单id:23890075   L-男圆领复合-黑色-福袋   >>>>>>>>>>>   L-男圆领复合-黑色-小萌兔-CP
2022-12-06 09:32:00,912 INFO     操作人:张三 内部订单id:23889999   M-男圆领复合-福袋   >>>>>>>>>>>   M-男圆领复合-雾霾蓝-狮来运转_K-CP
2022-12-06 09:32:00,913 INFO     操作人:张三 内部订单id:23889999   M-男圆领复合-福袋   >>>>>>>>>>>   M-男圆领复合-米色-JSWL侦探鸭-CP
2022-12-06 09:32:05,784 INFO     操作人:张三 内部订单id:23889366   4X-男圆领毛圈-福袋   >>>>>>>>>>>   4X-男圆领毛圈-湖蓝-星球坠落黑_K-星球坠落黑_B_后正下-CP
2022-12-06 09:32:05,785 INFO     操作人:张三 内部订单id:23889366   4X-男圆领毛圈-福袋   >>>>>>>>>>>   4X-男圆领毛圈-雾霾蓝-JSWL阳光小山_KB-CP
2022-12-06 09:32:10,557 INFO     操作人:张三 内部订单id:23888640   2X-男圆领毛圈-福袋   >>>>>>>>>>>   2X-男圆领毛圈-黑色-嘻哈酷熊-CP
2022-12-06 09:32:10,558 INFO     操作人:张三 内部订单id:23888640   2X-男圆领毛圈-福袋   >>>>>>>>>>>   2X-男圆领毛圈-黑色-大竹林熊白_ZB-CP
2022-12-06 09:32:16,082 INFO     操作人:张三 内部订单id:23887646   XL-男圆领复合-福袋   >>>>>>>>>>>   XL-男圆领复合-米色-墨镜狗头黑-CP
2022-12-06 09:32:16,082 INFO     操作人:张三 内部订单id:23887646   XL-男圆领复合-福袋   >>>>>>>>>>>   XL-男圆领复合-白色-狮来运转_K-CP
2022-12-06 09:32:20,858 INFO     操作人:张三 内部订单id:23887523   2X-男圆领复合-福袋   >>>>>>>>>>>   2X-男圆领复合-黑色-复古繁华-CP
2022-12-06 09:32:20,858 INFO     操作人:张三 内部订单id:23887523   2X-男圆领复合-福袋   >>>>>>>>>>>   2X-男圆领复合-米色-潮牌星绿_KB-CP
2022-12-06 09:32:26,787 INFO     操作人:张三 内部订单id:23886236   3X-男圆领复合-福袋   >>>>>>>>>>>   3X-男圆领复合-雾霾蓝-狮来运转_K-CP
2022-12-06 09:32:26,788 INFO     操作人:张三 内部订单id:23886236   3X-男圆领复合-福袋   >>>>>>>>>>>   3X-男圆领复合-麻灰-比尔鸭-CP
2022-12-06 09:32:32,055 INFO     操作人:张三 内部订单id:23882763   L-男圆领复合-黑色-福袋   >>>>>>>>>>>   L-男圆领复合-黑色-白色兔子_前左下-CP
2022-12-06 09:32:32,055 INFO     操作人:张三 内部订单id:23882763   L-男连帽复合-黑色-福袋   >>>>>>>>>>>   L-男连帽复合-黑色-幸运之城-CP
2022-12-06 09:32:37,649 INFO     操作人:张三 内部订单id:23879686   2X-男圆领毛圈-福袋   >>>>>>>>>>>   2X-男圆领毛圈-米色-旅行者_KB-CP
2022-12-06 09:32:37,650 INFO     操作人:张三 内部订单id:23879686   2X-男连帽毛圈-福袋   >>>>>>>>>>>   2X-男连帽毛圈-黑色-无畏虎头-CP
2022-12-06 09:32:42,551 INFO     操作人:张三 内部订单id:23878155   3X-男连帽复合-黑色-福袋   >>>>>>>>>>>   3X-男连帽复合-黑色-潮牌星白_KB-CP
2022-12-06 09:32:42,551 INFO     操作人:张三 内部订单id:23878155   3X-男连帽复合-黑色-福袋   >>>>>>>>>>>   3X-男连帽复合-黑色-跑步人白-CP
2022-12-06 09:32:48,262 INFO     操作人:张三 内部订单id:23870103   M-男合体T-福袋   >>>>>>>>>>>   M-男合体T-藏青-跑步人白-CP
2022-12-06 09:34:19,539 INFO     操作人:张三 内部订单id:23891169   L-男圆领复合-黑色-星球灌篮_ZB-CP   >>>>>>>>>>>   L-男圆领复合-黑色-欧美人像-CP
2022-12-06 09:34:24,562 INFO     操作人:张三 内部订单id:23891087   L-男圆领复合-白色-海洋秘密-CP   >>>>>>>>>>>   L-男圆领复合-白色-灿烂笑脸_ZB-CP
2022-12-06 09:34:29,583 INFO     操作人:张三 内部订单id:23890794   XL-男圆领复合-黑色-小鬼当家-CP   >>>>>>>>>>>   XL-男圆领复合-黑色-JSWL咖啡柯基-CP
2022-12-06 09:34:34,526 INFO     操作人:张三 内部订单id:23890208   L-男高领德绒长袖T-黑色-HTNS鹤白_K-CP   >>>>>>>>>>>   L-男高领德绒长袖T-黑色-JWS小恶魔_K-CP
2022-12-06 09:34:34,526 INFO     操作人:张三 内部订单id:23890208   L-男圆领毛圈-白色-国风四宫格-CP   >>>>>>>>>>>   L-男圆领毛圈-白色-比耶宇航员_前右下-CP
2022-12-06 09:34:39,622 INFO     操作人:张三 内部订单id:23890075   L-男圆领复合-白色-月球柠檬_后正中-CP   >>>>>>>>>>>   L-男圆领复合-白色-中国醒狮-CP
2022-12-06 09:34:45,630 INFO     操作人:张三 内部订单id:23889366   4X-男圆领毛圈-湖蓝-星球坠落黑_K-星球坠落黑_B_后正下-CP   >>>>>>>>>>>   4X-男圆领毛圈-湖蓝-JSWL一家熊-CP
2022-12-06 09:34:50,787 INFO     操作人:张三 内部订单id:23887646   XL-男圆领复合-米色-墨镜狗头黑-CP   >>>>>>>>>>>   XL-男圆领复合-米色-篆书中国绿-CP
2022-12-06 09:34:56,204 INFO     操作人:张三 内部订单id:23879686   2X-男圆领毛圈-米色-旅行者_KB-CP   >>>>>>>>>>>   2X-男圆领毛圈-米色-中国醒狮金-CP
2022-12-06 09:35:01,998 INFO     操作人:张三 内部订单id:23878155   3X-男连帽复合-黑色-跑步人白-CP   >>>>>>>>>>>   3X-男连帽复合-黑色-虎虎生威_ZB-CP
2022-12-06 09:37:16,750 INFO     操作人:张三 内部订单id:23879686   2X-男圆领毛圈-米色-中国醒狮金-CP   >>>>>>>>>>>   2X-男圆领毛圈-米色-JSWL小羊-CP
2022-12-06 09:39:09,339 INFO     操作人:张三 内部订单id:23674741   4X-男圆领复合-湖蓝-双纸老虎_B_前正中-CP   >>>>>>>>>>>   4X-男圆领复合-湖蓝-国潮三格-CP
2022-12-06 09:39:14,080 INFO     操作人:张三 内部订单id:23653144   L-男圆领毛圈-黑色-JSWL菱格-CP   >>>>>>>>>>>   L-男圆领毛圈-黑色-JSWL唯一-CP
2022-12-06 09:39:19,141 INFO     操作人:张三 内部订单id:23653093   3X-男圆领复合-暖橘-四色醒狮-CP   >>>>>>>>>>>   3X-男圆领复合-暖橘-JWS小蓝怪_K-CP
2022-12-06 09:39:19,142 INFO     操作人:张三 内部订单id:23653093   L-男圆领复合-米色-国潮三格-CP   >>>>>>>>>>>   L-男圆领复合-米色-国潮三色-CP
2022-12-06 09:39:24,737 INFO     操作人:张三 内部订单id:23652406   4X-男圆领复合-黑色-悟空新_ZB-CP   >>>>>>>>>>>   4X-男圆领复合-黑色-三小蓝熊-CP
2022-12-06 09:39:29,884 INFO     操作人:张三 内部订单id:23650192   4X-男圆领复合-米色-JSWL棋盘熊-CP   >>>>>>>>>>>   4X-男圆领复合-米色-午后咖啡_ZB-CP
2022-12-06 09:39:35,306 INFO     操作人:张三 内部订单id:23585305   2X-男连帽毛圈-黑色-扬威猫白_ZB   >>>>>>>>>>>   2X-男连帽毛圈-黑色-象棋格_ZB-CP
2022-12-06 09:39:45,752 INFO     操作人:张三 内部订单id:23249649   XL-男合体T-麻灰-国潮三色-CP   >>>>>>>>>>>   XL-男合体T-麻灰-小虎头_K-CP
2022-12-06 09:39:51,521 INFO     操作人:张三 内部订单id:23248505   XL-男合体T-藏青-小赞虎_K-CP   >>>>>>>>>>>   XL-男合体T-藏青-危险山脉-CP
2022-12-06 09:39:51,522 INFO     操作人:张三 内部订单id:23248505   XL-男合体T-黑色-油画熊白_ZB-CP   >>>>>>>>>>>   XL-男合体T-黑色-竹子老虎_KB-CP
2022-12-06 09:39:51,522 INFO     操作人:张三 内部订单id:23248505   XL-男合体T-白色-分裂熊_KB-CP   >>>>>>>>>>>   XL-男合体T-白色-小胖虎-CP
2022-12-06 09:39:57,243 INFO     操作人:张三 内部订单id:22981565   3X-男圆领毛圈-雾霾蓝-喷火小恐龙-CP   >>>>>>>>>>>   3X-男圆领毛圈-雾霾蓝-钓月球-CP
2022-12-06 09:40:02,148 INFO     操作人:张三 内部订单id:22937093   4X-男圆领复合-雾霾蓝-大太空日报_ZB-CP   >>>>>>>>>>>   4X-男圆领复合-雾霾蓝-鹿靠背-CP
2022-12-06 09:40:02,148 INFO     操作人:张三 内部订单id:22937093   4X-男圆领毛圈-深灰-中国醒狮金-CP   >>>>>>>>>>>   4X-男圆领毛圈-深灰-小狗漫画_KB-CP
2022-12-06 09:40:07,243 INFO     操作人:张三 内部订单id:22564074   L-男圆领毛圈-雾霾蓝-字母印花-CP   >>>>>>>>>>>   L-男圆领毛圈-雾霾蓝-JSWLCB_ZB-CP
2022-12-06 09:40:07,244 INFO     操作人:张三 内部订单id:22564074   2X-男圆领毛圈-墨绿-三小蓝熊-CP   >>>>>>>>>>>   2X-男圆领毛圈-墨绿-幸运之城-CP
2022-12-06 09:40:07,244 INFO     操作人:张三 内部订单id:22564074   2X-男圆领毛圈-姜黄-京剧脸谱黑-CP   >>>>>>>>>>>   2X-男圆领毛圈-姜黄-车旅-CP
2022-12-06 09:40:07,244 INFO     操作人:张三 内部订单id:22564074   2X-男圆领毛圈-暖橘-半面史迪仔蓝_K-半面史迪仔蓝_Z_前右下-CP   >>>>>>>>>>>   2X-男圆领毛圈-暖橘-国风四宫格-CP
2022-12-06 09:40:07,245 INFO     操作人:张三 内部订单id:22564074   L-男圆领毛圈-深灰-大太空日报_ZB-CP   >>>>>>>>>>>   L-男圆领毛圈-深灰-骑车侠-CP
2022-12-06 09:40:12,585 INFO     操作人:张三 内部订单id:22261436   S-男圆领复合-红色-平安喜乐白-CP   >>>>>>>>>>>   S-男圆领复合-红色-JSWL棋盘格-CP
2022-12-06 09:40:17,421 INFO     操作人:张三 内部订单id:22060735   3X-男圆领毛圈-暖橘-行星小宇_K-CP   >>>>>>>>>>>   3X-男圆领毛圈-暖橘-中国醒狮金-CP
2022-12-06 09:41:07,404 INFO     操作人:张三 内部订单id:23653093   L-男圆领复合-米色-国潮三色-CP   >>>>>>>>>>>   L-男圆领复合-米色-蓝夜熊_KB-CP
2022-12-06 09:41:12,455 INFO     操作人:张三 内部订单id:23650192   4X-男圆领复合-米色-午后咖啡_ZB-CP   >>>>>>>>>>>   4X-男圆领复合-米色-小狗漫画_KB-CP
2022-12-06 09:41:17,173 INFO     操作人:张三 内部订单id:23248505   XL-男合体T-藏青-危险山脉-CP   >>>>>>>>>>>   XL-男合体T-藏青-森林之王-CP
2022-12-06 09:41:17,174 INFO     操作人:张三 内部订单id:23248505   XL-男合体T-黑色-竹子老虎_KB-CP   >>>>>>>>>>>   XL-男合体T-黑色-油漆叉_ZB-CP
