2022-12-22 10:55:48,271 INFO     操作人:张三 内部订单id:24095288   XL-男女复合开衫-福袋   >>>>>>>>>>>   XL-男女复合开衫-酒红-富士玛雅_K-CP
2022-12-22 10:55:52,834 INFO     操作人:张三 内部订单id:24094979   3X-男女中长圆领毛圈-黑色-福袋   >>>>>>>>>>>   3X-男女中长圆领毛圈-黑色-银河粉星-CP
2022-12-22 10:55:52,835 INFO     操作人:张三 内部订单id:24094979   3X-男女中长圆领毛圈-白色-福袋   >>>>>>>>>>>   3X-男女中长圆领毛圈-白色-天使花园_ZB-CP
2022-12-22 10:55:57,959 INFO     操作人:张三 内部订单id:24093915   3X-男女中长圆领毛圈-深卡其-福袋   >>>>>>>>>>>   3X-男女中长圆领毛圈-深卡其-梦幻华尔兹-CP
2022-12-22 10:55:57,967 INFO     操作人:张三 内部订单id:24093915   M-男女中长连帽复合-酒红-福袋   >>>>>>>>>>>   M-男女中长连帽复合-酒红-金色山脉-CP
2022-12-22 10:56:02,565 INFO     操作人:张三 内部订单id:24093515   130-童连帽复合-福袋   >>>>>>>>>>>   130-童连帽复合-姜黄-童猫与鼠_Z-童猫与鼠_B_后正下-CP
2022-12-22 10:56:02,566 INFO     操作人:张三 内部订单id:24093515   130-童连帽复合-福袋   >>>>>>>>>>>   130-童连帽复合-黑色-童儿童自行车-CP
2022-12-22 10:56:02,566 INFO     操作人:张三 内部订单id:24093515   120-童连帽复合-福袋   >>>>>>>>>>>   120-童连帽复合-湖蓝-童棉花云兔-CP
2022-12-22 10:56:02,566 INFO     操作人:张三 内部订单id:24093515   120-童连帽复合-福袋   >>>>>>>>>>>   120-童连帽复合-湖蓝-黄字小熊_K-童黄字小熊_B_后正下-CP
2022-12-22 10:56:02,566 INFO     操作人:张三 内部订单id:24093515   120-童连帽复合-福袋   >>>>>>>>>>>   120-童连帽复合-皮粉-童彩虹小马-CP
2022-12-22 10:56:02,566 INFO     操作人:张三 内部订单id:24093515   120-童连帽复合-福袋   >>>>>>>>>>>   120-童连帽复合-黑色-童红福奇奇-CP
2022-12-22 10:56:07,843 INFO     操作人:张三 内部订单id:24092734   3X-男女中长圆领复合-福袋   >>>>>>>>>>>   3X-男女中长圆领复合-红色-太空追星男-CP
2022-12-22 10:56:12,363 INFO     操作人:张三 内部订单id:24091526   M-男女中长连帽复合-豆绿-福袋   >>>>>>>>>>>   M-男女中长连帽复合-豆绿-草莓熊熊_KB-CP
2022-12-22 10:56:17,018 INFO     操作人:张三 内部订单id:24091335   XL-男女中长圆领复合-藏青-福袋   >>>>>>>>>>>   XL-男女中长圆领复合-藏青-自然界白-CP
2022-12-22 10:56:17,018 INFO     操作人:张三 内部订单id:24091335   XL-男女中长圆领复合-米色-福袋   >>>>>>>>>>>   XL-男女中长圆领复合-米色-眨眼笑白_K-CP
2022-12-22 10:56:21,784 INFO     操作人:张三 内部订单id:24090460   XL-男女复合开衫-黑色-福袋   >>>>>>>>>>>   XL-男女复合开衫-黑色-破损熊_K-破损熊_后左下-CP
2022-12-22 10:56:21,785 INFO     操作人:张三 内部订单id:24090460   XL-男女中长连帽复合-深棕-福袋   >>>>>>>>>>>   XL-男女中长连帽复合-深棕-如此害羞_KB-CP
2022-12-22 10:56:21,785 INFO     操作人:张三 内部订单id:24090460   L-男女中长圆领毛圈-米色-福袋   >>>>>>>>>>>   L-男女中长圆领毛圈-米色-展示秀黑-CP
2022-12-22 10:56:21,785 INFO     操作人:张三 内部订单id:24090460   XL-男女复合开衫-藏青-福袋   >>>>>>>>>>>   XL-男女复合开衫-藏青-郁金香小羊_KB-CP
2022-12-22 10:56:21,785 INFO     操作人:张三 内部订单id:24090460   XL-男女中长圆领复合-红色-福袋   >>>>>>>>>>>   XL-男女中长圆领复合-红色-闪电彩熊_KB-CP
2022-12-22 10:56:21,785 INFO     操作人:张三 内部订单id:24090460   XL-男女中长连帽复合-白色-福袋   >>>>>>>>>>>   XL-男女中长连帽复合-白色-太空追星男-CP
2022-12-22 10:56:26,704 INFO     操作人:张三 内部订单id:24090394   2X-男女复合开衫-深棕-福袋   >>>>>>>>>>>   2X-男女复合开衫-深棕-KS位置-CP
2022-12-22 10:56:26,705 INFO     操作人:张三 内部订单id:24090394   2X-男女中长连帽复合-深灰-福袋   >>>>>>>>>>>   2X-男女中长连帽复合-深灰-酒红字白-CP
2022-12-22 10:56:26,705 INFO     操作人:张三 内部订单id:24090394   XL-男女中长圆领复合-深灰-福袋   >>>>>>>>>>>   XL-男女中长圆领复合-深灰-海洋天堂正背_KB-CP
2022-12-22 10:56:32,216 INFO     操作人:张三 内部订单id:24090388   L-男女复合开衫-深棕-福袋   >>>>>>>>>>>   L-男女复合开衫-深棕-闭眼熊_K-CP
2022-12-22 10:56:32,217 INFO     操作人:张三 内部订单id:24090388   L-男女中长连帽复合-深棕-福袋   >>>>>>>>>>>   L-男女中长连帽复合-深棕-草莓熊熊_KB-CP
2022-12-22 10:56:32,217 INFO     操作人:张三 内部订单id:24090388   L-男女中长圆领复合-墨绿-福袋   >>>>>>>>>>>   L-男女中长圆领复合-墨绿-金色麦田-CP
2022-12-22 10:56:36,825 INFO     操作人:张三 内部订单id:24090384   S-男女复合开衫-藏青-福袋   >>>>>>>>>>>   S-男女复合开衫-藏青-魔法书_KB-CP
2022-12-22 10:56:41,468 INFO     操作人:张三 内部订单id:24090382   XL-男女中长连帽复合-黑色-福袋   >>>>>>>>>>>   XL-男女中长连帽复合-黑色-躺着的熊-CP
2022-12-22 10:56:41,469 INFO     操作人:张三 内部订单id:24090382   XL-男女复合开衫-黑色-福袋   >>>>>>>>>>>   XL-男女复合开衫-黑色-莫比乌斯_KB-CP
2022-12-22 10:56:41,469 INFO     操作人:张三 内部订单id:24090382   XL-男女中长圆领复合-深棕-福袋   >>>>>>>>>>>   XL-男女中长圆领复合-深棕-流动的爱白-CP
2022-12-22 10:56:46,150 INFO     操作人:张三 内部订单id:24090371   3X-男女中长圆领复合-米色-福袋   >>>>>>>>>>>   3X-男女中长圆领复合-米色-无瑕-CP
2022-12-22 10:56:46,150 INFO     操作人:张三 内部订单id:24090371   M-男女中长连帽复合-豆绿-福袋   >>>>>>>>>>>   M-男女中长连帽复合-豆绿-休眠富士山_K-CP
2022-12-22 10:56:55,300 INFO     操作人:张三 内部订单id:24090063   2X-男女复合开衫-藏青-福袋   >>>>>>>>>>>   2X-男女复合开衫-藏青-甜蜜负担_KB-CP
2022-12-22 10:56:55,301 INFO     操作人:张三 内部订单id:24090063   3X-男女中长圆领复合-黑色-福袋   >>>>>>>>>>>   3X-男女中长圆领复合-黑色-怪物微笑_ZB-CP
2022-12-22 10:56:55,301 INFO     操作人:张三 内部订单id:24090063   2X-男女复合开衫-酒红-福袋   >>>>>>>>>>>   2X-男女复合开衫-酒红-登月计划_KB-CP
2022-12-22 10:56:55,301 INFO     操作人:张三 内部订单id:24090063   3X-男女中长圆领复合-墨绿-福袋   >>>>>>>>>>>   3X-男女中长圆领复合-墨绿-沙漠氛围-CP
2022-12-22 10:56:59,961 INFO     操作人:张三 内部订单id:24089920   M-男女复合开衫-米色-福袋   >>>>>>>>>>>   M-男女复合开衫-米色-三色熊_K-CP
2022-12-22 10:56:59,961 INFO     操作人:张三 内部订单id:24089920   M-男女中长圆领复合-藏青-福袋   >>>>>>>>>>>   M-男女中长圆领复合-藏青-荆棘玫瑰蓝-CP
2022-12-22 10:56:59,961 INFO     操作人:张三 内部订单id:24089920   M-男女中长连帽复合-黑色-福袋   >>>>>>>>>>>   M-男女中长连帽复合-黑色-拉开帷幕白_KB-CP
2022-12-22 10:57:04,603 INFO     操作人:张三 内部订单id:24089737   L-男女中长圆领复合-杏色-福袋   >>>>>>>>>>>   L-男女中长圆领复合-杏色-草莓熊熊_KB-CP
2022-12-22 10:57:04,603 INFO     操作人:张三 内部订单id:24089737   L-男女复合开衫-黑色-福袋   >>>>>>>>>>>   L-男女复合开衫-黑色-魔法阵_KB-CP
2022-12-22 10:57:10,021 INFO     操作人:张三 内部订单id:24089520   2X-男女中长连帽复合-黑色-福袋   >>>>>>>>>>>   2X-男女中长连帽复合-黑色-天黑请闭眼-CP
2022-12-22 10:57:10,021 INFO     操作人:张三 内部订单id:24089520   2X-男女中长连帽毛圈-黑色-福袋   >>>>>>>>>>>   2X-男女中长连帽毛圈-黑色-萌虎四宫格-CP
2022-12-22 10:57:14,798 INFO     操作人:张三 内部订单id:24089514   XL-男女中长连帽复合-湖蓝-福袋   >>>>>>>>>>>   XL-男女中长连帽复合-湖蓝-开心甜甜圈-CP
2022-12-22 10:57:20,156 INFO     操作人:张三 内部订单id:24089333   XL-男女中长圆领复合-黑色-福袋   >>>>>>>>>>>   XL-男女中长圆领复合-黑色-回流白-CP
2022-12-22 10:57:20,156 INFO     操作人:张三 内部订单id:24089333   2X-男女复合开衫-黑色-福袋   >>>>>>>>>>>   2X-男女复合开衫-黑色-天空鲸鱼_KB-CP
2022-12-22 10:57:20,156 INFO     操作人:张三 内部订单id:24089333   XL-男女中长连帽复合-酒红-福袋   >>>>>>>>>>>   XL-男女中长连帽复合-酒红-最好的朋友-CP
2022-12-22 10:57:25,031 INFO     操作人:张三 内部订单id:24088700   S-男女中长连帽复合-杏色-福袋   >>>>>>>>>>>   S-男女中长连帽复合-杏色-太棒了-CP
2022-12-22 10:57:25,031 INFO     操作人:张三 内部订单id:24088700   S-男女中长连帽毛圈-皮粉-福袋   >>>>>>>>>>>   S-男女中长连帽毛圈-皮粉-休眠富士山_K-CP
2022-12-22 10:57:30,313 INFO     操作人:张三 内部订单id:24085775   XL-女通撞色纯棉短袖-福袋   >>>>>>>>>>>   XL-女通撞色纯棉短袖-白黑-热气球-CP
2022-12-22 10:57:34,869 INFO     操作人:张三 内部订单id:24078983   M-男女中长圆领复合-米色-福袋   >>>>>>>>>>>   M-男女中长圆领复合-米色-旋转白-CP
2022-12-22 11:00:10,975 INFO     操作人:张三 内部订单id:24097447   XL-男圆领毛圈-福袋   >>>>>>>>>>>   XL-男圆领毛圈-暖橘-恶魔追赶蓝-CP,XL-男圆领毛圈-黑色-闭嘴大卫白-CP
2022-12-22 11:00:16,435 INFO     操作人:张三 内部订单id:24096909   L-男圆领复合-福袋   >>>>>>>>>>>   L-男圆领复合-黑色-JSWL棒球熊-CP,L-男圆领复合-红木-兔年舞狮-CP
2022-12-22 11:00:28,016 INFO     操作人:张三 内部订单id:24094631   L-男圆领复合-福袋   >>>>>>>>>>>   L-男圆领复合-酒红-和谐字母-CP,L-男圆领复合-白色-中国醒狮金-CP
2022-12-22 11:00:33,608 INFO     操作人:张三 内部订单id:24093554   4X-男连帽羊羔绒-黑色-福袋   >>>>>>>>>>>   4X-男连帽羊羔绒-黑色-仙境山-CP
2022-12-22 11:00:33,609 INFO     操作人:张三 内部订单id:24093554   4X-男圆领羊羔绒-黑色-福袋   >>>>>>>>>>>   4X-男圆领羊羔绒-黑色-穿越星河_Z_前左下-穿越星河_B-CP
2022-12-22 11:00:39,853 INFO     操作人:张三 内部订单id:24093098   XL-男圆领复合-福袋   >>>>>>>>>>>   XL-男圆领复合-黑色-欧美复古-CP,XL-男圆领复合-雾霾蓝-地球艺术-CP
2022-12-22 11:00:44,960 INFO     操作人:张三 内部订单id:24092660   L-男圆领复合-福袋   >>>>>>>>>>>   L-男圆领复合-黑色-十字架组_KB-CP,L-男圆领复合-米色-JSWL四色小狮-CP
2022-12-22 11:00:50,238 INFO     操作人:张三 内部订单id:24092123   4X-男圆领复合-福袋   >>>>>>>>>>>   4X-男圆领复合-墨绿-车旅-CP,4X-男圆领复合-姜黄-探头猫黑_前右下-CP
2022-12-22 11:00:55,267 INFO     操作人:张三 内部订单id:24091056   2X-男圆领复合-福袋   >>>>>>>>>>>   2X-男圆领复合-黑色-JSWL情侣花-CP,2X-男圆领复合-姜黄-熊猫背影-CP
2022-12-22 11:01:00,643 INFO     操作人:张三 内部订单id:24089105   XL-男圆领复合-福袋   >>>>>>>>>>>   XL-男圆领复合-麻灰-青年虎黑_KB-CP,XL-男圆领复合-黑色-恶魔涂鸦-CP
2022-12-22 11:01:05,479 INFO     操作人:张三 内部订单id:24087371   2X-男圆领复合-福袋   >>>>>>>>>>>   2X-男圆领复合-白色-中国兔-CP,2X-男圆领复合-雾霾蓝-行星小宇_K-CP
2022-12-22 11:01:10,732 INFO     操作人:张三 内部订单id:24086562   4X-男圆领复合-福袋   >>>>>>>>>>>   4X-男圆领复合-米色-仙境山-CP,4X-男圆领复合-黑色-JSWL棋盘格-CP
2022-12-22 11:01:16,429 INFO     操作人:张三 内部订单id:24085678   4X-男圆领复合-福袋   >>>>>>>>>>>   4X-男圆领复合-黑色-JSWL一家熊-CP
2022-12-22 11:01:16,429 INFO     操作人:张三 内部订单id:24085678   4X-男圆领复合-福袋   >>>>>>>>>>>   4X-男圆领复合-白色-JSWL四小熊猫-CP
2022-12-22 11:01:16,429 INFO     操作人:张三 内部订单id:24085678   4X-男圆领复合-福袋   >>>>>>>>>>>   4X-男圆领复合-雾霾蓝-夏日阳光_KB-CP
2022-12-22 11:01:22,022 INFO     操作人:张三 内部订单id:24084954   S-男圆领毛圈-福袋   >>>>>>>>>>>   S-男圆领毛圈-米色-海洋秘密-CP,S-男圆领毛圈-米色-涂鸦叉_ZB-CP
2022-12-22 11:01:27,675 INFO     操作人:张三 内部订单id:24084600   XL-男圆领复合-福袋   >>>>>>>>>>>   XL-男圆领复合-米色-鸿运当头_K-CP,XL-男圆领复合-白色-JSWL波动-CP
2022-12-22 11:01:33,083 INFO     操作人:张三 内部订单id:24082339   M-男圆领复合-福袋   >>>>>>>>>>>   M-男圆领复合-黑色-过渡笑脸_K-CP,M-男圆领复合-黑色-地球艺术-CP
2022-12-22 11:01:38,725 INFO     操作人:张三 内部订单id:24081089   2X-男圆领毛圈-福袋   >>>>>>>>>>>   2X-男圆领毛圈-黑色-舞狮白字_ZB-CP,2X-男圆领毛圈-湖蓝-宇航员SKR_前右下-CP
2022-12-22 13:53:06,101 INFO     操作人:张三 内部订单id:24099099   2X-男女中长连帽复合-酒红-福袋   >>>>>>>>>>>   2X-男女中长连帽复合-酒红-抱偶老虎_K-CP
2022-12-22 13:53:10,843 INFO     操作人:张三 内部订单id:24097859   M-男女中长圆领复合-墨绿-福袋   >>>>>>>>>>>   M-男女中长圆领复合-墨绿-迷失的心_KB-CP
2022-12-22 13:53:59,549 INFO     操作人:张三 内部订单id:24097369   4X-男圆领毛圈-福袋   >>>>>>>>>>>   4X-男圆领毛圈-麻灰-镂空熊蓝_K-镂空熊蓝_B_后右下-CP,4X-男圆领毛圈-红色-平安喜乐白-CP
2022-12-22 13:53:59,549 INFO     操作人:张三 内部订单id:24097369   4X-男圆领毛圈-福袋   >>>>>>>>>>>   4X-男圆领毛圈-黑色-中国醒狮-CP,4X-男圆领毛圈-黑色-可爱绵羊-CP
2022-12-22 13:53:59,550 INFO     操作人:张三 内部订单id:24097369   4X-男连帽毛圈-福袋   >>>>>>>>>>>   4X-男连帽毛圈-黑色-中国功夫-CP
2022-12-22 13:53:59,550 INFO     操作人:张三 内部订单id:24097369   4X-男连帽毛圈-福袋   >>>>>>>>>>>   4X-男连帽毛圈-黑色-机器心_ZB-CP
2022-12-22 13:53:59,550 INFO     操作人:张三 内部订单id:24097369   3X-男橡筋毛圈长裤-福袋   >>>>>>>>>>>   3X-男橡筋毛圈长裤-黑色-字母侧条_K-CP
2022-12-22 13:53:59,550 INFO     操作人:张三 内部订单id:24097369   3X-男橡筋毛圈长裤-福袋   >>>>>>>>>>>   3X-男橡筋毛圈长裤-黑色-过渡笑脸_K-CP
2022-12-22 13:54:04,827 INFO     操作人:张三 内部订单id:24097357   4X-男圆领复合-福袋   >>>>>>>>>>>   4X-男圆领复合-深灰-彩色笔刷_K-CP,4X-男圆领复合-米色-镭射熊_KB-CP
2022-12-22 13:54:10,863 INFO     操作人:张三 内部订单id:24097139   2X-男复合长裤-福袋   >>>>>>>>>>>   2X-男复合长裤-黑色-吊绳宇航员_前左上-CP,2X-男复合长裤-黑色-shark_K-CP
2022-12-22 13:54:10,864 INFO     操作人:张三 内部订单id:24097139   2X-男连帽复合-黑色-福袋   >>>>>>>>>>>   2X-男连帽复合-黑色-JSWL绿色村庄_K-CP
2022-12-22 13:54:10,864 INFO     操作人:张三 内部订单id:24097139   2X-男圆领复合-黑色-福袋   >>>>>>>>>>>   2X-男圆领复合-黑色-清新豚_K-CP
