2022-12-14 17:00:02,561 INFO     操作人:张三 内部订单id:24030164   XL-男圆领复合-福袋   >>>>>>>>>>>   XL-男圆领复合-白色-泰森-CP,XL-男圆领复合-白色-车旅-CP
2022-12-14 17:00:07,559 INFO     操作人:张三 内部订单id:24030027   2X-男圆领复合-福袋   >>>>>>>>>>>   2X-男圆领复合-黑色-涂鸦粉熊-CP,2X-男圆领复合-黑色-山野露营白_KB-CP
2022-12-14 17:00:12,546 INFO     操作人:张三 内部订单id:24029933   L-男圆领复合-福袋   >>>>>>>>>>>   L-男圆领复合-红色-国风四宫格-CP,L-男圆领复合-姜黄-国风四宫格-CP
2022-12-14 17:00:17,493 INFO     操作人:张三 内部订单id:24028454   L-男圆领复合-福袋   >>>>>>>>>>>   L-男圆领复合-酒红-国潮三格-CP,L-男圆领复合-红色-富贵险白_KB-CP
2022-12-14 17:03:54,760 INFO     操作人:张三 内部订单id:24030164   XL-男圆领复合-白色-泰森-CP   >>>>>>>>>>>   XL-男圆领复合-白色-海洋秘密-CP
2022-12-14 17:03:54,760 INFO     操作人:张三 内部订单id:24030164   XL-男圆领复合-白色-车旅-CP   >>>>>>>>>>>   XL-男圆领复合-白色-国潮四宫格-CP
2022-12-14 17:03:59,535 INFO     操作人:张三 内部订单id:24029933   L-男圆领复合-红色-国风四宫格-CP   >>>>>>>>>>>   L-男圆领复合-红色-JSWL三色涂鸦-CP
2022-12-14 17:03:59,536 INFO     操作人:张三 内部订单id:24029933   L-男圆领复合-姜黄-国风四宫格-CP   >>>>>>>>>>>   L-男圆领复合-姜黄-行星小宇_K-CP
2022-12-14 17:04:05,712 INFO     操作人:张三 内部订单id:24028454   L-男圆领复合-酒红-国潮三格-CP   >>>>>>>>>>>   L-男圆领复合-酒红-大写字母白_KB-CP
2022-12-14 17:12:44,967 INFO     操作人:张三 内部订单id:24029933   L-男圆领复合-姜黄-行星小宇_K-CP   >>>>>>>>>>>   L-男圆领复合-姜黄-浪花锦鲤金-CP
2022-12-14 17:18:03,767 INFO     操作人:张三 内部订单id:24018145   XL-男合体T-黑色-福袋   >>>>>>>>>>>   XL-男合体T-黑色-遨游熊_KB-CP
2022-12-14 17:18:08,920 INFO     操作人:张三 内部订单id:23919083   3X-男连帽复合-湖蓝-JSWL菱格-CP   >>>>>>>>>>>   3X-男连帽复合-湖蓝-中国醒狮-CP
2022-12-15 13:59:38,499 INFO     操作人:张三 内部订单id:24038998   2X-男圆领毛圈-福袋   >>>>>>>>>>>   2X-男圆领毛圈-白色-猫和鼠3鼠右_前右下-CP
2022-12-15 13:59:43,051 INFO     操作人:张三 内部订单id:24038966   XL-男圆领复合-福袋   >>>>>>>>>>>   XL-男圆领复合-墨绿-滑板宇航白_ZB-CP,XL-男圆领复合-深灰-北极熊白-CP
2022-12-15 13:59:47,887 INFO     操作人:张三 内部订单id:24037554   L-男圆领复合-福袋   >>>>>>>>>>>   L-男圆领复合-米色-山野露营棕_KB-CP,L-男圆领复合-黑色-国潮三色-CP
2022-12-15 13:59:53,377 INFO     操作人:张三 内部订单id:24035964   3X-男圆领复合-福袋   >>>>>>>>>>>   3X-男圆领复合-黑色-披萨_KB-CP,3X-男圆领复合-雾霾蓝-线条风景-CP
2022-12-15 13:59:58,620 INFO     操作人:张三 内部订单id:24035921   2X-男连帽羊羔绒-福袋   >>>>>>>>>>>   2X-男连帽羊羔绒-雾霾蓝-滑板宇航白_ZB-CP
2022-12-15 13:59:58,621 INFO     操作人:张三 内部订单id:24035921   2X-男连帽羊羔绒-福袋   >>>>>>>>>>>   2X-男连帽羊羔绒-姜黄-彩色笔刷_K-CP
2022-12-15 14:00:04,184 INFO     操作人:张三 内部订单id:24035883   L-男圆领复合-福袋   >>>>>>>>>>>   L-男圆领复合-雾霾蓝-鹿靠背-CP,L-男圆领复合-米色-大写字母黑_KB-CP
2022-12-15 14:00:09,930 INFO     操作人:张三 内部订单id:24035560   2X-男圆领毛圈-福袋   >>>>>>>>>>>   2X-男圆领毛圈-黑色-线条风景-CP
2022-12-15 14:00:15,340 INFO     操作人:张三 内部订单id:24035411   2X-男圆领毛圈-福袋   >>>>>>>>>>>   2X-男圆领毛圈-黑色-JSWL棒球熊-CP,2X-男圆领毛圈-雾霾蓝-小金虎-CP
2022-12-15 14:00:20,281 INFO     操作人:张三 内部订单id:24034365   L-男圆领复合-福袋   >>>>>>>>>>>   L-男圆领复合-白色-幸运之城-CP,L-男圆领复合-雾霾蓝-鹿靠背-CP
2022-12-15 14:00:25,134 INFO     操作人:张三 内部订单id:24034083   4X-男连帽复合-福袋   >>>>>>>>>>>   4X-男连帽复合-米色-露营_KB-CP,4X-男连帽复合-黑色-美式巧克力-CP
2022-12-15 14:00:29,860 INFO     操作人:张三 内部订单id:24034050   L-男圆领复合-福袋   >>>>>>>>>>>   L-男圆领复合-白色-全员恶人-CP,L-男圆领复合-湖蓝-海岛旅行-CP
2022-12-15 14:00:35,020 INFO     操作人:张三 内部订单id:24033182   L-男圆领复合-福袋   >>>>>>>>>>>   L-男圆领复合-酒红-飞跃兔-CP,L-男圆领复合-酒红-狮来运转_K-CP
2022-12-15 14:00:39,944 INFO     操作人:张三 内部订单id:24033141   2X-男圆领复合-福袋   >>>>>>>>>>>   2X-男圆领复合-麻灰-象棋格_ZB-CP,2X-男圆领复合-白色-JSWL哈啰笑脸-CP
2022-12-15 14:00:44,678 INFO     操作人:张三 内部订单id:24031261   XL-男连帽复合-福袋   >>>>>>>>>>>   XL-男连帽复合-白色-吊绳宇航员_前领口-CP
2022-12-15 14:00:44,678 INFO     操作人:张三 内部订单id:24031261   XL-男连帽毛圈-福袋   >>>>>>>>>>>   XL-男连帽毛圈-米色-JSWL菱格-CP
2022-12-15 14:00:54,621 INFO     操作人:张三 内部订单id:23961048   4X-男合体T-福袋   >>>>>>>>>>>   4X-男合体T-黑色-富贵险白_KB-CP
2022-12-15 14:00:54,621 INFO     操作人:张三 内部订单id:23961048   4X-男合体T-福袋   >>>>>>>>>>>   4X-男合体T-黑色-滑板宇航白_ZB-CP
2022-12-15 14:03:18,204 INFO     操作人:张三 内部订单id:24038966   XL-男圆领复合-墨绿-滑板宇航白_ZB-CP   >>>>>>>>>>>   XL-男圆领复合-墨绿-披萨_KB-CP
2022-12-15 14:03:23,142 INFO     操作人:张三 内部订单id:24037554   L-男圆领复合-黑色-国潮三色-CP   >>>>>>>>>>>   L-男圆领复合-黑色-JSWL三色涂鸦-CP
2022-12-15 14:03:28,675 INFO     操作人:张三 内部订单id:24035964   3X-男圆领复合-黑色-披萨_KB-CP   >>>>>>>>>>>   3X-男圆领复合-黑色-兔飞猛进-CP
2022-12-15 14:03:28,675 INFO     操作人:张三 内部订单id:24035964   3X-男圆领复合-雾霾蓝-线条风景-CP   >>>>>>>>>>>   3X-男圆领复合-雾霾蓝-点赞兔-CP
2022-12-15 14:03:33,748 INFO     操作人:张三 内部订单id:24035921   2X-男连帽羊羔绒-姜黄-彩色笔刷_K-CP   >>>>>>>>>>>   2X-男连帽羊羔绒-姜黄-太空日报蓝_ZB-CP
2022-12-15 14:03:39,070 INFO     操作人:张三 内部订单id:24035411   2X-男圆领毛圈-黑色-JSWL棒球熊-CP   >>>>>>>>>>>   2X-男圆领毛圈-黑色-鹤_KB-CP
2022-12-15 14:03:44,357 INFO     操作人:张三 内部订单id:24034365   L-男圆领复合-白色-幸运之城-CP   >>>>>>>>>>>   L-男圆领复合-白色-潮牌星绿_KB-CP
2022-12-15 14:03:49,632 INFO     操作人:张三 内部订单id:24034050   L-男圆领复合-湖蓝-海岛旅行-CP   >>>>>>>>>>>   L-男圆领复合-湖蓝-漫画醒狮蓝-CP
2022-12-15 14:03:54,767 INFO     操作人:张三 内部订单id:24033182   L-男圆领复合-酒红-狮来运转_K-CP   >>>>>>>>>>>   L-男圆领复合-酒红-兔飞猛进-CP
2022-12-15 14:03:59,608 INFO     操作人:张三 内部订单id:24031261   XL-男连帽复合-白色-吊绳宇航员_前领口-CP   >>>>>>>>>>>   XL-男连帽复合-白色-篆书中国黑-CP
2022-12-15 14:04:04,749 INFO     操作人:张三 内部订单id:23993759   M-男合体T-福袋   >>>>>>>>>>>   M-男合体T-白色-柠檬水蓝-CP,M-男合体T-黑色-昨日烟字_K-昨日烟云_K_前右上-昨日烟云_B-CP
2022-12-15 14:04:09,350 INFO     操作人:张三 内部订单id:23961048   4X-男合体T-黑色-滑板宇航白_ZB-CP   >>>>>>>>>>>   4X-男合体T-黑色-JSWL危险艺术-CP
2022-12-15 14:05:15,503 INFO     操作人:张三 内部订单id:24038966   XL-男圆领复合-墨绿-披萨_KB-CP   >>>>>>>>>>>   XL-男圆领复合-墨绿-复古字母_K_前正中-CP
2022-12-15 14:05:20,777 INFO     操作人:张三 内部订单id:24035921   2X-男连帽羊羔绒-姜黄-太空日报蓝_ZB-CP   >>>>>>>>>>>   2X-男连帽羊羔绒-姜黄-明智-CP
2022-12-15 14:06:08,940 INFO     操作人:张三 内部订单id:24038966   XL-男圆领复合-墨绿-复古字母_K_前正中-CP   >>>>>>>>>>>   XL-男圆领复合-墨绿-锦鲤兔-CP
2022-12-15 14:06:14,177 INFO     操作人:张三 内部订单id:24035921   2X-男连帽羊羔绒-姜黄-明智-CP   >>>>>>>>>>>   2X-男连帽羊羔绒-福袋
2022-12-15 14:08:22,302 INFO     操作人:张三 内部订单id:24035921   2X-男连帽羊羔绒-福袋   >>>>>>>>>>>   2X-男连帽羊羔绒-黑色-竹林熊白_ZB-CP
2022-12-15 14:09:10,018 INFO     操作人:张三 内部订单id:24037625   L-男女中长圆领复合-福袋   >>>>>>>>>>>   L-男女中长圆领复合-墨绿-彩虹云雨_前右下-CP
2022-12-15 14:09:15,358 INFO     操作人:张三 内部订单id:24033187   XL-男女中长圆领复合-福袋   >>>>>>>>>>>   XL-男女中长圆领复合-藏青-招手左侧熊_K-招手左侧熊_Z_前右下-CP
2022-12-15 14:09:19,970 INFO     操作人:张三 内部订单id:24020248   L-男女中长圆领复合-杏色-福袋   >>>>>>>>>>>   L-男女中长圆领复合-杏色-云烟-CP
2022-12-15 14:09:19,970 INFO     操作人:张三 内部订单id:24020248   XL-男女复合开衫-酒红-福袋   >>>>>>>>>>>   XL-男女复合开衫-酒红-拿铁拉花_K-CP
2022-12-15 14:09:19,970 INFO     操作人:张三 内部订单id:24020248   L-男女中长圆领复合-墨绿-福袋   >>>>>>>>>>>   L-男女中长圆领复合-墨绿-巧克力熔岩_KB-CP
2022-12-15 14:09:19,971 INFO     操作人:张三 内部订单id:24020248   M-男女中长连帽复合-豆绿-福袋   >>>>>>>>>>>   M-男女中长连帽复合-豆绿-红心标_K-CP
2022-12-15 14:10:02,355 INFO     操作人:张三 内部订单id:24033187   XL-男女中长圆领复合-藏青-招手左侧熊_K-招手左侧熊_Z_前右下-CP   >>>>>>>>>>>   XL-男女中长圆领复合-藏青-街头艺术家-CP
2022-12-15 14:10:07,908 INFO     操作人:张三 内部订单id:24020248   L-男女中长圆领复合-杏色-云烟-CP   >>>>>>>>>>>   L-男女中长圆领复合-杏色-敏锐黑-CP
2022-12-15 15:37:46,069 INFO     操作人:张三 内部订单id:23994996   3X-男女中长圆领复合-杏色-福袋   >>>>>>>>>>>   3X-男女中长圆领复合-杏色-加油小羊-CP
2022-12-15 15:51:06,013 INFO     操作人:张三 内部订单id:24035883   L-男圆领复合-雾霾蓝-鹿靠背-CP   >>>>>>>>>>>   L-男圆领复合-雾霾蓝-JSWL危险艺术-CP
2022-12-15 15:52:25,847 INFO     操作人:张三 内部订单id:24039779   140-童连帽复合-黑色-福袋   >>>>>>>>>>>   140-童连帽复合-黑色-童涂鸦-CP
2022-12-15 15:52:25,848 INFO     操作人:张三 内部订单id:24039779   140-童连帽复合-白色-福袋   >>>>>>>>>>>   140-童连帽复合-白色-童猫与鼠_Z-童猫与鼠_B_后正下-CP
