2022-12-07 17:18:09,543 INFO     操作人:张三 内部订单id:23907957   3X-男圆领复合-福袋   >>>>>>>>>>>   3X-男圆领复合-深灰-揭秘-CP,3X-男圆领复合-麻灰-中国醒狮金-CP
2022-12-07 17:18:14,618 INFO     操作人:张三 内部订单id:23907394   XL-男连帽复合-福袋   >>>>>>>>>>>   XL-男连帽复合-黑色-牛汽满满-CP,XL-男连帽复合-米色-鸿运当头_K-CP
2022-12-07 17:18:19,520 INFO     操作人:张三 内部订单id:23907287   2X-男圆领复合-福袋   >>>>>>>>>>>   2X-男圆领复合-白色-和平狮-CP,2X-男圆领复合-麻灰-自由男孩-CP
2022-12-07 17:18:25,275 INFO     操作人:张三 内部订单id:23907205   3X-男连帽复合-福袋   >>>>>>>>>>>   3X-男连帽复合-白色-JSWL菱格-CP,3X-男连帽复合-红色-国潮三格-CP
2022-12-07 17:18:30,468 INFO     操作人:张三 内部订单id:23907046   3X-男圆领复合-福袋   >>>>>>>>>>>   3X-男圆领复合-雾霾蓝-有钱小虎_前左下-CP,3X-男圆领复合-酒红-复古字母_K_前正中-CP
2022-12-07 17:18:35,436 INFO     操作人:张三 内部订单id:23906842   XL-男连帽复合-福袋   >>>>>>>>>>>   XL-男连帽复合-麻灰-几何狗头黑-CP,XL-男连帽复合-白色-小蓝怪_K-CP
2022-12-07 17:18:41,074 INFO     操作人:张三 内部订单id:23906413   4X-男连帽复合-福袋   >>>>>>>>>>>   4X-男连帽复合-红色-篮球兔子-CP,4X-男连帽复合-红色-JSWL杂志男孩-CP
2022-12-07 17:18:46,339 INFO     操作人:张三 内部订单id:23906353   L-男连帽毛圈-福袋   >>>>>>>>>>>   L-男连帽毛圈-米色-JSWL篆书-CP,L-男连帽毛圈-米色-小熊黑-CP
2022-12-07 17:18:51,558 INFO     操作人:张三 内部订单id:23906352   L-男圆领复合-福袋   >>>>>>>>>>>   L-男圆领复合-湖蓝-啊对对蓝-CP,L-男圆领复合-深灰-海岛旅行-CP
2022-12-07 17:18:56,977 INFO     操作人:张三 内部订单id:23906351   XL-男连帽复合-福袋   >>>>>>>>>>>   XL-男连帽复合-黑色-吊绳宇航员-CP,XL-男连帽复合-麻灰-海岛旅行-CP
2022-12-07 17:19:02,426 INFO     操作人:张三 内部订单id:23905593   XL-男圆领复合-福袋   >>>>>>>>>>>   XL-男圆领复合-酒红-兔子侠_K-CP
2022-12-07 17:19:07,191 INFO     操作人:张三 内部订单id:23904435   L-男圆领复合-福袋   >>>>>>>>>>>   L-男圆领复合-黑色-旅行者_KB-CP
2022-12-07 17:19:07,191 INFO     操作人:张三 内部订单id:23904435   L-男圆领毛圈-福袋   >>>>>>>>>>>   L-男圆领毛圈-白色-新年兔-CP
2022-12-07 17:19:12,252 INFO     操作人:张三 内部订单id:23902464   L-男圆领复合-白色-福袋   >>>>>>>>>>>   L-男圆领复合-白色-假期史迪仔-CP
2022-12-07 17:19:12,252 INFO     操作人:张三 内部订单id:23902464   L-男圆领复合-黑色-福袋   >>>>>>>>>>>   L-男圆领复合-黑色-复古m_KB-CP
2022-12-07 17:19:17,719 INFO     操作人:张三 内部订单id:23901772   L-男圆领复合-白色-福袋   >>>>>>>>>>>   L-男圆领复合-白色-小鬼当家-CP
2022-12-07 17:19:17,719 INFO     操作人:张三 内部订单id:23901772   L-男圆领复合-黑色-福袋   >>>>>>>>>>>   L-男圆领复合-黑色-愉快熊猫_K-CP
2022-12-07 17:19:22,922 INFO     操作人:张三 内部订单id:23900310   M-男连帽复合-福袋   >>>>>>>>>>>   M-男连帽复合-黑色-彩虹洛杉矶-CP
2022-12-07 17:19:22,923 INFO     操作人:张三 内部订单id:23900310   M-男连帽毛圈-福袋   >>>>>>>>>>>   M-男连帽毛圈-红色-国风四宫格-CP
2022-12-07 17:19:28,482 INFO     操作人:张三 内部订单id:23900230   4X-男圆领复合-福袋   >>>>>>>>>>>   4X-男圆领复合-酒红-小萌兔-CP
2022-12-07 17:19:28,482 INFO     操作人:张三 内部订单id:23900230   4X-男圆领毛圈-福袋   >>>>>>>>>>>   4X-男圆领毛圈-墨绿-国潮三色-CP
2022-12-07 17:19:33,629 INFO     操作人:张三 内部订单id:23898433   L-男圆领复合-白色-福袋   >>>>>>>>>>>   L-男圆领复合-白色-小鬼当家-CP
2022-12-07 17:19:33,630 INFO     操作人:张三 内部订单id:23898433   L-男圆领复合-黑色-福袋   >>>>>>>>>>>   L-男圆领复合-黑色-剑客白-CP
2022-12-07 17:20:51,055 INFO     操作人:张三 内部订单id:23906353   L-男连帽毛圈-米色-JSWL篆书-CP   >>>>>>>>>>>   L-男连帽毛圈-米色-全员恶人-CP
2022-12-07 17:20:55,678 INFO     操作人:张三 内部订单id:23906352   L-男圆领复合-深灰-海岛旅行-CP   >>>>>>>>>>>   L-男圆领复合-深灰-像素游戏_Z-CP
2022-12-07 17:21:01,391 INFO     操作人:张三 内部订单id:23902464   L-男圆领复合-白色-假期史迪仔-CP   >>>>>>>>>>>   L-男圆领复合-白色-油画兔-CP
2022-12-07 17:21:07,601 INFO     操作人:张三 内部订单id:23900230   4X-男圆领复合-酒红-小萌兔-CP   >>>>>>>>>>>   4X-男圆领复合-酒红-中国醒狮金-CP
2022-12-07 17:21:13,635 INFO     操作人:张三 内部订单id:23898433   L-男圆领复合-黑色-剑客白-CP   >>>>>>>>>>>   L-男圆领复合-黑色-好运醒狮-CP
2022-12-07 17:22:21,709 INFO     操作人:张三 内部订单id:23907205   3X-男连帽复合-红色-国潮三格-CP   >>>>>>>>>>>   3X-男连帽复合-红色-虎虎生威_ZB-CP
2022-12-07 17:22:26,671 INFO     操作人:张三 内部订单id:23900230   4X-男圆领复合-酒红-中国醒狮金-CP   >>>>>>>>>>>   4X-男圆领复合-酒红-发财兔-CP
2022-12-07 17:22:31,528 INFO     操作人:张三 内部订单id:23898433   L-男圆领复合-黑色-好运醒狮-CP   >>>>>>>>>>>   L-男圆领复合-黑色-几何狗头白-CP
2022-12-07 17:36:56,831 INFO     操作人:张三 内部订单id:23907707   XL-男圆领复合-福袋   >>>>>>>>>>>   XL-男圆领复合-酒红-喜乐-CP,XL-男圆领复合-米色-吊绳宇航员_前领口-CP
2022-12-07 17:37:02,143 INFO     操作人:张三 内部订单id:23907325   M-男圆领复合-福袋   >>>>>>>>>>>   M-男圆领复合-米色-JSWL喜剧故事-CP,M-男圆领复合-酒红-吊绳宇航员_前领口-CP
2022-12-07 17:37:06,956 INFO     操作人:张三 内部订单id:23907221   3X-男圆领毛圈-福袋   >>>>>>>>>>>   3X-男圆领毛圈-雾霾蓝-JSWL四色小狮-CP,3X-男圆领毛圈-烟粉-抓痕虎_K-抓痕虎_Z_前右下-CP
2022-12-07 17:37:06,957 INFO     操作人:张三 内部订单id:23907221   3X-男圆领复合-福袋   >>>>>>>>>>>   3X-男圆领复合-米色-波浪m-CP,3X-男圆领复合-湖蓝-穿越星河_B_前正中-CP
2022-12-07 17:37:12,081 INFO     操作人:张三 内部订单id:23904731   4X-男圆领复合-福袋   >>>>>>>>>>>   4X-男圆领复合-红色-小金兔2_K-CP,4X-男圆领复合-酒红-穿越星河黄-CP
2022-12-07 17:37:17,295 INFO     操作人:张三 内部订单id:23903944   2X-男圆领复合-福袋   >>>>>>>>>>>   2X-男圆领复合-米色-行星小宇_K-CP,2X-男圆领复合-黑色-涂鸦恶魔-CP
2022-12-07 17:37:22,231 INFO     操作人:张三 内部订单id:23902323   XL-男圆领复合-福袋   >>>>>>>>>>>   XL-男圆领复合-白色-和平狮-CP,XL-男圆领复合-墨绿-海洋秘密-CP
2022-12-07 17:37:27,940 INFO     操作人:张三 内部订单id:23901453   L-男圆领毛圈-福袋   >>>>>>>>>>>   L-男圆领毛圈-湖蓝-披萨_KB-CP,L-男圆领毛圈-湖蓝-彩色笔刷_K-CP
2022-12-07 17:37:33,112 INFO     操作人:张三 内部订单id:23898551   4X-男圆领毛圈-福袋   >>>>>>>>>>>   4X-男圆领毛圈-墨绿-国潮三格-CP,4X-男圆领毛圈-黑色-狂野小熊-CP
2022-12-07 17:44:20,936 INFO     操作人:张三 内部订单id:23907707   XL-男圆领复合-米色-吊绳宇航员_前领口-CP   >>>>>>>>>>>   XL-男圆领复合-米色-尝试黑-CP
2022-12-07 17:44:25,819 INFO     操作人:张三 内部订单id:23907325   M-男圆领复合-米色-JSWL喜剧故事-CP   >>>>>>>>>>>   M-男圆领复合-米色-柠檬水蓝-CP
2022-12-07 17:44:31,393 INFO     操作人:张三 内部订单id:23907221   3X-男圆领复合-米色-波浪m-CP   >>>>>>>>>>>   3X-男圆领复合-米色-JSWL四色小狮-CP
2022-12-07 17:44:31,393 INFO     操作人:张三 内部订单id:23907221   3X-男圆领复合-湖蓝-穿越星河_B_前正中-CP   >>>>>>>>>>>   3X-男圆领复合-湖蓝-啊对对蓝-CP
2022-12-07 17:44:36,422 INFO     操作人:张三 内部订单id:23904731   4X-男圆领复合-红色-小金兔2_K-CP   >>>>>>>>>>>   4X-男圆领复合-红色-飞跃兔-CP
2022-12-07 17:44:36,422 INFO     操作人:张三 内部订单id:23904731   4X-男圆领复合-酒红-穿越星河黄-CP   >>>>>>>>>>>   4X-男圆领复合-酒红-小萌兔-CP
2022-12-07 17:44:41,724 INFO     操作人:张三 内部订单id:23903944   2X-男圆领复合-米色-行星小宇_K-CP   >>>>>>>>>>>   2X-男圆领复合-米色-骑车侠-CP
2022-12-07 17:44:52,994 INFO     操作人:张三 内部订单id:23898551   4X-男圆领毛圈-墨绿-国潮三格-CP   >>>>>>>>>>>   4X-男圆领毛圈-墨绿-国风四宫格-CP
2022-12-07 17:45:40,934 INFO     操作人:张三 内部订单id:23907325   M-男圆领复合-米色-柠檬水蓝-CP   >>>>>>>>>>>   M-男圆领复合-米色-JSWL哈啰笑脸-CP
2022-12-07 17:45:46,298 INFO     操作人:张三 内部订单id:23904731   4X-男圆领复合-酒红-小萌兔-CP   >>>>>>>>>>>   4X-男圆领复合-酒红-拥抱玩偶白-CP
2022-12-07 17:45:51,112 INFO     操作人:张三 内部订单id:23898551   4X-男圆领毛圈-墨绿-国风四宫格-CP   >>>>>>>>>>>   4X-男圆领毛圈-墨绿-JSWL一家熊-CP
2022-12-07 17:46:21,272 INFO     操作人:张三 内部订单id:23908978   M-男圆领复合-福袋   >>>>>>>>>>>   M-男圆领复合-姜黄-战斗小宇蓝-CP,M-男圆领复合-黑色-车旅-CP
2022-12-07 17:47:33,263 INFO     操作人:张三 内部订单id:23908978   M-男圆领复合-黑色-车旅-CP   >>>>>>>>>>>   M-男圆领复合-黑色-炫彩玩偶_ZB-CP
2022-12-07 17:47:57,101 INFO     操作人:张三 内部订单id:23908978   M-男圆领复合-黑色-炫彩玩偶_ZB-CP   >>>>>>>>>>>   M-男圆领复合-黑色-自然风景-CP
2022-12-07 18:02:19,528 INFO     操作人:张三 内部订单id:23639712   XL-男宽松T-黑色-国潮三色-CP   >>>>>>>>>>>   XL-男宽松T-福袋
2022-12-07 18:02:19,529 INFO     操作人:张三 内部订单id:23639712   XL-男宽松T-黑色-国风四宫格-CP   >>>>>>>>>>>   XL-男宽松T-福袋
2022-12-07 18:02:19,529 INFO     操作人:张三 内部订单id:23639712   XL-男宽松T-黑色-圆圈笑脸白_K-CP   >>>>>>>>>>>   XL-男宽松T-福袋
