2022-12-13 11:22:33,627 INFO     操作人:张三 内部订单id:24015133   XL-男圆领毛圈-福袋   >>>>>>>>>>>   XL-男圆领毛圈-黑色-镂空熊白_KB-CP,XL-男圆领毛圈-米色-狮头-CP
2022-12-13 11:22:39,551 INFO     操作人:张三 内部订单id:24013940   L-男圆领复合-福袋   >>>>>>>>>>>   L-男圆领复合-麻灰-喜乐-CP,L-男圆领复合-墨绿-JSWL轻松白兔-CP
2022-12-13 11:22:39,551 INFO     操作人:张三 内部订单id:24013940   3X-男圆领毛圈-福袋   >>>>>>>>>>>   3X-男圆领毛圈-红色-午后咖啡_ZB-CP,3X-男圆领毛圈-黑色-彩色笔刷_K-CP
2022-12-13 11:22:45,225 INFO     操作人:张三 内部订单id:24013939   3X-男连帽羊羔绒-福袋   >>>>>>>>>>>   3X-男连帽羊羔绒-黑色-飘逸中国白-CP
2022-12-13 11:22:45,225 INFO     操作人:张三 内部订单id:24013939   3X-男连帽毛圈-福袋   >>>>>>>>>>>   3X-男连帽毛圈-黑色-英雄漫画白-CP
2022-12-13 11:22:45,225 INFO     操作人:张三 内部订单id:24013939   3X-男连帽复合-福袋   >>>>>>>>>>>   3X-男连帽复合-米色-小胖虎-CP
2022-12-13 11:22:45,226 INFO     操作人:张三 内部订单id:24013939   3X-男连帽复合-福袋   >>>>>>>>>>>   3X-男连帽复合-黑色-幸运之城-CP
2022-12-13 11:22:51,748 INFO     操作人:张三 内部订单id:24013878   4X-男连帽毛圈-福袋   >>>>>>>>>>>   4X-男连帽毛圈-白色-JSWL黑_K-CP
2022-12-13 11:22:51,749 INFO     操作人:张三 内部订单id:24013878   4X-男连帽毛圈-福袋   >>>>>>>>>>>   4X-男连帽毛圈-黑色-车旅-CP
2022-12-13 11:22:57,786 INFO     操作人:张三 内部订单id:24013633   S-男圆领复合-福袋   >>>>>>>>>>>   S-男圆领复合-雾霾蓝-涂鸦篮球白-CP,S-男圆领复合-深灰-鹿靠背-CP
2022-12-13 11:23:03,158 INFO     操作人:张三 内部订单id:24013531   2X-男圆领复合-福袋   >>>>>>>>>>>   2X-男圆领复合-雾霾蓝-揭秘-CP,2X-男圆领复合-雾霾蓝-彩色涂鸦熊_ZB-CP
2022-12-13 11:23:10,054 INFO     操作人:张三 内部订单id:24011644   4X-男圆领复合-福袋   >>>>>>>>>>>   4X-男圆领复合-红木-中国金-CP,4X-男圆领复合-白色-星空风景-CP
2022-12-13 11:23:10,055 INFO     操作人:张三 内部订单id:24011644   4X-男圆领毛圈-福袋   >>>>>>>>>>>   4X-男圆领毛圈-墨绿-JSWL一家熊-CP,4X-男圆领毛圈-墨绿-平安喜乐白-CP
2022-12-13 11:23:16,287 INFO     操作人:张三 内部订单id:24010764   2X-男圆领复合-福袋   >>>>>>>>>>>   2X-男圆领复合-深灰-看鲸小宇大-CP,2X-男圆领复合-麻灰-JSWL天坛-CP
2022-12-13 11:23:21,677 INFO     操作人:张三 内部订单id:24010604   L-男圆领毛圈-福袋   >>>>>>>>>>>   L-男圆领毛圈-湖蓝-京剧脸谱黑-CP,L-男圆领毛圈-姜黄-兔子侠_K-CP
2022-12-13 11:23:27,378 INFO     操作人:张三 内部订单id:24009914   S-男圆领毛圈-福袋   >>>>>>>>>>>   S-男圆领毛圈-黑色-镂空熊白_K-大镂空熊白_B_后右下-CP,S-男圆领毛圈-白色-午后咖啡_ZB-CP
2022-12-13 11:23:33,103 INFO     操作人:张三 内部订单id:24007857   4X-男圆领毛圈-福袋   >>>>>>>>>>>   4X-男圆领毛圈-黑色-nasa红白_K-CP,4X-男圆领毛圈-白色-JSWL有钱熊-CP
2022-12-13 11:23:44,906 INFO     操作人:张三 内部订单id:24007548   4X-男圆领复合-福袋   >>>>>>>>>>>   4X-男圆领复合-红木-中国金-CP,4X-男圆领复合-湖蓝-笔刷风景-CP
2022-12-13 11:23:49,556 INFO     操作人:张三 内部订单id:24006521   XL-男圆领毛圈-福袋   >>>>>>>>>>>   XL-男圆领毛圈-墨绿-兔锦鲤-CP,XL-男圆领毛圈-黑色-绿色消息_KB-CP
2022-12-13 11:23:55,691 INFO     操作人:张三 内部订单id:24005680   4X-男圆领毛圈-福袋   >>>>>>>>>>>   4X-男圆领毛圈-黑色-MT熊_ZB-CP,4X-男圆领毛圈-深灰-平安喜乐白-CP
2022-12-13 11:24:01,998 INFO     操作人:张三 内部订单id:24005380   4X-男圆领复合-福袋   >>>>>>>>>>>   4X-男圆领复合-暖橘-四季穿搭-CP,4X-男圆领复合-湖蓝-玉兔招财-CP
2022-12-13 11:24:07,808 INFO     操作人:张三 内部订单id:24004761   S-男圆领复合-福袋   >>>>>>>>>>>   S-男圆领复合-黑色-有钱小虎_前左下-CP,S-男圆领复合-白色-墨镜熊-CP
2022-12-13 11:24:13,133 INFO     操作人:张三 内部订单id:24003801   XL-男圆领复合-福袋   >>>>>>>>>>>   XL-男圆领复合-雾霾蓝-像素小人-CP,XL-男圆领复合-白色-过渡笑脸_K-CP
2022-12-13 11:24:17,964 INFO     操作人:张三 内部订单id:24003697   M-男圆领复合-福袋   >>>>>>>>>>>   M-男圆领复合-黑色-小鬼当家-CP,M-男圆领复合-米色-JSWL四色小狮-CP
2022-12-13 11:24:22,530 INFO     操作人:张三 内部订单id:24002319   S-男圆领毛圈-福袋   >>>>>>>>>>>   S-男圆领毛圈-黑色-放肆欢喜-CP,S-男圆领毛圈-黑色-星球坠落白_K-星球坠落白_B_后正下-CP
2022-12-13 11:24:27,089 INFO     操作人:张三 内部订单id:24002271   XL-男圆领复合-福袋   >>>>>>>>>>>   XL-男圆领复合-黑色-复古繁华-CP,XL-男圆领复合-雾霾蓝-像素小人-CP
2022-12-13 11:24:32,501 INFO     操作人:张三 内部订单id:24002257   M-男圆领复合-福袋   >>>>>>>>>>>   M-男圆领复合-黑色-海洋熊_ZB-CP,M-男圆领复合-麻灰-和谐字母-CP
2022-12-13 11:24:37,679 INFO     操作人:张三 内部订单id:24001837   L-男圆领复合-福袋   >>>>>>>>>>>   L-男圆领复合-深灰-福禄兔-CP,L-男圆领复合-姜黄-小胖虎-CP
2022-12-13 11:24:43,165 INFO     操作人:张三 内部订单id:24001101   2X-男圆领毛圈-福袋   >>>>>>>>>>>   2X-男圆领毛圈-暖橘-平安喜乐白-CP,2X-男圆领毛圈-黑色-宇宙_ZB-CP
2022-12-13 11:24:48,492 INFO     操作人:张三 内部订单id:24000575   M-男圆领复合-福袋   >>>>>>>>>>>   M-男圆领复合-深灰-笔刷风景-CP,M-男圆领复合-米色-假期史迪仔-CP
2022-12-13 11:24:53,536 INFO     操作人:张三 内部订单id:24000559   M-男圆领毛圈-福袋   >>>>>>>>>>>   M-男圆领毛圈-白色-发财兔-CP,M-男圆领毛圈-白色-JSWL潮牌R_KB-CP
2022-12-13 11:24:59,112 INFO     操作人:张三 内部订单id:23999403   M-男圆领复合-福袋   >>>>>>>>>>>   M-男圆领复合-湖蓝-简约字母-CP,M-男圆领复合-雾霾蓝-森林之王_前左上-CP
2022-12-13 11:25:03,951 INFO     操作人:张三 内部订单id:23998454   XL-男合体T-福袋   >>>>>>>>>>>   XL-男合体T-暖橘-国风鱼_K-CP,XL-男合体T-白色-舞狮黑字_ZB-CP,XL-男合体T-藏青-字母鲨鱼_K-CP
2022-12-13 11:25:09,116 INFO     操作人:张三 内部订单id:23998044   XL-男圆领复合-福袋   >>>>>>>>>>>   XL-男圆领复合-暖橘-抓痕虎_K-抓痕虎_Z_前右下-CP,XL-男圆领复合-黑色-吊绳宇航员_前领口-CP
2022-12-13 11:25:14,221 INFO     操作人:张三 内部订单id:23997141   3X-男圆领复合-福袋   >>>>>>>>>>>   3X-男圆领复合-米色-愉快熊猫_K-CP,3X-男圆领复合-红色-萌虎进宝-CP
2022-12-13 11:25:19,582 INFO     操作人:张三 内部订单id:23996099   2X-男圆领复合-福袋   >>>>>>>>>>>   2X-男圆领复合-姜黄-熊猫背影-CP
2022-12-13 11:25:24,345 INFO     操作人:张三 内部订单id:23995851   XL-男圆领毛圈-福袋   >>>>>>>>>>>   XL-男圆领毛圈-麻灰-篆书中国绿-CP,XL-男圆领毛圈-姜黄-JSWL三色涂鸦-CP
2022-12-13 11:25:29,294 INFO     操作人:张三 内部订单id:23994313   S-男圆领复合-福袋   >>>>>>>>>>>   S-男圆领复合-湖蓝-潮牌星绿_KB-CP,S-男圆领复合-白色-篆书中国黑-CP
2022-12-13 11:25:39,450 INFO     操作人:张三 内部订单id:23992932   2X-男圆领毛圈-福袋   >>>>>>>>>>>   2X-男圆领毛圈-暖橘-JWS小蓝怪_K-CP,2X-男圆领毛圈-白色-彩色涂鸦熊_B_前正中-CP
2022-12-13 11:25:44,402 INFO     操作人:张三 内部订单id:23992123   2X-男圆领毛圈-福袋   >>>>>>>>>>>   2X-男圆领毛圈-黑色-和谐字母-CP
2022-12-13 11:25:49,714 INFO     操作人:张三 内部订单id:23990727   L-男圆领复合-福袋   >>>>>>>>>>>   L-男圆领复合-白色-星球坠落黑_K-星球坠落黑_B_后正下-CP,L-男圆领复合-黑色-线条星球-CP
2022-12-13 11:25:55,433 INFO     操作人:张三 内部订单id:23990179   4X-男连帽复合-福袋   >>>>>>>>>>>   4X-男连帽复合-湖蓝-JSWL篆书-CP
2022-12-13 11:25:55,434 INFO     操作人:张三 内部订单id:23990179   4X-男连帽毛圈-福袋   >>>>>>>>>>>   4X-男连帽毛圈-姜黄-矩形醒狮蓝_KB-CP
2022-12-13 11:26:01,553 INFO     操作人:张三 内部订单id:23989453   L-男圆领毛圈-福袋   >>>>>>>>>>>   L-男圆领毛圈-黑色-披萨_KB-CP,L-男圆领毛圈-黑色-大穿越星河_Z_前正中-CP
2022-12-13 11:26:07,143 INFO     操作人:张三 内部订单id:23989184   XL-男圆领复合-福袋   >>>>>>>>>>>   XL-男圆领复合-姜黄-舞狮黑字_ZB-CP,XL-男圆领复合-米色-兔锦鲤-CP
2022-12-13 11:26:12,755 INFO     操作人:张三 内部订单id:23989110   4X-男圆领复合-福袋   >>>>>>>>>>>   4X-男圆领复合-黑色-四色醒狮-CP,4X-男圆领复合-雾霾蓝-大太空日报_ZB-CP
2022-12-13 11:26:19,431 INFO     操作人:张三 内部订单id:23988974   4X-男圆领复合-福袋   >>>>>>>>>>>   4X-男圆领复合-黑色-平安喜乐白-CP,4X-男圆领复合-白色-穿越星河黄-CP
2022-12-13 11:26:24,193 INFO     操作人:张三 内部订单id:23988378   XL-男圆领复合-福袋   >>>>>>>>>>>   XL-男圆领复合-米色-柠檬水蓝-CP,XL-男圆领复合-米色-摇滚家-CP
2022-12-13 11:26:29,115 INFO     操作人:张三 内部订单id:23988144   XL-男圆领复合-福袋   >>>>>>>>>>>   XL-男圆领复合-深灰-海岛旅行-CP,XL-男圆领复合-姜黄-线条兔-CP
2022-12-13 11:26:33,764 INFO     操作人:张三 内部订单id:23987631   3X-男圆领复合-福袋   >>>>>>>>>>>   3X-男圆领复合-白色-笔刷风景-CP
2022-12-13 11:26:39,027 INFO     操作人:张三 内部订单id:23987385   XL-男圆领复合-福袋   >>>>>>>>>>>   XL-男圆领复合-红木-晴天娃红_K-CP,XL-男圆领复合-黑色-JSWL咖啡柯基-CP
2022-12-13 11:26:43,645 INFO     操作人:张三 内部订单id:23974372   S-男女中长圆领摇粒绒-福袋   >>>>>>>>>>>   S-男女中长圆领摇粒绒-白色-JWS花瓣字母_Z-CP
2022-12-13 11:26:43,645 INFO     操作人:张三 内部订单id:23974372   S-男女中长圆领摇粒绒-福袋   >>>>>>>>>>>   S-男女中长圆领摇粒绒-黑色-JWS涂鸦熊_K-CP
2022-12-13 11:26:48,560 INFO     操作人:张三 内部订单id:23970216   XL-男连帽毛圈-福袋   >>>>>>>>>>>   XL-男连帽毛圈-麻灰-几何狗头黑-CP
2022-12-13 11:26:48,560 INFO     操作人:张三 内部订单id:23970216   XL-男连帽复合-福袋   >>>>>>>>>>>   XL-男连帽复合-湖蓝-国风四宫格-CP
2022-12-13 11:26:53,364 INFO     操作人:张三 内部订单id:23965526   L-男女中长圆领摇粒绒-福袋   >>>>>>>>>>>   L-男女中长圆领摇粒绒-黑色-JWS-CP
2022-12-13 11:26:53,364 INFO     操作人:张三 内部订单id:23965526   L-男女中长圆领摇粒绒-福袋   >>>>>>>>>>>   L-男女中长圆领摇粒绒-白色-像素游戏_Z-CP
2022-12-13 11:26:58,256 INFO     操作人:张三 内部订单id:23964652   L-男连帽复合-黑色-福袋   >>>>>>>>>>>   L-男连帽复合-黑色-萌虎进宝-CP
2022-12-13 11:26:58,257 INFO     操作人:张三 内部订单id:23964652   L-男连帽复合-黑色-福袋   >>>>>>>>>>>   L-男连帽复合-黑色-国风四宫格-CP
2022-12-13 11:27:03,112 INFO     操作人:张三 内部订单id:23945918   L-男女中长圆领摇粒绒-福袋   >>>>>>>>>>>   L-男女中长圆领摇粒绒-黑色-度假鸭-CP
2022-12-13 11:27:03,112 INFO     操作人:张三 内部订单id:23945918   L-男女中长圆领摇粒绒-福袋   >>>>>>>>>>>   L-男女中长圆领摇粒绒-黑色-狮来运转_K-CP
2022-12-13 11:27:08,615 INFO     操作人:张三 内部订单id:23945444   L-男圆领复合-福袋   >>>>>>>>>>>   L-男圆领复合-麻灰-中国醒狮金-CP,L-男圆领复合-白色-镭射熊_KB-CP
2022-12-13 11:27:13,298 INFO     操作人:张三 内部订单id:23944444   XL-男圆领复合-福袋   >>>>>>>>>>>   XL-男圆领复合-白色-统治者-CP
2022-12-13 11:27:13,299 INFO     操作人:张三 内部订单id:23944444   XL-男圆领毛圈-福袋   >>>>>>>>>>>   XL-男圆领毛圈-黑色-泰森-CP
2022-12-13 11:27:18,558 INFO     操作人:张三 内部订单id:23933148   L-男女中长圆领摇粒绒-福袋   >>>>>>>>>>>   L-男女中长圆领摇粒绒-白色-棒球帽女_K-CP
2022-12-13 11:27:18,559 INFO     操作人:张三 内部订单id:23933148   L-男女中长圆领摇粒绒-福袋   >>>>>>>>>>>   L-男女中长圆领摇粒绒-白色-小赞虎_K-CP
2022-12-13 11:27:23,428 INFO     操作人:张三 内部订单id:23933145   2X-男女中长圆领摇粒绒-福袋   >>>>>>>>>>>   2X-男女中长圆领摇粒绒-白色-JWS蓝橙字母_K-CP
2022-12-13 11:27:23,428 INFO     操作人:张三 内部订单id:23933145   2X-男女中长圆领摇粒绒-福袋   >>>>>>>>>>>   2X-男女中长圆领摇粒绒-白色-炫彩玩偶_Z-CP
2022-12-13 11:27:28,420 INFO     操作人:张三 内部订单id:23933105   XL-男女中长圆领摇粒绒-福袋   >>>>>>>>>>>   XL-男女中长圆领摇粒绒-黑色-史迪仔-CP
2022-12-13 11:27:28,420 INFO     操作人:张三 内部订单id:23933105   XL-男女中长圆领摇粒绒-福袋   >>>>>>>>>>>   XL-男女中长圆领摇粒绒-黑色-像素游戏_Z-CP
2022-12-13 11:38:00,696 INFO     操作人:张三 内部订单id:24013940   L-男圆领复合-墨绿-JSWL轻松白兔-CP   >>>>>>>>>>>   L-男圆领复合-墨绿-墨镜狗头黑-CP
2022-12-13 11:38:06,259 INFO     操作人:张三 内部订单id:24013531   2X-男圆领复合-雾霾蓝-彩色涂鸦熊_ZB-CP   >>>>>>>>>>>   2X-男圆领复合-雾霾蓝-日进斗金兔-CP
2022-12-13 11:38:11,865 INFO     操作人:张三 内部订单id:24011644   4X-男圆领复合-白色-星空风景-CP   >>>>>>>>>>>   4X-男圆领复合-白色-JSWL天坛-CP
2022-12-13 11:38:11,865 INFO     操作人:张三 内部订单id:24011644   4X-男圆领毛圈-墨绿-平安喜乐白-CP   >>>>>>>>>>>   4X-男圆领毛圈-墨绿-车旅-CP
2022-12-13 11:38:16,539 INFO     操作人:张三 内部订单id:24010604   L-男圆领毛圈-姜黄-兔子侠_K-CP   >>>>>>>>>>>   L-男圆领毛圈-姜黄-穿越星河黄-CP
2022-12-13 11:38:21,400 INFO     操作人:张三 内部订单id:24007733   4X-男圆领毛圈-福袋   >>>>>>>>>>>   4X-男圆领毛圈-米色-JSWL棋盘熊-CP
2022-12-13 11:38:26,762 INFO     操作人:张三 内部订单id:24005680   4X-男圆领毛圈-深灰-平安喜乐白-CP   >>>>>>>>>>>   4X-男圆领毛圈-深灰-四色醒狮-CP
2022-12-13 11:38:31,672 INFO     操作人:张三 内部订单id:24003697   M-男圆领复合-黑色-小鬼当家-CP   >>>>>>>>>>>   M-男圆领复合-黑色-撕破醒狮-CP
2022-12-13 11:38:37,682 INFO     操作人:张三 内部订单id:24002319   M-男圆领毛圈-福袋   >>>>>>>>>>>   M-男圆领毛圈-黑色-国风四宫格-CP
2022-12-13 11:38:37,683 INFO     操作人:张三 内部订单id:24002319   M-男圆领毛圈-福袋   >>>>>>>>>>>   M-男圆领毛圈-白色-仙境山-CP
2022-12-13 11:38:43,864 INFO     操作人:张三 内部订单id:24002257   M-男圆领复合-黑色-海洋熊_ZB-CP   >>>>>>>>>>>   M-男圆领复合-黑色-字母麻将_ZB-CP
2022-12-13 11:38:49,422 INFO     操作人:张三 内部订单id:24001837   L-男圆领复合-深灰-福禄兔-CP   >>>>>>>>>>>   L-男圆领复合-深灰-啊对对白-CP
2022-12-13 11:38:55,288 INFO     操作人:张三 内部订单id:24000575   M-男圆领复合-深灰-笔刷风景-CP   >>>>>>>>>>>   M-男圆领复合-深灰-鹿靠背-CP
2022-12-13 11:39:00,729 INFO     操作人:张三 内部订单id:23999403   M-男圆领复合-雾霾蓝-森林之王_前左上-CP   >>>>>>>>>>>   M-男圆领复合-雾霾蓝-平安喜乐白-CP
2022-12-13 11:39:11,580 INFO     操作人:张三 内部订单id:23998454   XL-男合体T-白色-舞狮黑字_ZB-CP   >>>>>>>>>>>   XL-男合体T-白色-恐龙哭哭女_前右下-CP
2022-12-13 11:39:18,312 INFO     操作人:张三 内部订单id:23998044   XL-男圆领复合-黑色-吊绳宇航员_前领口-CP   >>>>>>>>>>>   XL-男圆领复合-黑色-小金兔1_K-CP
2022-12-13 11:39:22,993 INFO     操作人:张三 内部订单id:23994313   S-男圆领复合-湖蓝-潮牌星绿_KB-CP   >>>>>>>>>>>   S-男圆领复合-湖蓝-小萌兔-CP
2022-12-13 11:39:33,599 INFO     操作人:张三 内部订单id:23990727   L-男圆领复合-白色-星球坠落黑_K-星球坠落黑_B_后正下-CP   >>>>>>>>>>>   L-男圆领复合-白色-行星小宇_K-CP
2022-12-13 11:39:33,600 INFO     操作人:张三 内部订单id:23990727   L-男圆领复合-黑色-线条星球-CP   >>>>>>>>>>>   L-男圆领复合-黑色-啤酒趴白_KB-CP
2022-12-13 11:39:38,894 INFO     操作人:张三 内部订单id:23990179   4X-男连帽复合-湖蓝-JSWL篆书-CP   >>>>>>>>>>>   4X-男连帽复合-湖蓝-海岛旅行-CP
2022-12-13 11:39:43,637 INFO     操作人:张三 内部订单id:23989110   4X-男圆领复合-黑色-四色醒狮-CP   >>>>>>>>>>>   4X-男圆领复合-黑色-线条星球-CP
2022-12-13 11:39:49,410 INFO     操作人:张三 内部订单id:23988974   4X-男圆领复合-黑色-平安喜乐白-CP   >>>>>>>>>>>   4X-男圆领复合-黑色-小金兔1_K-CP
2022-12-13 11:39:56,119 INFO     操作人:张三 内部订单id:23988144   XL-男圆领复合-深灰-海岛旅行-CP   >>>>>>>>>>>   XL-男圆领复合-深灰-午后咖啡_ZB-CP
2022-12-13 11:40:01,720 INFO     操作人:张三 内部订单id:23964652   L-男连帽复合-黑色-国风四宫格-CP   >>>>>>>>>>>   L-男连帽复合-黑色-潮牌G绿_KB-CP
2022-12-13 11:40:07,862 INFO     操作人:张三 内部订单id:23945444   L-男圆领复合-白色-镭射熊_KB-CP   >>>>>>>>>>>   L-男圆领复合-白色-和谐字母-CP
2022-12-13 11:40:14,055 INFO     操作人:张三 内部订单id:23944444   XL-男圆领毛圈-黑色-泰森-CP   >>>>>>>>>>>   XL-男圆领毛圈-黑色-醒狮白_KB-CP
2022-12-13 11:44:44,503 INFO     操作人:张三 内部订单id:24016098   L-男圆领复合-福袋   >>>>>>>>>>>   L-男圆领复合-湖蓝-看鲸小宇-CP,L-男圆领复合-米色-骑车侠-CP
2022-12-13 11:44:49,701 INFO     操作人:张三 内部订单id:24016049   3X-男圆领复合-福袋   >>>>>>>>>>>   3X-男圆领复合-麻灰-享受露营-CP,3X-男圆领复合-黑色-手写中国白-CP
2022-12-13 11:44:55,266 INFO     操作人:张三 内部订单id:24013940   L-男圆领复合-墨绿-墨镜狗头黑-CP   >>>>>>>>>>>   L-男圆领复合-墨绿-JSWL喜剧故事-CP
2022-12-13 11:45:00,300 INFO     操作人:张三 内部订单id:24003697   M-男圆领复合-黑色-撕破醒狮-CP   >>>>>>>>>>>   M-男圆领复合-黑色-太空历险-CP
2022-12-13 11:45:05,510 INFO     操作人:张三 内部订单id:24002319   M-男圆领毛圈-黑色-国风四宫格-CP   >>>>>>>>>>>   M-男圆领毛圈-黑色-JSWL冰山_KB-CP
2022-12-13 11:45:10,652 INFO     操作人:张三 内部订单id:24000575   M-男圆领复合-深灰-鹿靠背-CP   >>>>>>>>>>>   M-男圆领复合-深灰-平安喜乐白-CP
2022-12-13 11:45:16,047 INFO     操作人:张三 内部订单id:23990727   L-男圆领复合-白色-行星小宇_K-CP   >>>>>>>>>>>   L-男圆领复合-白色-狮来运转_K-CP
2022-12-13 11:45:16,047 INFO     操作人:张三 内部订单id:23990727   L-男圆领复合-黑色-啤酒趴白_KB-CP   >>>>>>>>>>>   L-男圆领复合-黑色-行星小宇_K-CP
2022-12-13 11:45:26,767 INFO     操作人:张三 内部订单id:23989110   4X-男圆领复合-黑色-线条星球-CP   >>>>>>>>>>>   4X-男圆领复合-黑色-NASA熊-CP
2022-12-13 11:45:32,249 INFO     操作人:张三 内部订单id:23988974   4X-男圆领复合-黑色-小金兔1_K-CP   >>>>>>>>>>>   4X-男圆领复合-黑色-复古字母_K_前正中-CP
2022-12-13 11:45:37,490 INFO     操作人:张三 内部订单id:23945444   L-男圆领复合-白色-和谐字母-CP   >>>>>>>>>>>   L-男圆领复合-白色-松柏仙鹤_K-CP
2022-12-13 11:47:21,123 INFO     操作人:张三 内部订单id:24016098   L-男圆领复合-湖蓝-看鲸小宇-CP   >>>>>>>>>>>   L-男圆领复合-湖蓝-海洋熊_ZB-CP
2022-12-13 11:47:26,506 INFO     操作人:张三 内部订单id:23990727   L-男圆领复合-黑色-行星小宇_K-CP   >>>>>>>>>>>   L-男圆领复合-黑色-泰森-CP
2022-12-13 11:47:31,449 INFO     操作人:张三 内部订单id:23990179   4X-男连帽复合-湖蓝-海岛旅行-CP   >>>>>>>>>>>   4X-男连帽复合-福袋
2022-12-13 11:47:36,286 INFO     操作人:张三 内部订单id:23989110   4X-男圆领复合-黑色-NASA熊-CP   >>>>>>>>>>>   4X-男圆领复合-黑色-乘风破浪宇航员_KB-CP
2022-12-13 11:47:41,724 INFO     操作人:张三 内部订单id:23988974   4X-男圆领复合-黑色-复古字母_K_前正中-CP   >>>>>>>>>>>   4X-男圆领复合-黑色-潮牌星白_KB-CP
2022-12-13 11:48:34,248 INFO     操作人:张三 内部订单id:23990727   L-男圆领复合-黑色-泰森-CP   >>>>>>>>>>>   L-男圆领复合-黑色-大写字母白_KB-CP
2022-12-13 11:48:44,389 INFO     操作人:张三 内部订单id:23989110   4X-男圆领复合-黑色-乘风破浪宇航员_KB-CP   >>>>>>>>>>>   4X-男圆领复合-黑色-简约字母-CP
2022-12-13 11:48:50,661 INFO     操作人:张三 内部订单id:23988974   4X-男圆领复合-黑色-潮牌星白_KB-CP   >>>>>>>>>>>   4X-男圆领复合-黑色-镂空熊白_K-镂空熊白_B_后右下-CP
2022-12-13 11:49:39,511 INFO     操作人:张三 内部订单id:23990727   L-男圆领复合-黑色-大写字母白_KB-CP   >>>>>>>>>>>   L-男圆领复合-黑色-撕破醒狮-CP
2022-12-13 11:49:44,795 INFO     操作人:张三 内部订单id:23990179   4X-男连帽复合-福袋   >>>>>>>>>>>   4X-男连帽复合-米色-JSWL绿色村庄_K-CP
2022-12-13 11:49:49,863 INFO     操作人:张三 内部订单id:23989110   4X-男圆领复合-黑色-简约字母-CP   >>>>>>>>>>>   4X-男圆领复合-黑色-复古m_KB-CP
2022-12-13 11:50:39,131 INFO     操作人:张三 内部订单id:23990727   L-男圆领复合-黑色-撕破醒狮-CP   >>>>>>>>>>>   L-男圆领复合-黑色-统治者-CP
2022-12-13 11:51:01,156 INFO     操作人:张三 内部订单id:23990727   L-男圆领复合-黑色-统治者-CP   >>>>>>>>>>>   L-男圆领复合-黑色-放肆欢喜-CP
2022-12-13 11:51:16,457 INFO     操作人:张三 内部订单id:23990727   L-男圆领复合-黑色-放肆欢喜-CP   >>>>>>>>>>>   L-男圆领复合-黑色-旅行者_KB-CP
2022-12-13 11:52:22,574 INFO     操作人:张三 内部订单id:24013754   L-男女中长圆领毛圈-皮粉-福袋   >>>>>>>>>>>   L-男女中长圆领毛圈-皮粉-软软熊_K-软软熊_B_后右下-CP
2022-12-13 11:52:22,574 INFO     操作人:张三 内部订单id:24013754   L-男女中长连帽毛圈-香芋紫-福袋   >>>>>>>>>>>   L-男女中长连帽毛圈-香芋紫-草莓熊熊_KB-CP
2022-12-13 11:52:22,575 INFO     操作人:张三 内部订单id:24013754   M-男女中长连帽复合-酒红-福袋   >>>>>>>>>>>   M-男女中长连帽复合-酒红-日式涂鸦3_Z_前左上-日式涂鸦3_B-CP
2022-12-13 11:52:28,312 INFO     操作人:张三 内部订单id:24013740   2X-男女中长连帽复合-福袋   >>>>>>>>>>>   2X-男女中长连帽复合-湖蓝-梦幻宇宙兔-CP
2022-12-13 11:52:28,313 INFO     操作人:张三 内部订单id:24013740   2X-男女中长连帽复合-福袋   >>>>>>>>>>>   2X-男女中长连帽复合-白色-流沙-CP
2022-12-13 11:52:34,164 INFO     操作人:张三 内部订单id:24013713   XL-男女中长连帽毛圈-藏青-福袋   >>>>>>>>>>>   XL-男女中长连帽毛圈-藏青-金色海岸-CP
2022-12-13 11:52:34,165 INFO     操作人:张三 内部订单id:24013713   XL-男女中长连帽复合-藏青-福袋   >>>>>>>>>>>   XL-男女中长连帽复合-藏青-咖啡白-CP
2022-12-13 11:52:34,165 INFO     操作人:张三 内部订单id:24013713   XL-男女复合开衫-黑色-福袋   >>>>>>>>>>>   XL-男女复合开衫-黑色-旋涡符号_KB-CP
2022-12-13 11:52:38,804 INFO     操作人:张三 内部订单id:24010552   M-男女中长连帽复合-福袋   >>>>>>>>>>>   M-男女中长连帽复合-深灰-蓝底红帽女-CP
2022-12-13 11:52:44,348 INFO     操作人:张三 内部订单id:24009696   M-男女中长圆领复合-福袋   >>>>>>>>>>>   M-男女中长圆领复合-湖蓝-你好举手熊-CP
2022-12-13 11:52:44,349 INFO     操作人:张三 内部订单id:24009696   M-男女中长圆领复合-福袋   >>>>>>>>>>>   M-男女中长圆领复合-白色-开心一家妈_K-CP
2022-12-13 11:52:49,089 INFO     操作人:张三 内部订单id:24001377   XL-男女中长圆领复合-米色-福袋   >>>>>>>>>>>   XL-男女中长圆领复合-米色-鲜花盛开的地方-CP
2022-12-13 11:52:49,089 INFO     操作人:张三 内部订单id:24001377   XL-男女中长圆领毛圈-深棕-福袋   >>>>>>>>>>>   XL-男女中长圆领毛圈-深棕-草莓熊熊_KB-CP
2022-12-13 11:52:54,481 INFO     操作人:张三 内部订单id:23999297   2X-男女中长连帽毛圈-福袋   >>>>>>>>>>>   2X-男女中长连帽毛圈-杏色-草莓熊熊_KB-CP
2022-12-13 11:52:54,481 INFO     操作人:张三 内部订单id:23999297   2X-男女中长连帽毛圈-福袋   >>>>>>>>>>>   2X-男女中长连帽毛圈-红色-圆眼女孩_K-CP
2022-12-13 11:53:00,548 INFO     操作人:张三 内部订单id:23996799   S-男女中长连帽复合-福袋   >>>>>>>>>>>   S-男女中长连帽复合-米色-疑问熊-CP
2022-12-13 11:53:00,549 INFO     操作人:张三 内部订单id:23996799   S-男女中长连帽复合-福袋   >>>>>>>>>>>   S-男女中长连帽复合-黑色-郁金香小羊-CP
2022-12-13 11:53:06,148 INFO     操作人:张三 内部订单id:23994996   S-男女中长圆领复合-豆绿-福袋   >>>>>>>>>>>   S-男女中长圆领复合-豆绿-小巴士金-CP
2022-12-13 11:53:06,148 INFO     操作人:张三 内部订单id:23994996   3X-男女中长连帽复合-深灰-福袋   >>>>>>>>>>>   3X-男女中长连帽复合-深灰-招手小熊-CP
2022-12-13 11:53:11,367 INFO     操作人:张三 内部订单id:23994304   M-男女中长连帽复合-黑色-福袋   >>>>>>>>>>>   M-男女中长连帽复合-黑色-外星虎子-CP
2022-12-13 11:53:11,367 INFO     操作人:张三 内部订单id:23994304   M-男女中长连帽复合-黑色-福袋   >>>>>>>>>>>   M-男女中长连帽复合-黑色-我饿了虎-CP
2022-12-13 11:53:11,368 INFO     操作人:张三 内部订单id:23994304   M-男女中长连帽毛圈-福袋   >>>>>>>>>>>   M-男女中长连帽毛圈-藏青-心跳风暴-CP
2022-12-13 11:53:11,368 INFO     操作人:张三 内部订单id:23994304   M-男女中长连帽毛圈-福袋   >>>>>>>>>>>   M-男女中长连帽毛圈-白色-欢乐屋-CP
2022-12-13 11:53:17,379 INFO     操作人:张三 内部订单id:23993437   L-男女中长连帽复合-福袋   >>>>>>>>>>>   L-男女中长连帽复合-米色-王冠小熊白-CP
2022-12-13 11:53:26,081 INFO     操作人:张三 内部订单id:23991731   M-男女中长连帽复合-福袋   >>>>>>>>>>>   M-男女中长连帽复合-白色-旋涡符号_KB-CP
2022-12-13 11:53:32,064 INFO     操作人:张三 内部订单id:23988941   L-男女中长圆领复合-福袋   >>>>>>>>>>>   L-男女中长圆领复合-红色-糖果熊粉-CP
2022-12-13 11:53:40,745 INFO     操作人:张三 内部订单id:23987295   2X-男女中长连帽复合-黑色-福袋   >>>>>>>>>>>   2X-男女中长连帽复合-黑色-森林熊白-CP
2022-12-13 11:53:45,852 INFO     操作人:张三 内部订单id:23987065   M-男女中长圆领复合-福袋   >>>>>>>>>>>   M-男女中长圆领复合-藏青-闭眼熊_K-CP
2022-12-13 11:53:50,864 INFO     操作人:张三 内部订单id:23945051   L-男女中长连帽复合-黑色-福袋   >>>>>>>>>>>   L-男女中长连帽复合-黑色-金色麦田-CP
2022-12-13 11:53:50,865 INFO     操作人:张三 内部订单id:23945051   L-男女中长连帽复合-黑色-福袋   >>>>>>>>>>>   L-男女中长连帽复合-黑色-危险的旅行粉-CP
2022-12-13 11:56:35,442 INFO     操作人:张三 内部订单id:24013713   XL-男女中长连帽复合-藏青-咖啡白-CP   >>>>>>>>>>>   XL-男女中长连帽复合-藏青-人类情感_KB-CP
2022-12-13 11:56:40,265 INFO     操作人:张三 内部订单id:23996799   S-男女中长连帽复合-黑色-郁金香小羊-CP   >>>>>>>>>>>   S-男女中长连帽复合-黑色-流星-CP
2022-12-13 11:56:45,480 INFO     操作人:张三 内部订单id:23994304   M-男女中长连帽毛圈-藏青-心跳风暴-CP   >>>>>>>>>>>   M-男女中长连帽毛圈-藏青-郁金香邮票_ZB-CP
2022-12-13 11:56:50,236 INFO     操作人:张三 内部订单id:23987065   M-男女中长圆领复合-藏青-闭眼熊_K-CP   >>>>>>>>>>>   M-男女中长圆领复合-藏青-富士山邮票_ZB-CP
2022-12-13 13:40:11,747 INFO     操作人:张三 内部订单id:24016726   M-男复合长裤-福袋   >>>>>>>>>>>   M-男复合长裤-黑色-故里有长安_K-CP
2022-12-13 13:40:17,583 INFO     操作人:张三 内部订单id:24016583   M-男圆领复合-福袋   >>>>>>>>>>>   M-男圆领复合-湖蓝-JSWL一家熊-CP,M-男圆领复合-墨绿-欧洲旅行-CP
2022-12-13 13:40:23,471 INFO     操作人:张三 内部订单id:24010522   XL-男连帽复合-黑色-福袋   >>>>>>>>>>>   XL-男连帽复合-黑色-科技纳萨-CP
2022-12-13 13:40:23,471 INFO     操作人:张三 内部订单id:24010522   XL-男连帽复合-黑色-福袋   >>>>>>>>>>>   XL-男连帽复合-黑色-潮牌G灰_KB-CP
2022-12-13 13:40:28,901 INFO     操作人:张三 内部订单id:24009225   L-男圆领毛圈-黑色-福袋   >>>>>>>>>>>   L-男圆领毛圈-黑色-JSWL棒球熊-CP
2022-12-13 13:40:28,902 INFO     操作人:张三 内部订单id:24009225   L-男圆领毛圈-黑色-福袋   >>>>>>>>>>>   L-男圆领毛圈-黑色-太空历险-CP
2022-12-13 13:40:28,902 INFO     操作人:张三 内部订单id:24009225   L-男圆领毛圈-黑色-福袋   >>>>>>>>>>>   L-男圆领毛圈-黑色-中国金-CP
2022-12-13 13:40:33,908 INFO     操作人:张三 内部订单id:24002642   XL-男合体T-黑色-福袋   >>>>>>>>>>>   XL-男合体T-黑色-虎靠背-CP
2022-12-13 13:40:33,909 INFO     操作人:张三 内部订单id:24002642   XL-男合体T-黑色-福袋   >>>>>>>>>>>   XL-男合体T-黑色-悟空新_ZB-CP
2022-12-13 13:41:41,587 INFO     操作人:张三 内部订单id:24016583   M-男圆领复合-墨绿-欧洲旅行-CP   >>>>>>>>>>>   M-男圆领复合-墨绿-国潮四宫格-CP
2022-12-14 11:31:57,146 INFO     操作人:张三 内部订单id:24024756   XL-男圆领复合-福袋   >>>>>>>>>>>   XL-男圆领复合-黑色-四色醒狮-CP,XL-男圆领复合-麻灰-喜乐-CP
2022-12-14 11:32:04,239 INFO     操作人:张三 内部订单id:24022952   XL-男圆领复合-福袋   >>>>>>>>>>>   XL-男圆领复合-雾霾蓝-新年兔-CP,XL-男圆领复合-白色-像素游戏_Z-CP
2022-12-14 11:32:10,894 INFO     操作人:张三 内部订单id:24022439   2X-男圆领毛圈-福袋   >>>>>>>>>>>   2X-男圆领毛圈-红色-海岛旅行-CP,2X-男圆领毛圈-墨绿-油漆笑脸白-CP
2022-12-14 11:32:15,964 INFO     操作人:张三 内部订单id:24022353   S-男圆领复合-福袋   >>>>>>>>>>>   S-男圆领复合-麻灰-大脸笑黑_前右中-CP,S-男圆领复合-麻灰-三形舞狮黑_KB-CP
2022-12-14 11:32:21,627 INFO     操作人:张三 内部订单id:24021253   M-男圆领毛圈-福袋   >>>>>>>>>>>   M-男圆领毛圈-米色-JSWL完美-CP,M-男圆领毛圈-湖蓝-行星小宇_K-CP
2022-12-14 11:32:27,523 INFO     操作人:张三 内部订单id:24020104   M-男圆领复合-福袋   >>>>>>>>>>>   M-男圆领复合-酒红-发财兔-CP,M-男圆领复合-黑色-JSWL午后咖啡_ZB-CP
2022-12-14 11:32:33,511 INFO     操作人:张三 内部订单id:24019916   XL-男圆领复合-福袋   >>>>>>>>>>>   XL-男圆领复合-米色-仙境山-CP,XL-男圆领复合-黑色-油漆叉_ZB-CP
2022-12-14 11:32:39,164 INFO     操作人:张三 内部订单id:24018456   2X-男圆领毛圈-福袋   >>>>>>>>>>>   2X-男圆领毛圈-红色-NASA熊-CP,2X-男圆领毛圈-黑色-镂空熊白_K-镂空熊白_B_后右下-CP
2022-12-14 11:32:46,281 INFO     操作人:张三 内部订单id:24016550   4X-男圆领毛圈-福袋   >>>>>>>>>>>   4X-男圆领毛圈-雾霾蓝-战斗小宇白-CP,4X-男圆领毛圈-黑色-打球熊-CP,4X-男圆领毛圈-黑色-看飞机小伙-CP
2022-12-14 11:32:46,281 INFO     操作人:张三 内部订单id:24016550   4X-男复合长裤-福袋   >>>>>>>>>>>   4X-男复合长裤-黑色-史迪仔趴_K_后左下-CP
2022-12-14 11:32:46,281 INFO     操作人:张三 内部订单id:24016550   3X-男橡筋毛圈长裤-黑色-福袋   >>>>>>>>>>>   3X-男橡筋毛圈长裤-黑色-喜乐_前左上-CP
2022-12-14 11:32:46,282 INFO     操作人:张三 内部订单id:24016550   3X-男橡筋毛圈长裤-黑色-福袋   >>>>>>>>>>>   3X-男橡筋毛圈长裤-黑色-彩色笔刷_K-CP
2022-12-14 11:32:46,282 INFO     操作人:张三 内部订单id:24016550   4X-男连帽毛圈-黑色-福袋   >>>>>>>>>>>   4X-男连帽毛圈-黑色-JSWL哈啰笑脸-CP
2022-12-14 11:32:46,282 INFO     操作人:张三 内部订单id:24016550   4X-男连帽毛圈-黑色-福袋   >>>>>>>>>>>   4X-男连帽毛圈-黑色-JSWL彩色-CP
2022-12-14 11:33:07,880 INFO     操作人:张三 内部订单id:23998014   L-男女中长圆领摇粒绒-福袋   >>>>>>>>>>>   L-男女中长圆领摇粒绒-白色-nasa红黑_K-CP,L-男女中长圆领摇粒绒-黑色-小狗集合-CP
2022-12-14 11:33:13,424 INFO     操作人:张三 内部订单id:23995673   XL-男连帽复合-福袋   >>>>>>>>>>>   XL-男连帽复合-麻灰-新年兔-CP
2022-12-14 11:33:13,424 INFO     操作人:张三 内部订单id:23995673   XL-男连帽毛圈-福袋   >>>>>>>>>>>   XL-男连帽毛圈-雾霾蓝-JSWL海岛-CP
2022-12-14 11:33:18,889 INFO     操作人:张三 内部订单id:23995568   2X-男连帽复合-福袋   >>>>>>>>>>>   2X-男连帽复合-白色-宇航员登月-CP
2022-12-14 11:33:18,889 INFO     操作人:张三 内部订单id:23995568   2X-男连帽毛圈-福袋   >>>>>>>>>>>   2X-男连帽毛圈-黑色-史迪仔举双手-CP
2022-12-14 11:36:14,805 INFO     操作人:张三 内部订单id:24024756   XL-男圆领复合-黑色-四色醒狮-CP   >>>>>>>>>>>   XL-男圆领复合-黑色-和谐字母-CP
2022-12-14 11:36:19,494 INFO     操作人:张三 内部订单id:24021253   M-男圆领毛圈-湖蓝-行星小宇_K-CP   >>>>>>>>>>>   M-男圆领毛圈-湖蓝-JWS笑脸_K-CP
2022-12-14 11:36:24,291 INFO     操作人:张三 内部订单id:24019916   XL-男圆领复合-米色-仙境山-CP   >>>>>>>>>>>   XL-男圆领复合-米色-月球柠檬_后正中-CP
2022-12-14 11:36:24,292 INFO     操作人:张三 内部订单id:24019916   XL-男圆领复合-黑色-油漆叉_ZB-CP   >>>>>>>>>>>   XL-男圆领复合-黑色-快乐夜晚_ZB-CP
2022-12-14 11:36:35,328 INFO     操作人:张三 内部订单id:24016550   4X-男复合长裤-黑色-史迪仔趴_K_后左下-CP   >>>>>>>>>>>   4X-男复合长裤-黑色-shark_K-CP
2022-12-14 11:36:40,836 INFO     操作人:张三 内部订单id:24011644   4X-男圆领复合-红木-中国金-CP   >>>>>>>>>>>   4X-男圆领复合-福袋
2022-12-14 11:36:46,281 INFO     操作人:张三 内部订单id:24003801   XL-男圆领复合-雾霾蓝-像素小人-CP   >>>>>>>>>>>   XL-男圆领复合-雾霾蓝-星球灌篮_ZB-CP
2022-12-14 11:36:55,008 INFO     操作人:张三 内部订单id:23990727   L-男圆领复合-黑色-旅行者_KB-CP   >>>>>>>>>>>   L-男圆领复合-黑色-几何狗头白-CP
2022-12-14 11:38:06,488 INFO     操作人:张三 内部订单id:24024756   XL-男圆领复合-黑色-和谐字母-CP   >>>>>>>>>>>   XL-男圆领复合-黑色-好运醒狮-CP
2022-12-14 11:38:12,415 INFO     操作人:张三 内部订单id:24018456   2X-男圆领毛圈-黑色-镂空熊白_K-镂空熊白_B_后右下-CP   >>>>>>>>>>>   2X-男圆领毛圈-黑色-JWS复古熊_KB-CP
2022-12-14 11:38:17,252 INFO     操作人:张三 内部订单id:24016550   4X-男复合长裤-黑色-shark_K-CP   >>>>>>>>>>>   4X-男复合长裤-黑色-悟空白_K_左上-CP
2022-12-14 11:38:22,616 INFO     操作人:张三 内部订单id:24011644   4X-男圆领复合-福袋   >>>>>>>>>>>   4X-男圆领复合-酒红-好运醒狮-CP
2022-12-14 11:38:27,633 INFO     操作人:张三 内部订单id:24003801   XL-男圆领复合-雾霾蓝-星球灌篮_ZB-CP   >>>>>>>>>>>   XL-男圆领复合-雾霾蓝-福禄兔-CP
2022-12-14 11:39:46,821 INFO     操作人:张三 内部订单id:24016550   4X-男复合长裤-黑色-悟空白_K_左上-CP   >>>>>>>>>>>   4X-男复合长裤-黑色-鸿运当头_K-CP
2022-12-14 11:40:26,399 INFO     操作人:张三 内部订单id:24016550   4X-男复合长裤-黑色-鸿运当头_K-CP   >>>>>>>>>>>   4X-男复合长裤-黑色-三块标牌_K_左上-CP
2022-12-14 11:40:46,839 INFO     操作人:张三 内部订单id:24016550   4X-男复合长裤-黑色-三块标牌_K_左上-CP   >>>>>>>>>>>   4X-男复合长裤-黑色-探头猫黑_K_右上-CP
2022-12-14 11:41:43,177 INFO     操作人:张三 内部订单id:24016550   4X-男复合长裤-黑色-探头猫黑_K_右上-CP   >>>>>>>>>>>   4X-男复合长裤-黑色-人类_K-CP
2022-12-14 11:42:09,136 INFO     操作人:张三 内部订单id:24016550   4X-男复合长裤-黑色-人类_K-CP   >>>>>>>>>>>   4X-男复合长裤-黑色-两条杠_K_前左中-CP
2022-12-14 11:42:28,087 INFO     操作人:张三 内部订单id:24016550   4X-男复合长裤-黑色-两条杠_K_前左中-CP   >>>>>>>>>>>   4X-男复合长裤-黑色-口袋皮卡丘_K_后左下-CP
2022-12-14 11:42:49,413 INFO     操作人:张三 内部订单id:24016550   4X-男复合长裤-黑色-口袋皮卡丘_K_后左下-CP   >>>>>>>>>>>   4X-男复合长裤-黑色-行星小宇_K-CP
