2022-12-25 09:03:21,446 INFO     操作人:张三 内部订单id:24123116   XL-男圆领复合-福袋   >>>>>>>>>>>   XL-男圆领复合-米色-中国醒狮金-CP,XL-男圆领复合-红色-JSWL飞跃兔-CP
2022-12-25 09:03:26,553 INFO     操作人:张三 内部订单id:24119089   2X-男合体T-福袋   >>>>>>>>>>>   2X-男合体T-暖橘-四色醒狮-CP,2X-男合体T-白色-NASA熊-NASA小熊_右袖-CP,2X-男合体T-白色-中国-CP,2X-男合体T-麻灰-舞狮黑字_ZB-CP,2X-男合体T-黑色-放肆欢喜-CP,2X-男合体T-雾霾蓝-有钱小虎_前左下-CP,2X-男合体T-白色-微笑雏菊黑_KB-CP,2X-男合体T-白色-清新豚_K-CP,2X-男合体T-藏青-NASA熊-NASA小熊_右袖-CP
2022-12-25 09:03:31,371 INFO     操作人:张三 内部订单id:24118146   4X-男圆领复合-福袋   >>>>>>>>>>>   4X-男圆领复合-米色-月球柠檬_后正中-CP
2022-12-25 09:03:36,453 INFO     操作人:张三 内部订单id:24117686   L-男圆领毛圈-福袋   >>>>>>>>>>>   L-男圆领毛圈-白色-国风四宫格-CP,L-男圆领毛圈-黑色-恶魔般若_KB-CP
2022-12-25 09:03:41,718 INFO     操作人:张三 内部订单id:24112530   XL-男圆领毛圈-黑色-福袋   >>>>>>>>>>>   XL-男圆领毛圈-黑色-虎靠背-CP
2022-12-25 09:03:41,718 INFO     操作人:张三 内部订单id:24112530   XL-男圆领毛圈-白色-福袋   >>>>>>>>>>>   XL-男圆领毛圈-白色-彩色涂鸦熊_ZB-CP
2022-12-25 09:03:41,718 INFO     操作人:张三 内部订单id:24112530   XL-男圆领毛圈-米色-福袋   >>>>>>>>>>>   XL-男圆领毛圈-米色-平安喜乐红-CP
2022-12-25 09:03:47,187 INFO     操作人:张三 内部订单id:24111928   L-男圆领复合-福袋   >>>>>>>>>>>   L-男圆领复合-米色-JSWL天坛-CP,L-男圆领复合-麻灰-晴天娃蓝_K-CP
2022-12-25 09:03:52,326 INFO     操作人:张三 内部订单id:24110256   XL-男连帽复合-福袋   >>>>>>>>>>>   XL-男连帽复合-黑色-星球灌篮_ZB-CP,XL-男连帽复合-黑色-JSWL国潮三格-CP
2022-12-25 09:03:52,326 INFO     操作人:张三 内部订单id:24110256   XL-男合体T-福袋   >>>>>>>>>>>   XL-男合体T-黑色-京剧脸谱白-CP,XL-男合体T-麻灰-彩带醒狮_KB-CP
2022-12-25 09:03:52,326 INFO     操作人:张三 内部订单id:24110256   XL-男复合长裤-黑色-福袋   >>>>>>>>>>>   XL-男复合长裤-黑色-小狮头_K-CP
2022-12-25 09:03:52,327 INFO     操作人:张三 内部订单id:24110256   XL-男圆领复合-黑色-福袋   >>>>>>>>>>>   XL-男圆领复合-黑色-啊对对白-CP
2022-12-25 09:03:52,327 INFO     操作人:张三 内部订单id:24110256   XL-男圆领复合-黑色-福袋   >>>>>>>>>>>   XL-男圆领复合-黑色-揭秘-CP
2022-12-25 09:03:52,327 INFO     操作人:张三 内部订单id:24110256   XL-男圆领复合-白色-福袋   >>>>>>>>>>>   XL-男圆领复合-白色-柠檬汁-CP
2022-12-25 09:03:57,253 INFO     操作人:张三 内部订单id:24109378   XL-男圆领复合-福袋   >>>>>>>>>>>   XL-男圆领复合-墨绿-吊绳宇航员_前领口-CP,XL-男圆领复合-白色-小胖虎-CP
2022-12-25 09:07:21,116 INFO     操作人:张三 内部订单id:24123116   XL-男圆领复合-米色-中国醒狮金-CP   >>>>>>>>>>>   XL-男圆领复合-米色-星空熊_KB-CP
2022-12-25 09:07:26,452 INFO     操作人:张三 内部订单id:24119089   2X-男合体T-藏青-NASA熊-NASA小熊_右袖-CP   >>>>>>>>>>>   2X-男合体T-藏青-惊喜萌虎_K-CP
2022-12-25 09:07:31,542 INFO     操作人:张三 内部订单id:24112530   XL-男圆领毛圈-米色-平安喜乐红-CP   >>>>>>>>>>>   XL-男圆领毛圈-米色-狮头-CP
2022-12-25 09:07:36,309 INFO     操作人:张三 内部订单id:24111928   L-男圆领复合-米色-JSWL天坛-CP   >>>>>>>>>>>   L-男圆领复合-米色-海岛旅行-CP
2022-12-25 09:07:41,514 INFO     操作人:张三 内部订单id:24110256   XL-男复合长裤-黑色-小狮头_K-CP   >>>>>>>>>>>   XL-男复合长裤-黑色-shark_K-CP
2022-12-25 09:08:19,341 INFO     操作人:张三 内部订单id:24119089   2X-男合体T-藏青-惊喜萌虎_K-CP   >>>>>>>>>>>   2X-男合体T-藏青-星空熊_KB-CP
2022-12-25 09:09:16,261 INFO     操作人:张三 内部订单id:24123375   XL-男女中长连帽复合-福袋   >>>>>>>>>>>   XL-男女中长连帽复合-酒红-滑行熊_KB-CP
2022-12-25 09:09:20,935 INFO     操作人:张三 内部订单id:24118733   2X-男女复合开衫-黑色-福袋   >>>>>>>>>>>   2X-男女复合开衫-黑色-摩洛哥_K-CP
2022-12-25 09:09:26,150 INFO     操作人:张三 内部订单id:24118075   L-男女中长连帽复合-酒红-福袋   >>>>>>>>>>>   L-男女中长连帽复合-酒红-敲击白_KB-CP
2022-12-25 09:09:26,151 INFO     操作人:张三 内部订单id:24118075   L-男女复合开衫-米色-福袋   >>>>>>>>>>>   L-男女复合开衫-米色-黄字小熊_KB-CP
2022-12-25 09:09:35,542 INFO     操作人:张三 内部订单id:24117007   S-男女中长连帽复合-酒红-福袋   >>>>>>>>>>>   S-男女中长连帽复合-酒红-复古小镇-CP
2022-12-25 09:09:35,543 INFO     操作人:张三 内部订单id:24117007   S-男女中长连帽复合-米色-福袋   >>>>>>>>>>>   S-男女中长连帽复合-米色-猫鼠玩笑-CP
2022-12-25 09:09:40,400 INFO     操作人:张三 内部订单id:24116873   2X-男女中长连帽复合-米色-福袋   >>>>>>>>>>>   2X-男女中长连帽复合-米色-中国青年_KB-CP
2022-12-25 09:09:40,401 INFO     操作人:张三 内部订单id:24116873   2X-男女中长连帽复合-杏色-福袋   >>>>>>>>>>>   2X-男女中长连帽复合-杏色-咖啡白-CP
2022-12-25 09:09:40,401 INFO     操作人:张三 内部订单id:24116873   2X-男女复合开衫-黑色-福袋   >>>>>>>>>>>   2X-男女复合开衫-黑色-休眠富士山_K-CP
2022-12-25 09:09:49,997 INFO     操作人:张三 内部订单id:24116426   M-男女中长圆领毛圈-黑色-福袋   >>>>>>>>>>>   M-男女中长圆领毛圈-黑色-薄雾熊_K-CP
2022-12-25 09:09:55,240 INFO     操作人:张三 内部订单id:24116413   XL-男女中长圆领复合-米色-福袋   >>>>>>>>>>>   XL-男女中长圆领复合-米色-水彩仙人掌_K-水彩仙人掌_Z_前右下-CP
2022-12-25 09:10:00,366 INFO     操作人:张三 内部订单id:24116205   L-男女复合开衫-米色-福袋   >>>>>>>>>>>   L-男女复合开衫-米色-复古茶花白_KB-CP
2022-12-25 09:10:05,268 INFO     操作人:张三 内部订单id:24115865   2X-男女中长连帽复合-酒红-福袋   >>>>>>>>>>>   2X-男女中长连帽复合-酒红-兔子下午茶-CP
2022-12-25 09:10:10,053 INFO     操作人:张三 内部订单id:24115751   3X-男女中长圆领毛圈-红色-福袋   >>>>>>>>>>>   3X-男女中长圆领毛圈-红色-软软熊_K-软软熊_B_后右下-CP
2022-12-25 09:10:14,974 INFO     操作人:张三 内部订单id:24115733   3X-男女中长圆领毛圈-米色-福袋   >>>>>>>>>>>   3X-男女中长圆领毛圈-米色-快点粗趣玩红-CP
2022-12-25 09:10:19,809 INFO     操作人:张三 内部订单id:24115585   S-男女中长连帽复合-豆绿-福袋   >>>>>>>>>>>   S-男女中长连帽复合-豆绿-复古登山-CP
2022-12-25 09:10:19,809 INFO     操作人:张三 内部订单id:24115585   S-男女中长连帽复合-酒红-福袋   >>>>>>>>>>>   S-男女中长连帽复合-酒红-荆棘声波白-CP
2022-12-25 09:10:24,792 INFO     操作人:张三 内部订单id:24115573   M-女通半拉链中长复合卫衣-米色-福袋   >>>>>>>>>>>   M-女通半拉链中长复合卫衣-米色-奶油印记橘_K-CP
2022-12-25 09:10:30,666 INFO     操作人:张三 内部订单id:24115569   XL-男女中长圆领复合-湖蓝-福袋   >>>>>>>>>>>   XL-男女中长圆领复合-湖蓝-日出熊_Z-CP
2022-12-25 09:10:35,923 INFO     操作人:张三 内部订单id:24115498   S-男女中长连帽复合-白色-福袋   >>>>>>>>>>>   S-男女中长连帽复合-白色-金色山脉-CP
2022-12-25 09:10:35,923 INFO     操作人:张三 内部订单id:24115498   S-男女复合开衫-米色-福袋   >>>>>>>>>>>   S-男女复合开衫-米色-富士山邮票_Z_前左上-富士山邮票_B-CP
2022-12-25 09:10:41,015 INFO     操作人:张三 内部订单id:24115492   M-男女中长圆领复合-白色-福袋   >>>>>>>>>>>   M-男女中长圆领复合-白色-波动的心黑-CP
2022-12-25 09:10:46,450 INFO     操作人:张三 内部订单id:24115485   M-男女中长连帽复合-酒红-福袋   >>>>>>>>>>>   M-男女中长连帽复合-酒红-我饿了虎-CP
2022-12-25 09:10:51,596 INFO     操作人:张三 内部订单id:24115447   L-男女复合开衫-藏青-福袋   >>>>>>>>>>>   L-男女复合开衫-藏青-麻烦的冒险白_KB-CP
2022-12-25 09:10:56,191 INFO     操作人:张三 内部订单id:24115397   XL-男女中长连帽复合-酒红-福袋   >>>>>>>>>>>   XL-男女中长连帽复合-酒红-peace-CP
2022-12-25 09:11:01,372 INFO     操作人:张三 内部订单id:24115372   L-男女复合开衫-酒红-福袋   >>>>>>>>>>>   L-男女复合开衫-酒红-KS马术运动金-CP
2022-12-25 09:11:07,607 INFO     操作人:张三 内部订单id:24115270   3X-男女中长连帽复合-黑色-福袋   >>>>>>>>>>>   3X-男女中长连帽复合-黑色-唯一的爱-CP
2022-12-25 09:11:14,022 INFO     操作人:张三 内部订单id:24114463   L-女通半拉链中长复合卫衣-米色-福袋   >>>>>>>>>>>   L-女通半拉链中长复合卫衣-米色-奶油印记粉_K-CP
2022-12-25 09:11:19,748 INFO     操作人:张三 内部订单id:24114451   2X-男女中长圆领复合-米色-福袋   >>>>>>>>>>>   2X-男女中长圆领复合-米色-生活明朗_K-CP
2022-12-25 09:11:25,921 INFO     操作人:张三 内部订单id:24114429   M-男女中长圆领毛圈-米色-福袋   >>>>>>>>>>>   M-男女中长圆领毛圈-米色-消失-CP
2022-12-25 09:11:31,131 INFO     操作人:张三 内部订单id:24114170   XL-男女中长圆领复合-深灰-福袋   >>>>>>>>>>>   XL-男女中长圆领复合-深灰-绿植-CP
2022-12-25 09:11:31,132 INFO     操作人:张三 内部订单id:24114170   M-男女中长连帽复合-白色-福袋   >>>>>>>>>>>   M-男女中长连帽复合-白色-张嘴兔-CP
2022-12-25 09:11:35,847 INFO     操作人:张三 内部订单id:24114131   L-男女中长连帽复合-酒红-福袋   >>>>>>>>>>>   L-男女中长连帽复合-酒红-湖边野花-CP
2022-12-25 09:11:35,848 INFO     操作人:张三 内部订单id:24114131   L-男女中长连帽复合-红色-福袋   >>>>>>>>>>>   L-男女中长连帽复合-红色-天空鲸鱼_KB-CP
2022-12-25 09:11:41,112 INFO     操作人:张三 内部订单id:24114120   S-男女中长连帽复合-豆绿-福袋   >>>>>>>>>>>   S-男女中长连帽复合-豆绿-舞狮帽牛_ZB-CP
2022-12-25 09:11:45,941 INFO     操作人:张三 内部订单id:24112152   L-男女中长圆领复合-墨绿-福袋   >>>>>>>>>>>   L-男女中长圆领复合-墨绿-草莓兔兔_KB-CP
2022-12-25 09:11:57,956 INFO     操作人:张三 内部订单id:24106946   2X-女通橡筋米呢长裤-黑色-福袋   >>>>>>>>>>>   2X-女通橡筋米呢长裤-黑色-看星星_K-CP
2022-12-25 09:12:03,258 INFO     操作人:张三 内部订单id:24106868   L-男女中长圆领复合-墨绿-福袋   >>>>>>>>>>>   L-男女中长圆领复合-墨绿-困困熊-CP
2022-12-25 09:12:08,086 INFO     操作人:张三 内部订单id:24106753   L-男女中长圆领毛圈-皮粉-福袋   >>>>>>>>>>>   L-男女中长圆领毛圈-皮粉-软软熊_K-软软熊_B_后右下-CP
2022-12-25 09:12:14,196 INFO     操作人:张三 内部订单id:24106640   S-男女复合开衫-米色-福袋   >>>>>>>>>>>   S-男女复合开衫-米色-酷笑脸_KB-CP
2022-12-25 09:12:19,640 INFO     操作人:张三 内部订单id:24106589   M-男女复合开衫-米色-福袋   >>>>>>>>>>>   M-男女复合开衫-米色-日暮熊_K-CP
2022-12-25 09:12:32,584 INFO     操作人:张三 内部订单id:24106374   2X-男女中长圆领毛圈-皮粉-福袋   >>>>>>>>>>>   2X-男女中长圆领毛圈-皮粉-软软熊_K-软软熊_B_后右下-CP
2022-12-25 09:12:38,710 INFO     操作人:张三 内部订单id:24106370   3X-男女中长圆领复合-红色-福袋   >>>>>>>>>>>   3X-男女中长圆领复合-红色-看烟花牛男-CP
2022-12-25 09:12:38,711 INFO     操作人:张三 内部订单id:24106370   3X-男女中长圆领复合-白色-福袋   >>>>>>>>>>>   3X-男女中长圆领复合-白色-太空追星女-CP
2022-12-25 09:12:44,505 INFO     操作人:张三 内部订单id:24106187   M-男女中长圆领复合-米色-福袋   >>>>>>>>>>>   M-男女中长圆领复合-米色-点击发射爱心黑-CP
2022-12-25 09:12:50,714 INFO     操作人:张三 内部订单id:24105968   XL-男女中长连帽毛圈-皮粉-福袋   >>>>>>>>>>>   XL-男女中长连帽毛圈-皮粉-软软熊_K-软软熊_B_后右下-CP
2022-12-25 09:12:50,715 INFO     操作人:张三 内部订单id:24105968   XL-男女复合开衫-米色-福袋   >>>>>>>>>>>   XL-男女复合开衫-米色-移动星粉白_K-CP
2022-12-25 09:12:50,715 INFO     操作人:张三 内部订单id:24105968   XL-男女中长圆领复合-米色-福袋   >>>>>>>>>>>   XL-男女中长圆领复合-米色-绵羊涂鸦-CP
2022-12-25 09:12:57,037 INFO     操作人:张三 内部订单id:24105911   2X-男女中长圆领复合-米色-福袋   >>>>>>>>>>>   2X-男女中长圆领复合-米色-港风小邮轮紫-CP
2022-12-25 09:13:02,536 INFO     操作人:张三 内部订单id:24105908   S-男女中长圆领复合-湖蓝-福袋   >>>>>>>>>>>   S-男女中长圆领复合-湖蓝-港风小邮轮紫-CP
2022-12-25 09:13:08,746 INFO     操作人:张三 内部订单id:24104932   XL-男女中长圆领复合-藏青-福袋   >>>>>>>>>>>   XL-男女中长圆领复合-藏青-郁金香画卷橘_KB-CP
2022-12-25 09:13:08,747 INFO     操作人:张三 内部订单id:24104932   XL-男女中长圆领复合-米色-福袋   >>>>>>>>>>>   XL-男女中长圆领复合-米色-银河粉星-CP
2022-12-25 09:13:14,262 INFO     操作人:张三 内部订单id:24103800   L-男女中长连帽复合-白色-福袋   >>>>>>>>>>>   L-男女中长连帽复合-白色-滑稽小怪兽-CP
2022-12-25 09:13:19,671 INFO     操作人:张三 内部订单id:24099668   2X-男女中长圆领复合-湖蓝-福袋   >>>>>>>>>>>   2X-男女中长圆领复合-湖蓝-贪吃涂鸦白_KB-CP
2022-12-25 09:13:25,616 INFO     操作人:张三 内部订单id:24098789   L-男女中长连帽复合-酒红-福袋   >>>>>>>>>>>   L-男女中长连帽复合-酒红-湖边野花-CP
2022-12-25 09:13:31,799 INFO     操作人:张三 内部订单id:24098168   M-男女中长圆领复合-墨绿-福袋   >>>>>>>>>>>   M-男女中长圆领复合-墨绿-草莓兔兔_B_前正中-CP
2022-12-25 09:13:37,464 INFO     操作人:张三 内部订单id:24098165   L-男女中长连帽复合-酒红-福袋   >>>>>>>>>>>   L-男女中长连帽复合-酒红-倒影_KB-CP
2022-12-25 09:13:37,464 INFO     操作人:张三 内部订单id:24098165   L-男女复合开衫-藏青-福袋   >>>>>>>>>>>   L-男女复合开衫-藏青-摩洛哥_K-CP
2022-12-25 09:13:37,465 INFO     操作人:张三 内部订单id:24098165   L-男女中长圆领复合-墨绿-福袋   >>>>>>>>>>>   L-男女中长圆领复合-墨绿-橘色冲浪车-CP
2022-12-25 09:13:42,992 INFO     操作人:张三 内部订单id:24098152   2X-男女中长连帽复合-深灰-福袋   >>>>>>>>>>>   2X-男女中长连帽复合-深灰-饼干们_ZB-CP
2022-12-25 09:13:42,993 INFO     操作人:张三 内部订单id:24098152   2X-男女复合开衫-黑色-福袋   >>>>>>>>>>>   2X-男女复合开衫-黑色-小草莓熊熊_K-草莓熊熊_B-CP
2022-12-25 09:13:48,733 INFO     操作人:张三 内部订单id:24097892   L-男女中长连帽复合-酒红-福袋   >>>>>>>>>>>   L-男女中长连帽复合-酒红-泰迪兔-CP
2022-12-25 09:13:48,734 INFO     操作人:张三 内部订单id:24097892   L-男女复合开衫-藏青-福袋   >>>>>>>>>>>   L-男女复合开衫-藏青-徽章_K-CP
2022-12-25 09:13:53,969 INFO     操作人:张三 内部订单id:24097810   L-男女中长连帽复合-杏色-福袋   >>>>>>>>>>>   L-男女中长连帽复合-杏色-咖啡白-CP
2022-12-25 09:13:53,969 INFO     操作人:张三 内部订单id:24097810   L-男女中长圆领复合-藏青-福袋   >>>>>>>>>>>   L-男女中长圆领复合-藏青-涂鸦妮妮-CP
2022-12-25 09:13:53,969 INFO     操作人:张三 内部订单id:24097810   L-男女中长圆领复合-黑色-福袋   >>>>>>>>>>>   L-男女中长圆领复合-黑色-复古酒红-CP
2022-12-25 09:13:59,754 INFO     操作人:张三 内部订单id:24097763   M-男女中长圆领复合-米色-福袋   >>>>>>>>>>>   M-男女中长圆领复合-米色-旋涡符号_KB-CP
2022-12-25 09:14:04,503 INFO     操作人:张三 内部订单id:24097753   2X-男女复合开衫-湖蓝-福袋   >>>>>>>>>>>   2X-男女复合开衫-湖蓝-中国精神橙白_Z_前左上-中国精神橙白_B-CP
