2022-12-08 15:04:26,708 INFO     操作人:张三 内部订单id:23917464   4X-男连帽复合-福袋   >>>>>>>>>>>   4X-男连帽复合-白色-吊绳宇航员_前领口-CP
2022-12-08 15:04:26,709 INFO     操作人:张三 内部订单id:23917464   4X-男连帽毛圈-福袋   >>>>>>>>>>>   4X-男连帽毛圈-黑色-MT熊_ZB-CP
2022-12-08 15:04:31,544 INFO     操作人:张三 内部订单id:23917321   M-男圆领复合-福袋   >>>>>>>>>>>   M-男圆领复合-红色-中国醒狮金-CP
2022-12-08 15:04:31,544 INFO     操作人:张三 内部订单id:23917321   M-男圆领毛圈-福袋   >>>>>>>>>>>   M-男圆领毛圈-麻灰-VV黑_KB-CP
2022-12-08 15:04:36,920 INFO     操作人:张三 内部订单id:23917237   L-男圆领复合-福袋   >>>>>>>>>>>   L-男圆领复合-墨绿-啊对对白-CP
2022-12-08 15:04:36,921 INFO     操作人:张三 内部订单id:23917237   L-男圆领毛圈-福袋   >>>>>>>>>>>   L-男圆领毛圈-米色-午后咖啡_ZB-CP
2022-12-08 15:04:43,071 INFO     操作人:张三 内部订单id:23917236   2X-男连帽复合-福袋   >>>>>>>>>>>   2X-男连帽复合-黑色-鹿靠背-CP
2022-12-08 15:04:43,071 INFO     操作人:张三 内部订单id:23917236   2X-男连帽毛圈-福袋   >>>>>>>>>>>   2X-男连帽毛圈-黑色-恶魔般若_KB-CP
2022-12-08 15:04:48,435 INFO     操作人:张三 内部订单id:23917054   M-男圆领复合-福袋   >>>>>>>>>>>   M-男圆领复合-米色-鹿靠背-CP
2022-12-08 15:04:48,435 INFO     操作人:张三 内部订单id:23917054   M-男圆领毛圈-福袋   >>>>>>>>>>>   M-男圆领毛圈-麻灰-狂野小熊-CP
2022-12-08 15:04:54,215 INFO     操作人:张三 内部订单id:23917041   2X-男圆领毛圈-福袋   >>>>>>>>>>>   2X-男圆领毛圈-黑色-圆狮头白_KB-CP,2X-男圆领毛圈-姜黄-NASA熊-CP
2022-12-08 15:05:00,341 INFO     操作人:张三 内部订单id:23917009   XL-男圆领复合-福袋   >>>>>>>>>>>   XL-男圆领复合-姜黄-像素小人-CP
2022-12-08 15:05:00,341 INFO     操作人:张三 内部订单id:23917009   XL-男圆领毛圈-福袋   >>>>>>>>>>>   XL-男圆领毛圈-黑色-潮牌星白_KB-CP
2022-12-08 15:05:05,963 INFO     操作人:张三 内部订单id:23917008   XL-男圆领复合-福袋   >>>>>>>>>>>   XL-男圆领复合-米色-小胖虎-CP
2022-12-08 15:05:05,964 INFO     操作人:张三 内部订单id:23917008   XL-男圆领毛圈-福袋   >>>>>>>>>>>   XL-男圆领毛圈-黑色-JSWL拳击熊猫_KB-CP
2022-12-08 15:05:11,465 INFO     操作人:张三 内部订单id:23916736   M-男连帽复合-福袋   >>>>>>>>>>>   M-男连帽复合-暖橘-萌虎进宝-CP
2022-12-08 15:05:11,466 INFO     操作人:张三 内部订单id:23916736   M-男连帽毛圈-福袋   >>>>>>>>>>>   M-男连帽毛圈-白色-VV黑_KB-CP
2022-12-08 15:05:16,497 INFO     操作人:张三 内部订单id:23916595   S-男圆领复合-福袋   >>>>>>>>>>>   S-男圆领复合-米色-午后咖啡_ZB-CP
2022-12-08 15:05:16,497 INFO     操作人:张三 内部订单id:23916595   S-男圆领毛圈-福袋   >>>>>>>>>>>   S-男圆领毛圈-白色-看鲸小宇大-CP
2022-12-08 15:05:21,816 INFO     操作人:张三 内部订单id:23916500   XL-男圆领复合-福袋   >>>>>>>>>>>   XL-男圆领复合-米色-创意china中国_K-CP
2022-12-08 15:05:21,817 INFO     操作人:张三 内部订单id:23916500   XL-男圆领毛圈-福袋   >>>>>>>>>>>   XL-男圆领毛圈-姜黄-大写中国红_字母斜放-CP
2022-12-08 15:05:26,924 INFO     操作人:张三 内部订单id:23916412   L-男连帽复合-福袋   >>>>>>>>>>>   L-男连帽复合-米色-JSWL棒球熊-CP
2022-12-08 15:05:26,925 INFO     操作人:张三 内部订单id:23916412   L-男连帽毛圈-福袋   >>>>>>>>>>>   L-男连帽毛圈-黑色-横条醒狮蓝-CP
2022-12-08 15:05:31,984 INFO     操作人:张三 内部订单id:23916332   2X-男连帽复合-福袋   >>>>>>>>>>>   2X-男连帽复合-米色-小胖虎-CP
2022-12-08 15:05:31,984 INFO     操作人:张三 内部订单id:23916332   2X-男连帽毛圈-福袋   >>>>>>>>>>>   2X-男连帽毛圈-红色-漫画醒狮白-CP
2022-12-08 15:05:38,970 INFO     操作人:张三 内部订单id:23916283   S-男圆领复合-福袋   >>>>>>>>>>>   S-男圆领复合-黑色-小熊白-CP
2022-12-08 15:05:38,970 INFO     操作人:张三 内部订单id:23916283   S-男圆领毛圈-福袋   >>>>>>>>>>>   S-男圆领毛圈-白色-魔鬼笑脸_KB-CP
2022-12-08 15:05:43,845 INFO     操作人:张三 内部订单id:23916226   2X-男圆领复合-福袋   >>>>>>>>>>>   2X-男圆领复合-黑色-JSWL像素鸭-CP
2022-12-08 15:05:43,846 INFO     操作人:张三 内部订单id:23916226   2X-男圆领毛圈-福袋   >>>>>>>>>>>   2X-男圆领毛圈-麻灰-JSWL棋盘熊-CP
2022-12-08 15:05:49,358 INFO     操作人:张三 内部订单id:23916183   XL-男连帽复合-福袋   >>>>>>>>>>>   XL-男连帽复合-麻灰-分裂熊_KB-CP
2022-12-08 15:05:49,358 INFO     操作人:张三 内部订单id:23916183   XL-男连帽毛圈-福袋   >>>>>>>>>>>   XL-男连帽毛圈-红色-好运牛-CP
2022-12-08 15:05:54,705 INFO     操作人:张三 内部订单id:23916155   2X-男圆领毛圈-福袋   >>>>>>>>>>>   2X-男圆领毛圈-深灰-兔子侠_K-CP,2X-男圆领毛圈-麻灰-复古繁华-CP
2022-12-08 15:05:59,727 INFO     操作人:张三 内部订单id:23916016   3X-男连帽复合-福袋   >>>>>>>>>>>   3X-男连帽复合-米色-JSWL绿色村庄_K-CP
2022-12-08 15:05:59,728 INFO     操作人:张三 内部订单id:23916016   3X-男连帽毛圈-福袋   >>>>>>>>>>>   3X-男连帽毛圈-烟粉-冲浪醒狮-CP
2022-12-08 15:06:06,128 INFO     操作人:张三 内部订单id:23915977   3X-男圆领复合-福袋   >>>>>>>>>>>   3X-男圆领复合-酒红-狮来运转_K-CP
2022-12-08 15:06:06,128 INFO     操作人:张三 内部订单id:23915977   3X-男圆领毛圈-福袋   >>>>>>>>>>>   3X-男圆领毛圈-黑色-China白-CP
2022-12-08 15:06:11,909 INFO     操作人:张三 内部订单id:23913305   XL-男圆领毛圈-福袋   >>>>>>>>>>>   XL-男圆领毛圈-白色-人类_KB-CP
2022-12-08 15:06:17,596 INFO     操作人:张三 内部订单id:23912930   2X-男圆领复合-福袋   >>>>>>>>>>>   2X-男圆领复合-白色-四色醒狮-CP,2X-男圆领复合-黑色-墨镜熊-CP
2022-12-08 15:06:23,240 INFO     操作人:张三 内部订单id:23911172   3X-男圆领复合-福袋   >>>>>>>>>>>   3X-男圆领复合-黑色-涂鸦粉熊-CP
2022-12-08 15:06:23,240 INFO     操作人:张三 内部订单id:23911172   3X-男圆领毛圈-福袋   >>>>>>>>>>>   3X-男圆领毛圈-黑色-竹子老虎_KB-CP
2022-12-08 15:06:29,269 INFO     操作人:张三 内部订单id:23911168   L-男圆领复合-福袋   >>>>>>>>>>>   L-男圆领复合-红色-兔锦鲤-CP,L-男圆领复合-深灰-愉快熊猫_K-CP
2022-12-08 15:06:34,321 INFO     操作人:张三 内部订单id:23910307   S-男连帽复合-福袋   >>>>>>>>>>>   S-男连帽复合-湖蓝-腾空小宇黑_KB-CP
2022-12-08 15:06:34,321 INFO     操作人:张三 内部订单id:23910307   S-男连帽毛圈-福袋   >>>>>>>>>>>   S-男连帽毛圈-黑色-太阳恐龙白-CP
2022-12-08 15:06:39,490 INFO     操作人:张三 内部订单id:23910230   2X-男连帽复合-福袋   >>>>>>>>>>>   2X-男连帽复合-麻灰-穿越星河_Z_前正中-穿越星河_B-CP
2022-12-08 15:06:39,490 INFO     操作人:张三 内部订单id:23910230   2X-男连帽毛圈-福袋   >>>>>>>>>>>   2X-男连帽毛圈-黑色-太空篮球-CP
2022-12-08 15:06:44,764 INFO     操作人:张三 内部订单id:23909349   3X-男圆领复合-福袋   >>>>>>>>>>>   3X-男圆领复合-白色-四色醒狮-CP,3X-男圆领复合-墨绿-四色醒狮-CP
2022-12-08 15:06:50,829 INFO     操作人:张三 内部订单id:23907786   L-男圆领复合-白色-福袋   >>>>>>>>>>>   L-男圆领复合-白色-车旅-CP
2022-12-08 15:06:50,829 INFO     操作人:张三 内部订单id:23907786   L-男圆领复合-黑色-福袋   >>>>>>>>>>>   L-男圆领复合-黑色-虎靠背-CP
2022-12-08 15:11:06,930 INFO     操作人:张三 内部订单id:23917464   4X-男连帽毛圈-黑色-MT熊_ZB-CP   >>>>>>>>>>>   4X-男连帽毛圈-黑色-全员恶人-CP
2022-12-08 15:11:12,622 INFO     操作人:张三 内部订单id:23917321   M-男圆领复合-红色-中国醒狮金-CP   >>>>>>>>>>>   M-男圆领复合-红色-国风四宫格-CP
2022-12-08 15:11:12,622 INFO     操作人:张三 内部订单id:23917321   M-男圆领毛圈-麻灰-VV黑_KB-CP   >>>>>>>>>>>   M-男圆领毛圈-麻灰-舞狮黑字_ZB-CP
2022-12-08 15:11:17,771 INFO     操作人:张三 内部订单id:23917237   L-男圆领复合-墨绿-啊对对白-CP   >>>>>>>>>>>   L-男圆领复合-墨绿-太空日报_ZB-CP
2022-12-08 15:11:22,797 INFO     操作人:张三 内部订单id:23917236   2X-男连帽毛圈-黑色-恶魔般若_KB-CP   >>>>>>>>>>>   2X-男连帽毛圈-黑色-JSWL计划_KB-CP
2022-12-08 15:11:28,506 INFO     操作人:张三 内部订单id:23916736   M-男连帽毛圈-白色-VV黑_KB-CP   >>>>>>>>>>>   M-男连帽毛圈-白色-地球艺术-CP
2022-12-08 15:11:33,196 INFO     操作人:张三 内部订单id:23916595   S-男圆领复合-米色-午后咖啡_ZB-CP   >>>>>>>>>>>   S-男圆领复合-米色-兔子侠_K-CP
2022-12-08 15:11:33,196 INFO     操作人:张三 内部订单id:23916595   S-男圆领毛圈-白色-看鲸小宇大-CP   >>>>>>>>>>>   S-男圆领毛圈-白色-super狮-CP
2022-12-08 15:11:38,337 INFO     操作人:张三 内部订单id:23916332   2X-男连帽毛圈-红色-漫画醒狮白-CP   >>>>>>>>>>>   2X-男连帽毛圈-红色-平安喜乐白-CP
2022-12-08 15:11:43,272 INFO     操作人:张三 内部订单id:23916283   S-男圆领毛圈-白色-魔鬼笑脸_KB-CP   >>>>>>>>>>>   S-男圆领毛圈-白色-午后咖啡_ZB-CP
2022-12-08 15:11:54,483 INFO     操作人:张三 内部订单id:23916016   3X-男连帽毛圈-烟粉-冲浪醒狮-CP   >>>>>>>>>>>   3X-男连帽毛圈-烟粉-酷哈士奇-CP
2022-12-08 15:12:00,235 INFO     操作人:张三 内部订单id:23912930   2X-男圆领复合-黑色-墨镜熊-CP   >>>>>>>>>>>   2X-男圆领复合-黑色-VV白_KB-CP
2022-12-08 15:12:06,068 INFO     操作人:张三 内部订单id:23911168   L-男圆领复合-红色-兔锦鲤-CP   >>>>>>>>>>>   L-男圆领复合-红色-玉兔招财-CP
2022-12-08 15:12:12,262 INFO     操作人:张三 内部订单id:23910307   S-男连帽毛圈-黑色-太阳恐龙白-CP   >>>>>>>>>>>   S-男连帽毛圈-黑色-油画熊白_ZB-CP
2022-12-08 15:12:17,317 INFO     操作人:张三 内部订单id:23910230   2X-男连帽毛圈-黑色-太空篮球-CP   >>>>>>>>>>>   2X-男连帽毛圈-黑色-国潮兔-CP
2022-12-08 15:12:22,971 INFO     操作人:张三 内部订单id:23909349   3X-男圆领复合-白色-四色醒狮-CP   >>>>>>>>>>>   3X-男圆领复合-白色-渐变勾-CP
2022-12-08 15:12:28,036 INFO     操作人:张三 内部订单id:23907786   S-男圆领羊羔绒-雾霾蓝-日进斗金兔   >>>>>>>>>>>   S-男圆领羊羔绒-雾霾蓝-萌虎进宝-CP
2022-12-08 15:12:28,036 INFO     操作人:张三 内部订单id:23907786   L-男圆领复合-白色-车旅-CP   >>>>>>>>>>>   L-男圆领复合-白色-旅行者_KB-CP
2022-12-08 15:12:28,036 INFO     操作人:张三 内部订单id:23907786   L-男圆领复合-黑色-虎靠背-CP   >>>>>>>>>>>   L-男圆领复合-黑色-打工修养白_ZB-CP
2022-12-08 15:14:08,078 INFO     操作人:张三 内部订单id:23917321   M-男圆领复合-红色-国风四宫格-CP   >>>>>>>>>>>   M-男圆领复合-红色-国潮三色-CP
2022-12-08 15:14:08,079 INFO     操作人:张三 内部订单id:23917321   M-男圆领毛圈-麻灰-舞狮黑字_ZB-CP   >>>>>>>>>>>   M-男圆领毛圈-麻灰-醒狮黑_KB-CP
2022-12-08 15:14:13,524 INFO     操作人:张三 内部订单id:23916183   XL-男连帽毛圈-红色-好运牛-CP   >>>>>>>>>>>   XL-男连帽毛圈-红色-中国醒狮金-CP
2022-12-08 15:14:19,076 INFO     操作人:张三 内部订单id:23916016   3X-男连帽毛圈-烟粉-酷哈士奇-CP   >>>>>>>>>>>   3X-男连帽毛圈-烟粉-圆狮头黑_KB-CP
2022-12-08 15:15:14,457 INFO     操作人:张三 内部订单id:23916183   XL-男连帽毛圈-红色-中国醒狮金-CP   >>>>>>>>>>>   XL-男连帽毛圈-红色-打工修养白_ZB-CP
2022-12-08 15:15:19,777 INFO     操作人:张三 内部订单id:23916016   3X-男连帽毛圈-烟粉-圆狮头黑_KB-CP   >>>>>>>>>>>   3X-男连帽毛圈-烟粉-灿烂笑脸_ZB-CP
2022-12-08 15:17:24,811 INFO     操作人:张三 内部订单id:23917428   S-男女中长圆领复合-白色-福袋   >>>>>>>>>>>   S-男女中长圆领复合-白色-棒球帽男_K-CP
2022-12-08 15:17:24,812 INFO     操作人:张三 内部订单id:23917428   M-男女复合开衫-黑色-福袋   >>>>>>>>>>>   M-男女复合开衫-黑色-三色熊_K-CP
2022-12-08 15:17:30,997 INFO     操作人:张三 内部订单id:23917427   L-男女中长圆领复合-红色-福袋   >>>>>>>>>>>   L-男女中长圆领复合-红色-三世同堂妈-CP
2022-12-08 15:17:30,998 INFO     操作人:张三 内部订单id:23917427   XL-男女复合开衫-藏青-福袋   >>>>>>>>>>>   XL-男女复合开衫-藏青-棒球手黑_K-CP
2022-12-08 15:17:36,912 INFO     操作人:张三 内部订单id:23917426   L-男女中长圆领复合-豆绿-福袋   >>>>>>>>>>>   L-男女中长圆领复合-豆绿-崽崽举手-CP
2022-12-08 15:17:36,913 INFO     操作人:张三 内部订单id:23917426   L-男女中长圆领复合-香芋紫-福袋   >>>>>>>>>>>   L-男女中长圆领复合-香芋紫-唯一的爱-CP
2022-12-08 15:17:43,115 INFO     操作人:张三 内部订单id:23917425   L-男女中长圆领毛圈-香芋紫-福袋   >>>>>>>>>>>   L-男女中长圆领毛圈-香芋紫-朋友熊-CP
2022-12-08 15:17:43,115 INFO     操作人:张三 内部订单id:23917425   L-男女复合开衫-黑色-福袋   >>>>>>>>>>>   L-男女复合开衫-黑色-敲击白_KB-CP
2022-12-08 15:17:48,139 INFO     操作人:张三 内部订单id:23916978   2X-男女复合开衫-黑色-福袋   >>>>>>>>>>>   2X-男女复合开衫-黑色-涂鸦爱心粉_K-CP
2022-12-08 15:17:53,163 INFO     操作人:张三 内部订单id:23916948   XL-男女复合开衫-深棕-福袋   >>>>>>>>>>>   XL-男女复合开衫-深棕-KS钦佩白-CP
2022-12-08 15:17:59,280 INFO     操作人:张三 内部订单id:23916820   2X-男女复合开衫-米色-福袋   >>>>>>>>>>>   2X-男女复合开衫-米色-KS钦佩-CP
2022-12-08 15:18:04,855 INFO     操作人:张三 内部订单id:23916811   L-男女复合开衫-黑色-福袋   >>>>>>>>>>>   L-男女复合开衫-黑色-朋友熊_K-CP
2022-12-08 15:18:10,140 INFO     操作人:张三 内部订单id:23916782   L-男女中长连帽复合-深灰-福袋   >>>>>>>>>>>   L-男女中长连帽复合-深灰-小巴士蓝-CP
2022-12-08 15:18:21,970 INFO     操作人:张三 内部订单id:23916569   M-男女中长圆领复合-深棕-福袋   >>>>>>>>>>>   M-男女中长圆领复合-深棕-草莓熊熊_KB-CP
2022-12-08 15:18:21,971 INFO     操作人:张三 内部订单id:23916569   M-男女中长圆领毛圈-蜜桃橙-福袋   >>>>>>>>>>>   M-男女中长圆领毛圈-蜜桃橙-去星星上_ZB-CP
2022-12-08 15:18:27,608 INFO     操作人:张三 内部订单id:23916566   L-男女复合开衫-黑色-福袋   >>>>>>>>>>>   L-男女复合开衫-黑色-错位熊_KB-CP
2022-12-08 15:18:32,825 INFO     操作人:张三 内部订单id:23916490   XL-男女中长圆领复合-蜜桃橙-福袋   >>>>>>>>>>>   XL-男女中长圆领复合-蜜桃橙-小巴士蓝-CP
2022-12-08 15:18:38,595 INFO     操作人:张三 内部订单id:23916415   2X-男女中长圆领复合-藏青-福袋   >>>>>>>>>>>   2X-男女中长圆领复合-藏青-日式涂鸦3_ZB-CP
2022-12-08 15:18:43,982 INFO     操作人:张三 内部订单id:23916342   L-男女复合开衫-米色-福袋   >>>>>>>>>>>   L-男女复合开衫-米色-奶油印记橘_K-CP
2022-12-08 15:18:49,279 INFO     操作人:张三 内部订单id:23916318   M-男女中长连帽复合-黑色-福袋   >>>>>>>>>>>   M-男女中长连帽复合-黑色-捧脸仔-CP
2022-12-08 15:18:54,631 INFO     操作人:张三 内部订单id:23916248   M-男女复合开衫-黑色-福袋   >>>>>>>>>>>   M-男女复合开衫-黑色-天空鲸鱼_KB-CP
2022-12-08 15:19:00,325 INFO     操作人:张三 内部订单id:23916245   M-男女毛圈开衫-米色-福袋   >>>>>>>>>>>   M-男女毛圈开衫-米色-最后一顿_KB-CP
2022-12-08 15:19:06,406 INFO     操作人:张三 内部订单id:23916117   2X-男女中长圆领复合-黑色-福袋   >>>>>>>>>>>   2X-男女中长圆领复合-黑色-奶茶干杯男_K-CP
2022-12-08 15:19:11,771 INFO     操作人:张三 内部订单id:23916068   L-男女中长圆领毛圈-米色-福袋   >>>>>>>>>>>   L-男女中长圆领毛圈-米色-腮红虎_Z-腮红虎_B_后正下-CP
2022-12-08 15:19:18,012 INFO     操作人:张三 内部订单id:23916060   S-男女中长连帽复合-黑色-福袋   >>>>>>>>>>>   S-男女中长连帽复合-黑色-如鲸向海-CP
2022-12-08 15:19:24,220 INFO     操作人:张三 内部订单id:23916017   M-男女中长连帽复合-湖蓝-福袋   >>>>>>>>>>>   M-男女中长连帽复合-湖蓝-繁星飞碟-CP
2022-12-08 15:19:29,831 INFO     操作人:张三 内部订单id:23915989   XL-男女中长连帽复合-米色-福袋   >>>>>>>>>>>   XL-男女中长连帽复合-米色-爱心线黑_K-CP
2022-12-08 15:22:40,874 INFO     操作人:张三 内部订单id:23906891   M-男女中长连帽复合-香芋紫-福袋   >>>>>>>>>>>   M-男女中长连帽复合-香芋紫-福袋
2022-12-08 15:22:40,875 INFO     操作人:张三 内部订单id:23906891   M-男女中长连帽复合-湖蓝-福袋   >>>>>>>>>>>   M-男女中长连帽复合-湖蓝-福袋
2022-12-08 15:22:40,875 INFO     操作人:张三 内部订单id:23906891   S-男女中长连帽复合-湖蓝-福袋   >>>>>>>>>>>   S-男女中长连帽复合-湖蓝-薄荷巧克力熊白_ZB-CP
2022-12-08 15:24:33,441 INFO     操作人:张三 内部订单id:23917425   L-男女中长圆领毛圈-香芋紫-朋友熊-CP   >>>>>>>>>>>   L-男女中长圆领毛圈-香芋紫-环球_K-CP
2022-12-08 15:24:39,179 INFO     操作人:张三 内部订单id:23916978   2X-男女复合开衫-黑色-涂鸦爱心粉_K-CP   >>>>>>>>>>>   2X-男女复合开衫-黑色-森林熊_K-CP
2022-12-08 15:24:44,342 INFO     操作人:张三 内部订单id:23916709   L-男女中长连帽复合-黑色-福袋   >>>>>>>>>>>   L-男女中长连帽复合-黑色-天使的礼物_ZB-CP
2022-12-08 15:24:49,230 INFO     操作人:张三 内部订单id:23916020   随码-男女中长连帽复合-福袋   >>>>>>>>>>>   L-男女中长连帽复合-福袋
2022-12-08 15:24:54,050 INFO     操作人:张三 内部订单id:23915946   M-男女中长圆领复合-香芋紫-福袋   >>>>>>>>>>>   M-男女中长圆领复合-香芋紫-潮牌雏菊-CP
2022-12-08 15:25:04,706 INFO     操作人:张三 内部订单id:23914853   随码-男女中长连帽复合-福袋   >>>>>>>>>>>   XL-男女中长连帽复合-福袋
2022-12-08 15:27:16,314 INFO     操作人:张三 内部订单id:23916709   L-男女中长连帽复合-黑色-天使的礼物_ZB-CP   >>>>>>>>>>>   L-男女中长连帽复合-黑色-藏匿心底-CP
2022-12-08 15:27:23,451 INFO     操作人:张三 内部订单id:23916020   L-男女中长连帽复合-福袋   >>>>>>>>>>>   L-男女中长连帽复合-湖蓝-赛博朋克-CP
2022-12-08 15:27:28,655 INFO     操作人:张三 内部订单id:23915348   随码-男女中长连帽复合-福袋   >>>>>>>>>>>   3X-男女中长连帽复合-福袋
2022-12-08 15:28:30,394 INFO     操作人:张三 内部订单id:23917425   L-男女中长圆领毛圈-香芋紫-环球_K-CP   >>>>>>>>>>>   L-男女中长圆领毛圈-香芋紫-引力紫-CP
2022-12-08 15:28:35,589 INFO     操作人:张三 内部订单id:23915348   3X-男女中长连帽复合-福袋   >>>>>>>>>>>   3X-男女中长连帽复合-黑色-酒色郁金香-CP
2022-12-08 15:28:40,904 INFO     操作人:张三 内部订单id:23914853   XL-男女中长连帽复合-福袋   >>>>>>>>>>>   XL-男女中长连帽复合-藏青-复古登山-CP
2022-12-08 15:29:34,201 INFO     操作人:张三 内部订单id:23917425   L-男女中长圆领毛圈-香芋紫-引力紫-CP   >>>>>>>>>>>   L-男女中长圆领毛圈-香芋紫-力量熊_ZB-CP
2022-12-08 15:30:18,093 INFO     操作人:张三 内部订单id:23917425   L-男女中长圆领毛圈-香芋紫-力量熊_ZB-CP   >>>>>>>>>>>   L-男女中长圆领毛圈-香芋紫-蓝色小恐龙-CP
2022-12-08 15:30:59,124 INFO     操作人:张三 内部订单id:23917425   L-男女中长圆领毛圈-香芋紫-蓝色小恐龙-CP   >>>>>>>>>>>   L-男女中长圆领毛圈-香芋紫-危险的旅行粉-CP
2022-12-08 15:31:31,257 INFO     操作人:张三 内部订单id:23917425   L-男女中长圆领毛圈-香芋紫-危险的旅行粉-CP   >>>>>>>>>>>   L-男女中长圆领毛圈-香芋紫-太空追星男-CP
2022-12-08 15:31:52,200 INFO     操作人:张三 内部订单id:23917425   L-男女中长圆领毛圈-香芋紫-太空追星男-CP   >>>>>>>>>>>   L-男女中长圆领毛圈-香芋紫-太棒了-CP
2022-12-08 15:32:07,365 INFO     操作人:张三 内部订单id:23917425   L-男女中长圆领毛圈-香芋紫-太棒了-CP   >>>>>>>>>>>   L-男女中长圆领毛圈-香芋紫-晚安月亮_K-CP
2022-12-08 15:33:01,370 INFO     操作人:张三 内部订单id:23917425   L-男女中长圆领毛圈-香芋紫-晚安月亮_K-CP   >>>>>>>>>>>   L-男女中长圆领毛圈-香芋紫-星球男孩-CP
2022-12-08 15:34:01,059 INFO     操作人:张三 内部订单id:23917425   L-男女中长圆领毛圈-香芋紫-星球男孩-CP   >>>>>>>>>>>   L-男女中长圆领毛圈-香芋紫-戴帽鸭-CP
2022-12-08 15:35:58,147 INFO     操作人:张三 内部订单id:23917784   2X-男圆领复合-福袋   >>>>>>>>>>>   2X-男圆领复合-湖蓝-看鲸小宇大-CP
2022-12-08 15:35:58,148 INFO     操作人:张三 内部订单id:23917784   2X-男圆领毛圈-福袋   >>>>>>>>>>>   2X-男圆领毛圈-墨绿-午后咖啡_ZB-CP
2022-12-08 15:36:03,745 INFO     操作人:张三 内部订单id:23917685   L-男圆领复合-福袋   >>>>>>>>>>>   L-男圆领复合-黑色-嘻哈酷熊-CP
2022-12-08 15:36:03,746 INFO     操作人:张三 内部订单id:23917685   L-男圆领毛圈-福袋   >>>>>>>>>>>   L-男圆领毛圈-白色-白狐少年-CP
2022-12-08 15:36:08,766 INFO     操作人:张三 内部订单id:23917410   XL-男圆领复合-福袋   >>>>>>>>>>>   XL-男圆领复合-白色-平安喜乐红-CP
2022-12-08 15:36:08,767 INFO     操作人:张三 内部订单id:23917410   XL-男圆领毛圈-福袋   >>>>>>>>>>>   XL-男圆领毛圈-黑色-JSWL传递正义_ZB-CP
2022-12-08 15:36:13,555 INFO     操作人:张三 内部订单id:23916735   L-男圆领复合-福袋   >>>>>>>>>>>   L-男圆领复合-米色-nasa宇航熊-CP
2022-12-08 15:36:13,555 INFO     操作人:张三 内部订单id:23916735   L-男圆领毛圈-福袋   >>>>>>>>>>>   L-男圆领毛圈-烟粉-吃瓜群众-CP
2022-12-08 15:37:10,005 INFO     操作人:张三 内部订单id:23917784   2X-男圆领毛圈-墨绿-午后咖啡_ZB-CP   >>>>>>>>>>>   2X-男圆领毛圈-墨绿-国潮兔-CP
2022-12-08 15:37:15,062 INFO     操作人:张三 内部订单id:23917685   L-男圆领复合-黑色-嘻哈酷熊-CP   >>>>>>>>>>>   L-男圆领复合-黑色-海洋熊_ZB-CP
2022-12-08 15:37:20,101 INFO     操作人:张三 内部订单id:23917410   XL-男圆领复合-白色-平安喜乐红-CP   >>>>>>>>>>>   XL-男圆领复合-白色-国风四宫格-CP
2022-12-08 15:37:20,101 INFO     操作人:张三 内部订单id:23917410   XL-男圆领毛圈-黑色-JSWL传递正义_ZB-CP   >>>>>>>>>>>   XL-男圆领毛圈-黑色-小金虎-CP
2022-12-08 15:38:10,712 INFO     操作人:张三 内部订单id:23917815   L-男圆领复合-福袋   >>>>>>>>>>>   L-男圆领复合-红色-发财兔-CP
2022-12-08 15:38:10,713 INFO     操作人:张三 内部订单id:23917815   L-男圆领毛圈-福袋   >>>>>>>>>>>   L-男圆领毛圈-米色-啤酒趴灰_KB-CP
2022-12-08 15:38:16,726 INFO     操作人:张三 内部订单id:23917410   XL-男圆领复合-白色-国风四宫格-CP   >>>>>>>>>>>   XL-男圆领复合-白色-国风四宫格-CP
2022-12-08 15:39:02,122 INFO     操作人:张三 内部订单id:23917815   L-男圆领复合-红色-发财兔-CP   >>>>>>>>>>>   L-男圆领复合-红色-萌萌兔-CP
2022-12-08 15:39:07,420 INFO     操作人:张三 内部订单id:23917410   XL-男圆领复合-白色-国风四宫格-CP   >>>>>>>>>>>   XL-男圆领复合-白色-国潮三色-CP
2022-12-08 15:41:05,106 INFO     操作人:张三 内部订单id:23917815   L-男圆领复合-红色-萌萌兔-CP   >>>>>>>>>>>   L-男圆领复合-红色-京剧橘猫-CP
2022-12-08 15:41:10,937 INFO     操作人:张三 内部订单id:23917410   XL-男圆领复合-白色-国潮三色-CP   >>>>>>>>>>>   XL-男圆领复合-白色-油画熊黑_ZB-CP
2022-12-08 15:45:37,971 INFO     操作人:张三 内部订单id:23917858   XL-男连帽复合-福袋   >>>>>>>>>>>   XL-男连帽复合-黑色-JSWL方块人-CP
2022-12-08 15:45:37,972 INFO     操作人:张三 内部订单id:23917858   XL-男连帽毛圈-福袋   >>>>>>>>>>>   XL-男连帽毛圈-麻灰-搞怪猫黑-CP
2022-12-08 15:45:43,480 INFO     操作人:张三 内部订单id:23060760   L-男圆领复合-麻灰-线条风景-CP   >>>>>>>>>>>   L-男圆领复合-麻灰-篆书中国黑-CP
2022-12-08 15:46:09,420 INFO     操作人:张三 内部订单id:23917858   XL-男连帽毛圈-麻灰-搞怪猫黑-CP   >>>>>>>>>>>   XL-男连帽毛圈-麻灰-四色醒狮-CP
