2022-12-20 11:59:09,168 INFO     操作人:张三 内部订单id:24078703   M-男圆领复合-福袋   >>>>>>>>>>>   M-男圆领复合-黑色-地球艺术-CP,M-男圆领复合-麻灰-京剧脸谱黑-CP
2022-12-20 11:59:14,521 INFO     操作人:张三 内部订单id:24077412   4X-男合体T-福袋   >>>>>>>>>>>   4X-男合体T-藏青-国风四宫格-CP,4X-男合体T-红色-狮来运转_K-CP
2022-12-20 11:59:19,698 INFO     操作人:张三 内部订单id:24077128   XL-男圆领毛圈-福袋   >>>>>>>>>>>   XL-男圆领毛圈-麻灰-自然风景-CP,XL-男圆领毛圈-深灰-地图_KB-CP
2022-12-20 11:59:24,819 INFO     操作人:张三 内部订单id:24076321   L-男圆领复合-福袋   >>>>>>>>>>>   L-男圆领复合-米色-镂空熊蓝_K_镂空熊蓝_B_后右下-CP,L-男圆领复合-湖蓝-JSWL轻松白兔-CP
2022-12-20 11:59:30,012 INFO     操作人:张三 内部订单id:24075034   M-男圆领复合-福袋   >>>>>>>>>>>   M-男圆领复合-红色-JSWL比耶兔-CP,M-男圆领复合-米色-JSWL像素鸭-CP
2022-12-20 11:59:36,102 INFO     操作人:张三 内部订单id:24073694   L-男圆领复合-福袋   >>>>>>>>>>>   L-男圆领复合-白色-小狗漫画_KB-CP,L-男圆领复合-墨绿-JSWL比耶兔-CP
2022-12-20 11:59:41,382 INFO     操作人:张三 内部订单id:24072410   S-男圆领复合-福袋   >>>>>>>>>>>   S-男圆领复合-米色-春日油画_ZB-CP
2022-12-20 11:59:47,023 INFO     操作人:张三 内部订单id:24071779   S-男圆领复合-福袋   >>>>>>>>>>>   S-男圆领复合-米色-JSWL危险艺术-CP,S-男圆领复合-白色-大穿越星河_Z_前正中-CP
2022-12-20 11:59:53,046 INFO     操作人:张三 内部订单id:24071728   S-男圆领复合-福袋   >>>>>>>>>>>   S-男圆领复合-米色-JSWL一家熊-CP,S-男圆领复合-白色-格子帆船-CP
2022-12-20 11:59:58,594 INFO     操作人:张三 内部订单id:24068086   L-男圆领羊羔绒-福袋   >>>>>>>>>>>   L-男圆领羊羔绒-红色-钱兔无量-CP
2022-12-20 12:00:04,253 INFO     操作人:张三 内部订单id:24065692   2X-男圆领复合-福袋   >>>>>>>>>>>   2X-男圆领复合-白色-国风四宫格-CP,2X-男圆领复合-麻灰-JSWL元宝兔-CP
2022-12-20 12:00:09,865 INFO     操作人:张三 内部订单id:24064764   M-男圆领复合-福袋   >>>>>>>>>>>   M-男圆领复合-红色-兔飞猛进-CP,M-男圆领复合-深灰-四色醒狮-CP
2022-12-20 12:00:14,474 INFO     操作人:张三 内部订单id:24064438   2X-男圆领复合-福袋   >>>>>>>>>>>   2X-男圆领复合-黑色-潮牌G灰_KB-CP,2X-男圆领复合-雾霾蓝-字母麻将_ZB-CP
2022-12-20 12:00:19,682 INFO     操作人:张三 内部订单id:24064157   3X-男圆领复合-黑色-福袋   >>>>>>>>>>>   3X-男圆领复合-黑色-好运醒狮-CP
2022-12-20 12:00:19,682 INFO     操作人:张三 内部订单id:24064157   3X-男连帽复合-黑色-福袋   >>>>>>>>>>>   3X-男连帽复合-黑色-四色醒狮-CP
2022-12-20 12:00:25,194 INFO     操作人:张三 内部订单id:24063088   2X-男圆领复合-福袋   >>>>>>>>>>>   2X-男圆领复合-酒红-小金兔3_K-CP,2X-男圆领复合-白色-嘻哈酷熊-CP
2022-12-20 12:00:30,594 INFO     操作人:张三 内部订单id:24062465   4X-男圆领复合-福袋   >>>>>>>>>>>   4X-男圆领复合-麻灰-平安喜乐红-CP,4X-男圆领复合-麻灰-鹿先生复古-CP
2022-12-20 12:00:35,544 INFO     操作人:张三 内部订单id:24060101   XL-男圆领复合-福袋   >>>>>>>>>>>   XL-男圆领复合-麻灰-大写字母黑_KB-CP,XL-男圆领复合-麻灰-自然风景-CP
2022-12-20 12:00:40,645 INFO     操作人:张三 内部订单id:24059412   XL-男圆领复合-福袋   >>>>>>>>>>>   XL-男圆领复合-黑色-漫画醒狮白-CP,XL-男圆领复合-酒红-JSWL元宝兔-CP
2022-12-20 12:00:46,013 INFO     操作人:张三 内部订单id:24058666   L-男复合长裤-福袋   >>>>>>>>>>>   L-男复合长裤-黑色-创意china中国_K-CP
2022-12-20 12:00:51,447 INFO     操作人:张三 内部订单id:24058665   L-男圆领毛圈-福袋   >>>>>>>>>>>   L-男圆领毛圈-白色-穿越星河_B_前正中-CP
2022-12-20 12:01:40,247 INFO     操作人:张三 内部订单id:24081757   随码-男女中长圆领复合-福袋   >>>>>>>>>>>   L-男女中长圆领复合-福袋
2022-12-20 12:01:45,222 INFO     操作人:张三 内部订单id:24080488   2X-男女中长连帽毛圈-黑色-福袋   >>>>>>>>>>>   2X-男女中长连帽毛圈-黑色-JSWL港风郁金香-CP
2022-12-20 12:01:45,223 INFO     操作人:张三 内部订单id:24080488   2X-男女中长连帽毛圈-黑色-福袋   >>>>>>>>>>>   2X-男女中长连帽毛圈-黑色-特别的人粉-CP
2022-12-20 12:01:50,352 INFO     操作人:张三 内部订单id:24074981   L-男女中长连帽复合-酒红-福袋   >>>>>>>>>>>   L-男女中长连帽复合-酒红-女中国醒狮白-CP
2022-12-20 12:01:55,301 INFO     操作人:张三 内部订单id:24074797   XL-男女中长圆领复合-米色-福袋   >>>>>>>>>>>   XL-男女中长圆领复合-米色-探索_KB-CP
2022-12-20 12:01:55,302 INFO     操作人:张三 内部订单id:24074797   XL-男女中长圆领复合-白色-福袋   >>>>>>>>>>>   XL-男女中长圆领复合-白色-粉色涂鸦_ZB-CP
2022-12-20 12:02:02,678 INFO     操作人:张三 内部订单id:24073727   L-男女中长连帽复合-酒红-福袋   >>>>>>>>>>>   L-男女中长连帽复合-酒红-前进的脚步-CP
2022-12-20 12:02:07,928 INFO     操作人:张三 内部订单id:24073196   XL-男女中长圆领复合-黑色-福袋   >>>>>>>>>>>   XL-男女中长圆领复合-黑色-渔夫帽女_K-CP
2022-12-20 12:02:12,951 INFO     操作人:张三 内部订单id:24068876   2X-男女中长连帽复合-米色-福袋   >>>>>>>>>>>   2X-男女中长连帽复合-米色-几何棕_KB-CP
2022-12-20 12:02:17,982 INFO     操作人:张三 内部订单id:24067582   2X-男女中长连帽复合-黑色-福袋   >>>>>>>>>>>   2X-男女中长连帽复合-黑色-黑白星_KB-CP
2022-12-20 12:02:17,983 INFO     操作人:张三 内部订单id:24067582   XL-男女中长连帽复合-黑色-福袋   >>>>>>>>>>>   XL-男女中长连帽复合-黑色-拉开帷幕白_KB-CP
2022-12-20 12:02:22,436 INFO     操作人:张三 内部订单id:24058427   XL-男女复合开衫-黑色-福袋   >>>>>>>>>>>   XL-男女复合开衫-黑色-黄字小熊_K-黄字小熊_B_后正中-CP
2022-12-20 12:02:22,436 INFO     操作人:张三 内部订单id:24058427   XL-男女中长连帽复合-酒红-福袋   >>>>>>>>>>>   XL-男女中长连帽复合-酒红-生龙活虎_ZB-CP
2022-12-20 12:02:26,969 INFO     操作人:张三 内部订单id:24040305   M-男女中长圆领毛圈-姜黄-福袋   >>>>>>>>>>>   M-男女中长圆领毛圈-姜黄-淘气包-CP
2022-12-20 12:04:00,006 INFO     操作人:张三 内部订单id:24081757   L-男女中长圆领复合-福袋   >>>>>>>>>>>   L-男女中长圆领复合-米色-蓝莓星球-CP
2022-12-20 12:05:38,814 INFO     操作人:张三 内部订单id:24081963   XL-男圆领复合-福袋   >>>>>>>>>>>   XL-男圆领复合-黑色-享受露营-CP,XL-男圆领复合-米色-中国醒狮金-CP
2022-12-20 12:05:43,335 INFO     操作人:张三 内部订单id:24075034   M-男圆领复合-红色-JSWL比耶兔-CP   >>>>>>>>>>>   M-男圆领复合-红色-虎虎生威_ZB-CP
2022-12-20 12:05:48,158 INFO     操作人:张三 内部订单id:24073694   L-男圆领复合-白色-小狗漫画_KB-CP   >>>>>>>>>>>   L-男圆领复合-白色-假期史迪仔-CP
2022-12-20 12:05:53,243 INFO     操作人:张三 内部订单id:24068086   L-男圆领羊羔绒-红色-钱兔无量-CP   >>>>>>>>>>>   L-男圆领羊羔绒-红色-中国醒狮金-CP
2022-12-20 12:05:58,432 INFO     操作人:张三 内部订单id:24064438   2X-男圆领复合-雾霾蓝-字母麻将_ZB-CP   >>>>>>>>>>>   2X-男圆领复合-雾霾蓝-午后咖啡_ZB-CP
2022-12-20 12:06:03,545 INFO     操作人:张三 内部订单id:24060101   XL-男圆领复合-麻灰-大写字母黑_KB-CP   >>>>>>>>>>>   XL-男圆领复合-麻灰-撕开舞狮-CP
2022-12-20 12:06:08,066 INFO     操作人:张三 内部订单id:24059412   XL-男圆领复合-黑色-漫画醒狮白-CP   >>>>>>>>>>>   XL-男圆领复合-黑色-镭射熊_KB-CP
2022-12-20 12:06:14,079 INFO     操作人:张三 内部订单id:24058665   L-男圆领毛圈-白色-穿越星河_B_前正中-CP   >>>>>>>>>>>   L-男圆领毛圈-白色-京剧脸谱黑-CP
2022-12-20 12:07:28,095 INFO     操作人:张三 内部订单id:24073694   L-男圆领复合-白色-假期史迪仔-CP   >>>>>>>>>>>   L-男圆领复合-白色-太空超市-CP
