2022-11-21 18:04:47,707 INFO     操作人:张三 修改成本价 男圆领毛圈 {'dy_cost': 0.0, 'pdd_cost': 24.82}
2022-11-21 18:04:47,769 INFO     操作人:张三 修改成本价 男毛圈开衫 {'dy_cost': 0.0, 'pdd_cost': 34.27}
2022-11-21 18:04:47,823 INFO     操作人:张三 修改成本价 男圆领复合 {'dy_cost': 0.0, 'pdd_cost': 26.27}
2022-11-21 18:04:47,878 INFO     操作人:张三 修改成本价 男复合开衫 {'dy_cost': 0.0, 'pdd_cost': 35.91}
2022-11-21 18:04:47,931 INFO     操作人:张三 修改成本价 男连帽羊羔绒 {'dy_cost': 0.0, 'pdd_cost': 32.27}
2022-11-21 18:04:47,985 INFO     操作人:张三 修改成本价 男圆领羊羔绒 {'dy_cost': 0.0, 'pdd_cost': 29.6}
2022-11-21 18:04:48,039 INFO     操作人:张三 修改成本价 1W9C {'dy_cost': 0.0, 'pdd_cost': 24.82}
2022-11-21 18:04:48,104 INFO     操作人:张三 修改成本价 1W9D {'dy_cost': 0.0, 'pdd_cost': 34.27}
2022-11-21 18:04:48,158 INFO     操作人:张三 修改成本价 1W9E {'dy_cost': 0.0, 'pdd_cost': 26.27}
2022-11-21 18:04:48,213 INFO     操作人:张三 修改成本价 1W9G {'dy_cost': 0.0, 'pdd_cost': 35.91}
2022-11-21 18:04:48,266 INFO     操作人:张三 修改成本价 1W9J {'dy_cost': 0.0, 'pdd_cost': 32.27}
2022-11-21 18:04:48,316 ERROR     (1062, "Duplicate entry '' for key 'finace_cost.PRIMARY'")
2022-11-21 18:04:48,374 INFO     操作人:张三 修改成本价 男连帽复合 {'dy_cost': 0.0, 'pdd_cost': 33.36}
2022-11-21 18:04:48,444 INFO     操作人:张三 修改成本价 男连帽毛圈 {'dy_cost': 0.0, 'pdd_cost': 29.36}
2022-11-21 18:04:48,498 INFO     操作人:张三 修改成本价 男基础背心 {'dy_cost': 0.0, 'pdd_cost': 11.13}
2022-11-21 18:04:48,553 INFO     操作人:张三 修改成本价 男撞色背心 {'dy_cost': 0.0, 'pdd_cost': 12.03}
2022-11-21 18:04:48,607 INFO     操作人:张三 修改成本价 男坎肩背心 {'dy_cost': 0.0, 'pdd_cost': 13.22}
2022-11-21 18:04:48,661 INFO     操作人:张三 修改成本价 男假两件T {'dy_cost': 0.0, 'pdd_cost': 16.26}
2022-11-21 18:04:48,715 INFO     操作人:张三 修改成本价 男奥戴尔T {'dy_cost': 0.0, 'pdd_cost': 15.22}
2022-11-21 18:04:48,770 INFO     操作人:张三 修改成本价 男长袖T {'dy_cost': 0.0, 'pdd_cost': 16.59}
2022-11-21 18:04:48,824 INFO     操作人:张三 修改成本价 男合体T {'dy_cost': 12.73, 'pdd_cost': 13.85}
2022-11-21 18:04:48,879 INFO     操作人:张三 修改成本价 男宽松T {'dy_cost': 0.0, 'pdd_cost': 11.78}
2022-11-21 18:04:48,933 INFO     操作人:张三 修改成本价 男拉架polo {'dy_cost': 0.0, 'pdd_cost': 21.25}
2022-11-21 18:04:48,986 INFO     操作人:张三 修改成本价 男月亮袋短裤 {'dy_cost': 0.0, 'pdd_cost': 20.58}
2022-11-21 18:04:49,043 INFO     操作人:张三 修改成本价 女宽松背心 {'dy_cost': 5.0, 'pdd_cost': 9.02}
2022-11-21 18:04:49,096 INFO     操作人:张三 修改成本价 男女撞色背心 {'dy_cost': 0.0, 'pdd_cost': 9.58}
2022-11-21 18:04:49,152 INFO     操作人:张三 修改成本价 女短裤 {'dy_cost': 0.0, 'pdd_cost': 15.25}
2022-11-21 18:04:49,207 INFO     操作人:张三 修改成本价 女露脐T {'dy_cost': 10.39, 'pdd_cost': 10.39}
2022-11-21 18:04:49,263 INFO     操作人:张三 修改成本价 女通撞色纯棉短袖 {'dy_cost': 12.0, 'pdd_cost': 13.0}
2022-11-21 18:04:49,317 INFO     操作人:张三 修改成本价 女通假两件纯棉短袖 {'dy_cost': 0.0, 'pdd_cost': 14.9}
2022-11-21 18:04:49,373 INFO     操作人:张三 修改成本价 女通扎染纯棉短袖 {'dy_cost': 0.0, 'pdd_cost': 15.5}
2022-11-21 18:04:49,426 INFO     操作人:张三 修改成本价 男宽松扎染短袖 {'dy_cost': 0.0, 'pdd_cost': 14.94}
2022-11-21 18:04:49,482 INFO     操作人:张三 修改成本价 女高腰拉架短袖 {'dy_cost': 11.6, 'pdd_cost': 11.6}
2022-11-21 18:04:49,536 INFO     操作人:张三 修改成本价 男女宽松T亲子 {'dy_cost': 0.0, 'pdd_cost': 15.22}
2022-11-21 18:04:49,590 INFO     操作人:张三 修改成本价 女通扎染背心 {'dy_cost': 0.0, 'pdd_cost': 14.6}
2022-11-21 18:04:49,644 INFO     操作人:张三 修改成本价 女通通肩重磅短袖 {'dy_cost': 20.8, 'pdd_cost': 19.249}
2022-11-21 18:04:49,698 INFO     操作人:张三 修改成本价 男插肩防晒衣 {'dy_cost': 0.0, 'pdd_cost': 17.5}
2022-11-21 18:04:49,752 INFO     操作人:张三 修改成本价 女通撞色条纹短袖 {'dy_cost': 28.12, 'pdd_cost': 16.95}
2022-11-21 18:04:49,806 INFO     操作人:张三 修改成本价 女方领拉架T {'dy_cost': 0.0, 'pdd_cost': 12.0}
2022-11-21 18:04:49,860 INFO     操作人:张三 修改成本价 女高腰撞色拉架T {'dy_cost': 0.0, 'pdd_cost': 12.0}
2022-11-21 18:04:49,915 INFO     操作人:张三 修改成本价 女半高领复合 {'dy_cost': 0.0, 'pdd_cost': 27.7}
2022-11-21 18:04:49,969 INFO     操作人:张三 修改成本价 男女中长连帽毛圈 {'dy_cost': 34.87, 'pdd_cost': 29.6364}
2022-11-21 18:04:50,024 INFO     操作人:张三 修改成本价 男女中长连帽复合 {'dy_cost': 36.79, 'pdd_cost': 33.5455}
2022-11-21 18:04:50,082 INFO     操作人:张三 修改成本价 女高腰连帽毛圈 {'dy_cost': 0.0, 'pdd_cost': 23.9091}
2022-11-21 18:04:50,135 INFO     操作人:张三 修改成本价 男女中长圆领毛圈 {'dy_cost': 26.88, 'pdd_cost': 23.5455}
2022-11-21 18:04:50,190 INFO     操作人:张三 修改成本价 男女中长圆领复合 {'dy_cost': 28.58, 'pdd_cost': 25.6364}
2022-11-21 18:04:50,245 INFO     操作人:张三 修改成本价 女中长连帽羊羔绒 {'dy_cost': 47.86, 'pdd_cost': 36.5}
2022-11-21 18:04:50,299 INFO     操作人:张三 修改成本价 男女毛圈开衫 {'dy_cost': 36.97, 'pdd_cost': 33.0}
2022-11-21 18:04:50,353 INFO     操作人:张三 修改成本价 男女复合开衫 {'dy_cost': 39.79, 'pdd_cost': 35.7273}
2022-11-21 18:08:25,189 INFO     操作人:张三 修改成本价 男圆领毛圈 {'dy_cost': 0.0, 'pdd_cost': 24.82}
2022-11-21 18:08:25,238 INFO     操作人:张三 修改成本价 男毛圈开衫 {'dy_cost': 0.0, 'pdd_cost': 34.27}
2022-11-21 18:08:25,285 INFO     操作人:张三 修改成本价 男圆领复合 {'dy_cost': 0.0, 'pdd_cost': 26.27}
2022-11-21 18:08:25,333 INFO     操作人:张三 修改成本价 男复合开衫 {'dy_cost': 0.0, 'pdd_cost': 35.91}
2022-11-21 18:08:25,381 INFO     操作人:张三 修改成本价 男连帽羊羔绒 {'dy_cost': 0.0, 'pdd_cost': 32.27}
2022-11-21 18:08:25,429 INFO     操作人:张三 修改成本价 男圆领羊羔绒 {'dy_cost': 0.0, 'pdd_cost': 29.6}
2022-11-21 18:08:25,476 INFO     操作人:张三 修改成本价 1W9C {'dy_cost': 0.0, 'pdd_cost': 24.82}
2022-11-21 18:08:25,524 INFO     操作人:张三 修改成本价 1W9D {'dy_cost': 0.0, 'pdd_cost': 34.27}
2022-11-21 18:08:25,572 INFO     操作人:张三 修改成本价 1W9E {'dy_cost': 0.0, 'pdd_cost': 26.27}
2022-11-21 18:08:25,619 INFO     操作人:张三 修改成本价 1W9G {'dy_cost': 0.0, 'pdd_cost': 35.91}
2022-11-21 18:08:25,668 INFO     操作人:张三 修改成本价 1W9J {'dy_cost': 0.0, 'pdd_cost': 32.27}
2022-11-21 18:08:25,721 INFO     操作人:张三 新增成本价 1W1B {'dy_cost': 0.0, 'pdd_cost': 29.6}
2022-11-21 18:08:25,768 INFO     操作人:张三 修改成本价 男连帽复合 {'dy_cost': 0.0, 'pdd_cost': 33.36}
2022-11-21 18:08:25,816 INFO     操作人:张三 修改成本价 男连帽毛圈 {'dy_cost': 0.0, 'pdd_cost': 29.36}
2022-11-21 18:08:25,864 INFO     操作人:张三 修改成本价 男基础背心 {'dy_cost': 0.0, 'pdd_cost': 11.13}
2022-11-21 18:08:25,911 INFO     操作人:张三 修改成本价 男撞色背心 {'dy_cost': 0.0, 'pdd_cost': 12.03}
2022-11-21 18:08:25,959 INFO     操作人:张三 修改成本价 男坎肩背心 {'dy_cost': 0.0, 'pdd_cost': 13.22}
2022-11-21 18:08:26,007 INFO     操作人:张三 修改成本价 男假两件T {'dy_cost': 0.0, 'pdd_cost': 16.26}
2022-11-21 18:08:26,055 INFO     操作人:张三 修改成本价 男奥戴尔T {'dy_cost': 0.0, 'pdd_cost': 15.22}
2022-11-21 18:08:26,103 INFO     操作人:张三 修改成本价 男长袖T {'dy_cost': 0.0, 'pdd_cost': 16.59}
2022-11-21 18:08:26,150 INFO     操作人:张三 修改成本价 男合体T {'dy_cost': 12.73, 'pdd_cost': 13.85}
2022-11-21 18:08:26,199 INFO     操作人:张三 修改成本价 男宽松T {'dy_cost': 0.0, 'pdd_cost': 11.78}
2022-11-21 18:08:26,247 INFO     操作人:张三 修改成本价 男拉架polo {'dy_cost': 0.0, 'pdd_cost': 21.25}
2022-11-21 18:08:26,296 INFO     操作人:张三 修改成本价 男月亮袋短裤 {'dy_cost': 0.0, 'pdd_cost': 20.58}
2022-11-21 18:08:26,350 INFO     操作人:张三 修改成本价 女宽松背心 {'dy_cost': 5.0, 'pdd_cost': 9.02}
2022-11-21 18:08:26,412 INFO     操作人:张三 修改成本价 男女撞色背心 {'dy_cost': 0.0, 'pdd_cost': 9.58}
2022-11-21 18:08:26,460 INFO     操作人:张三 修改成本价 女短裤 {'dy_cost': 0.0, 'pdd_cost': 15.25}
2022-11-21 18:08:26,508 INFO     操作人:张三 修改成本价 女露脐T {'dy_cost': 10.39, 'pdd_cost': 10.39}
2022-11-21 18:08:26,557 INFO     操作人:张三 修改成本价 女通撞色纯棉短袖 {'dy_cost': 12.0, 'pdd_cost': 13.0}
2022-11-21 18:08:26,605 INFO     操作人:张三 修改成本价 女通假两件纯棉短袖 {'dy_cost': 0.0, 'pdd_cost': 14.9}
2022-11-21 18:08:26,653 INFO     操作人:张三 修改成本价 女通扎染纯棉短袖 {'dy_cost': 0.0, 'pdd_cost': 15.5}
2022-11-21 18:08:26,703 INFO     操作人:张三 修改成本价 男宽松扎染短袖 {'dy_cost': 0.0, 'pdd_cost': 14.94}
2022-11-21 18:08:26,752 INFO     操作人:张三 修改成本价 女高腰拉架短袖 {'dy_cost': 11.6, 'pdd_cost': 11.6}
2022-11-21 18:08:26,801 INFO     操作人:张三 修改成本价 男女宽松T亲子 {'dy_cost': 0.0, 'pdd_cost': 15.22}
2022-11-21 18:08:26,849 INFO     操作人:张三 修改成本价 女通扎染背心 {'dy_cost': 0.0, 'pdd_cost': 14.6}
2022-11-21 18:08:26,896 INFO     操作人:张三 修改成本价 女通通肩重磅短袖 {'dy_cost': 20.8, 'pdd_cost': 19.249}
2022-11-21 18:08:26,944 INFO     操作人:张三 修改成本价 男插肩防晒衣 {'dy_cost': 0.0, 'pdd_cost': 17.5}
2022-11-21 18:08:26,991 INFO     操作人:张三 修改成本价 女通撞色条纹短袖 {'dy_cost': 28.12, 'pdd_cost': 16.95}
2022-11-21 18:08:27,039 INFO     操作人:张三 修改成本价 女方领拉架T {'dy_cost': 0.0, 'pdd_cost': 12.0}
2022-11-21 18:08:27,087 INFO     操作人:张三 修改成本价 女高腰撞色拉架T {'dy_cost': 0.0, 'pdd_cost': 12.0}
2022-11-21 18:08:27,135 INFO     操作人:张三 修改成本价 女半高领复合 {'dy_cost': 0.0, 'pdd_cost': 27.7}
2022-11-21 18:08:27,192 INFO     操作人:张三 修改成本价 男女中长连帽毛圈 {'dy_cost': 34.87, 'pdd_cost': 29.6364}
2022-11-21 18:08:27,240 INFO     操作人:张三 修改成本价 男女中长连帽复合 {'dy_cost': 36.79, 'pdd_cost': 33.5455}
2022-11-21 18:08:27,288 INFO     操作人:张三 修改成本价 女高腰连帽毛圈 {'dy_cost': 0.0, 'pdd_cost': 23.9091}
2022-11-21 18:08:27,336 INFO     操作人:张三 修改成本价 男女中长圆领毛圈 {'dy_cost': 26.88, 'pdd_cost': 23.5455}
2022-11-21 18:08:27,384 INFO     操作人:张三 修改成本价 男女中长圆领复合 {'dy_cost': 28.58, 'pdd_cost': 25.6364}
2022-11-21 18:08:27,432 INFO     操作人:张三 修改成本价 女中长连帽羊羔绒 {'dy_cost': 47.86, 'pdd_cost': 36.5}
2022-11-21 18:08:27,480 INFO     操作人:张三 修改成本价 男女毛圈开衫 {'dy_cost': 36.97, 'pdd_cost': 33.0}
2022-11-21 18:08:27,528 INFO     操作人:张三 修改成本价 男女复合开衫 {'dy_cost': 39.79, 'pdd_cost': 35.7273}
2022-12-03 11:30:28,393 INFO     操作人:张三 修改成本价 男连帽毛圈 {'dy_cost': 32.2}
2022-12-03 11:30:28,455 INFO     操作人:张三 修改成本价 男圆领毛圈 {'dy_cost': 27.2}
2022-12-03 11:30:28,510 INFO     操作人:张三 修改成本价 男毛圈开衫 {'dy_cost': 37.6}
2022-12-03 11:30:28,565 INFO     操作人:张三 修改成本价 男圆领复合 {'dy_cost': 29.9}
2022-12-03 11:30:28,621 INFO     操作人:张三 修改成本价 男连帽复合 {'dy_cost': 36.6}
2022-12-03 11:30:28,677 INFO     操作人:张三 修改成本价 男复合开衫 {'dy_cost': 39.4}
2022-12-03 11:30:28,732 INFO     操作人:张三 修改成本价 男连帽羊羔绒 {'dy_cost': 35.4}
2022-12-03 11:30:28,787 INFO     操作人:张三 修改成本价 女半高领复合 {'dy_cost': 27.7}
2022-12-03 11:30:28,842 INFO     操作人:张三 修改成本价 男女中长连帽毛圈 {'dy_cost': 32.5}
2022-12-03 11:30:28,897 INFO     操作人:张三 修改成本价 男女中长连帽复合 {'dy_cost': 36.8}
2022-12-03 11:30:28,950 INFO     操作人:张三 修改成本价 男女中长圆领毛圈 {'dy_cost': 25.8}
2022-12-03 11:30:29,005 INFO     操作人:张三 修改成本价 男女中长圆领复合 {'dy_cost': 28.1}
2022-12-03 11:30:29,060 INFO     操作人:张三 修改成本价 女中长连帽羊羔绒 {'dy_cost': 36.5}
2022-12-03 11:30:29,117 INFO     操作人:张三 修改成本价 男女毛圈开衫 {'dy_cost': 36.2}
2022-12-03 11:30:29,209 INFO     操作人:张三 修改成本价 男女复合开衫 {'dy_cost': 39.2}
